【登录信息】
*5e4f19f5be6b017c0be348046887fd81*
`登陆天数: 157天 / 1455天
等级: 158
石头: 1037
呼符: 60
体力: 34.28 / 144
友情点: 275 / 7441585`
*連続ログイン3日目
※ログインが途切れるか、7日到達すると
1日目から再開されます*
`叡智の業火 X 1
1月交換券(2024) X 1
`*2024年お正月キャンペーン　三が日限定ログインボーナス*
*開催期間中、三が日限定のログインボーナスをプレゼント！*
`叡智の業火 X 30
QP X 10000000
`_2023-12-31 19:35:54_
--------
*42599fb8710d8712d74990f3270a9dcb*
`登陆天数: 160天 / 1387天
等级: 141
石头: 4230
呼符: 58
体力: 24.946666666666673 / 140
友情点: 0 / 9873965`
*連続ログイン6日目
※ログインが途切れるか、7日到達すると
1日目から再開されます*
`聖晶石 X 2
1月交換券(2024) X 1
`*2024年お正月キャンペーン　三が日限定ログインボーナス*
*開催期間中、三が日限定のログインボーナスをプレゼント！*
`叡智の業火 X 30
QP X 10000000
`_2023-12-31 19:36:02_
--------
*e90ade675e1a9ebd16e00fa43d110e6c*
`登陆天数: 129天 / 1350天
等级: 136
石头: 2879
呼符: 95
体力: 1561.2833333333333 / 139
友情点: 400 / 628935`
*連続ログイン3日目
※ログインが途切れるか、7日到達すると
1日目から再開されます*
`叡智の業火 X 1
1月交換券(2024) X 1
`*2024年お正月キャンペーン　三が日限定ログインボーナス*
*開催期間中、三が日限定のログインボーナスをプレゼント！*
`叡智の業火 X 30
QP X 10000000
`_2023-12-31 19:36:11_
--------
