【登录信息】
*5e4f19f5be6b017c0be348046887fd81*
`登陆天数: 158天 / 1456天
等级: 158
石头: 1097
呼符: 75
体力: 50.68666666666667 / 144
友情点: 360 / 7452900`
*連続ログイン4日目
※ログインが途切れるか、7日到達すると
1日目から再開されます*
`聖晶石 X 1
1月交換券(2024) X 1
`*2024年お正月キャンペーン　三が日限定ログインボーナス*
*開催期間中、三が日限定のログインボーナスをプレゼント！*
`伝承結晶 X 1
`_2024-01-01 19:35:34_
--------
*42599fb8710d8712d74990f3270a9dcb*
`登陆天数: 161天 / 1388天
等级: 142
石头: 4289
呼符: 73
体力: 38.846666666666664 / 140
友情点: 0 / 9889785`
*連続ログイン7日間到達おめでとうございます！
明日は1日目からリスタートされます。*
`獣の足跡 X 1
呼符 X 1
1月交換券(2024) X 1
`*2024年お正月キャンペーン　三が日限定ログインボーナス*
*開催期間中、三が日限定のログインボーナスをプレゼント！*
`伝承結晶 X 1
`_2024-01-01 19:35:42_
--------
*e90ade675e1a9ebd16e00fa43d110e6c*
`登陆天数: 130天 / 1351天
等级: 136
石头: 2974
呼符: 113
体力: 142.61 / 139
友情点: 30 / 690730`
*連続ログイン4日目
※ログインが途切れるか、7日到達すると
1日目から再開されます*
`聖晶石 X 1
1月交換券(2024) X 1
`*2024年お正月キャンペーン　三が日限定ログインボーナス*
*開催期間中、三が日限定のログインボーナスをプレゼント！*
`伝承結晶 X 1
`_2024-01-01 19:35:49_
--------
