【登录信息】
*5e4f19f5be6b017c0be348046887fd81*
`登陆天数: 159天 / 1457天
等级: 158
石头: 1097
呼符: 75
体力: 51.66666666666667 / 144
友情点: 20 / 7453475`
*連続ログイン5日目
※ログインが途切れるか、7日到達すると
1日目から再開されます*
`叡智の業火 X 2
1月交換券(2024) X 1
`*2024年お正月キャンペーン　三が日限定ログインボーナス*
*開催期間中、三が日限定のログインボーナスをプレゼント！*
`聖杯 X 1
`_2024-01-02 19:35:46_
--------
*42599fb8710d8712d74990f3270a9dcb*
`登陆天数: 162天 / 1389天
等级: 142
石头: 4336
呼符: 75
体力: 39.39666666666666 / 140
友情点: 0 / 9889995`
*連続ログイン1日目
※ログインが途切れるか、7日到達すると
1日目から再開されます*
`フレンドポイント X 2000
1月交換券(2024) X 1
`*2024年お正月キャンペーン　三が日限定ログインボーナス*
*開催期間中、三が日限定のログインボーナスをプレゼント！*
`聖杯 X 1
`_2024-01-02 19:35:54_
--------
*e90ade675e1a9ebd16e00fa43d110e6c*
`登陆天数: 131天 / 1352天
等级: 136
石头: 2974
呼符: 113
体力: 430.65 / 139
友情点: 0 / 690860`
*連続ログイン5日目
※ログインが途切れるか、7日到達すると
1日目から再開されます*
`叡智の業火 X 2
1月交換券(2024) X 1
`*2024年お正月キャンペーン　三が日限定ログインボーナス*
*開催期間中、三が日限定のログインボーナスをプレゼント！*
`聖杯 X 1
`_2024-01-02 19:36:02_
--------
