【登录信息】
*5e4f19f5be6b017c0be348046887fd81*
`登陆天数: 160天 / 1458天
等级: 158
石头: 1098
呼符: 75
体力: 55.91 / 144
友情点: 30 / 7453870`
*連続ログイン6日目
※ログインが途切れるか、7日到達すると
1日目から再開されます*
`聖晶石 X 2
1月交換券(2024) X 1
`*2024年お正月キャンペーン 10万リポスト達成プレゼント*
*開催期間中、初回ログインでお正月限定概念礼装&2024万QPをプレゼント！*
`ドラゴン・ダンス X 1
QP X 20240000
`_2024-01-03 19:35:50_
--------
*42599fb8710d8712d74990f3270a9dcb*
`登陆天数: 163天 / 1390天
等级: 142
石头: 4337
呼符: 75
体力: 48.55666666666667 / 140
友情点: 0 / 9888220`
*連続ログイン2日目
※ログインが途切れるか、7日到達すると
1日目から再開されます*
`聖晶石 X 1
1月交換券(2024) X 1
`*2024年お正月キャンペーン 10万リポスト達成プレゼント*
*開催期間中、初回ログインでお正月限定概念礼装&2024万QPをプレゼント！*
`ドラゴン・ダンス X 1
QP X 20240000
`_2024-01-03 19:35:58_
--------
*e90ade675e1a9ebd16e00fa43d110e6c*
`登陆天数: 132天 / 1353天
等级: 136
石头: 2974
呼符: 113
体力: 718.6666666666666 / 139
友情点: 10 / 690870`
*連続ログイン6日目
※ログインが途切れるか、7日到達すると
1日目から再開されます*
`聖晶石 X 2
1月交換券(2024) X 1
`*2024年お正月キャンペーン 10万リポスト達成プレゼント*
*開催期間中、初回ログインでお正月限定概念礼装&2024万QPをプレゼント！*
`ドラゴン・ダンス X 1
QP X 20240000
`_2024-01-03 19:36:06_
--------
