【登录信息】
*5e4f19f5be6b017c0be348046887fd81*
`登陆天数: 161天 / 1459天
等级: 158
石头: 1101
呼符: 75
体力: 42.97333333333333 / 144
友情点: 35 / 7452190`
*連続ログイン7日間到達おめでとうございます！
明日は1日目からリスタートされます。*
`獣の足跡 X 1
呼符 X 1
1月交換券(2024) X 1
`_2024-01-04 19:35:55_
--------
*42599fb8710d8712d74990f3270a9dcb*
`登陆天数: 164天 / 1391天
等级: 142
石头: 4338
呼符: 75
体力: 40.870000000000005 / 140
友情点: 0 / 9888370`
*連続ログイン3日目
※ログインが途切れるか、7日到達すると
1日目から再開されます*
`叡智の業火 X 1
1月交換券(2024) X 1
`_2024-01-04 19:36:03_
--------
*e90ade675e1a9ebd16e00fa43d110e6c*
`登陆天数: 133天 / 1354天
等级: 136
石头: 2974
呼符: 113
体力: 1006.6833333333333 / 139
友情点: 85 / 691755`
*連続ログイン7日間到達おめでとうございます！
明日は1日目からリスタートされます。*
`獣の足跡 X 1
呼符 X 1
1月交換券(2024) X 1
`_2024-01-04 19:36:11_
--------
