【登录信息】
*5e4f19f5be6b017c0be348046887fd81*
`登陆天数: 162天 / 1460天
等级: 158
石头: 1105
呼符: 81
体力: 44.20666666666666 / 144
友情点: 20 / 7452900`
*連続ログイン1日目
※ログインが途切れるか、7日到達すると
1日目から再開されます*
`フレンドポイント X 2000
1月交換券(2024) X 1
`_2024-01-05 19:35:44_
--------
*42599fb8710d8712d74990f3270a9dcb*
`登陆天数: 165天 / 1392天
等级: 142
石头: 4341
呼符: 75
体力: 37.39333333333333 / 140
友情点: 70 / 9888780`
*連続ログイン4日目
※ログインが途切れるか、7日到達すると
1日目から再開されます*
`聖晶石 X 1
1月交換券(2024) X 1
`_2024-01-05 19:35:52_
--------
*e90ade675e1a9ebd16e00fa43d110e6c*
`登陆天数: 134天 / 1355天
等级: 136
石头: 2957
呼符: 119
体力: 33.93333333333334 / 139
友情点: 10 / 688150`
*連続ログイン1日目
※ログインが途切れるか、7日到達すると
1日目から再開されます*
`フレンドポイント X 2000
1月交換券(2024) X 1
`_2024-01-05 19:36:00_
--------
