【登录信息】
*5e4f19f5be6b017c0be348046887fd81*
`登陆天数: 164天 / 1462天
等级: 158
石头: 1108
呼符: 81
体力: 41.03333333333333 / 144
友情点: 120 / 7453735`
*連続ログイン3日目
※ログインが途切れるか、7日到達すると
1日目から再開されます*
`叡智の業火 X 1
1月交換券(2024) X 1
`_2024-01-07 19:35:29_
--------
*42599fb8710d8712d74990f3270a9dcb*
`登陆天数: 167天 / 1394天
等级: 142
石头: 4353
呼符: 80
体力: 35.55 / 140
友情点: 0 / 9889440`
*連続ログイン6日目
※ログインが途切れるか、7日到達すると
1日目から再開されます*
`聖晶石 X 2
1月交換券(2024) X 1
`_2024-01-07 19:35:37_
--------
*e90ade675e1a9ebd16e00fa43d110e6c*
`登陆天数: 136天 / 1357天
等级: 136
石头: 2957
呼符: 119
体力: 609.8833333333333 / 139
友情点: 35 / 688210`
*連続ログイン3日目
※ログインが途切れるか、7日到達すると
1日目から再開されます*
`叡智の業火 X 1
1月交換券(2024) X 1
`_2024-01-07 19:35:45_
--------
