【登录信息】
*5e4f19f5be6b017c0be348046887fd81*
`登陆天数: 166天 / 1464天
等级: 158
石头: 1120
呼符: 81
体力: 25.27666666666667 / 144
友情点: 30 / 7454665`
_2024-01-10 05:08:32_
--------
*42599fb8710d8712d74990f3270a9dcb*
`登陆天数: 169天 / 1396天
等级: 142
石头: 4355
呼符: 81
体力: 138.11 / 140
友情点: 50 / 9889890`
*連続ログイン1日目
※ログインが途切れるか、7日到達すると
1日目から再開されます*
`フレンドポイント X 2000
1月交換券(2024) X 1
`_2024-01-10 05:08:40_
--------
*e90ade675e1a9ebd16e00fa43d110e6c*
`登陆天数: 1天 / 1358天
等级: 136
石头: 2957
呼符: 119
体力: 1300.4933333333333 / 139
友情点: 105 / 688315`
*連続ログイン1日目
※ログインが途切れるか、7日到達すると
1日目から再開されます*
`フレンドポイント X 2000
1月交換券(2024) X 1
`_2024-01-10 05:08:48_
--------
