【登录信息】
*5e4f19f5be6b017c0be348046887fd81*
`登陆天数: 167天 / 1465天
等级: 158
石头: 1120
呼符: 81
体力: 47.04333333333334 / 144
友情点: 90 / 7455210`
*連続ログイン6日目
※ログインが途切れるか、7日到達すると
1日目から再開されます*
`聖晶石 X 2
1月交換券(2024) X 1
`*「FGO カルデア・サテライトステーション 2023-2024」宮崎会場開催直前 ログインボーナス*
*開催期間中、1日1回 最大3回 ログインボーナスをプレゼント！*
`黄金の果実 X 1
`_2024-01-10 19:32:47_
--------
*42599fb8710d8712d74990f3270a9dcb*
`登陆天数: 170天 / 1397天
等级: 142
石头: 4355
呼符: 81
体力: 42.63333333333334 / 140
友情点: 0 / 9889890`
*連続ログイン2日目
※ログインが途切れるか、7日到達すると
1日目から再開されます*
`聖晶石 X 1
1月交換券(2024) X 1
`*「FGO カルデア・サテライトステーション 2023-2024」宮崎会場開催直前 ログインボーナス*
*開催期間中、1日1回 最大3回 ログインボーナスをプレゼント！*
`黄金の果実 X 1
`_2024-01-10 19:32:57_
--------
*e90ade675e1a9ebd16e00fa43d110e6c*
`登陆天数: 2天 / 1359天
等级: 136
石头: 2957
呼符: 119
体力: 1473.3533333333332 / 139
友情点: 0 / 688315`
*連続ログイン2日目
※ログインが途切れるか、7日到達すると
1日目から再開されます*
`聖晶石 X 1
1月交換券(2024) X 1
`*「FGO カルデア・サテライトステーション 2023-2024」宮崎会場開催直前 ログインボーナス*
*開催期間中、1日1回 最大3回 ログインボーナスをプレゼント！*
`黄金の果実 X 1
`_2024-01-10 19:33:05_
--------
