【登录信息】
*5e4f19f5be6b017c0be348046887fd81*
`登陆天数: 168天 / 1466天
等级: 158
石头: 1126
呼符: 81
体力: 54.91333333333333 / 144
友情点: 300 / 7455825`
*連続ログイン7日間到達おめでとうございます！
明日は1日目からリスタートされます。*
`獣の足跡 X 1
呼符 X 1
1月交換券(2024) X 1
`*「FGO カルデア・サテライトステーション 2023-2024」宮崎会場開催直前 ログインボーナス*
*開催期間中、1日1回 最大3回 ログインボーナスをプレゼント！*
`黄金の果実 X 1
`_2024-01-11 19:32:46_
--------
*42599fb8710d8712d74990f3270a9dcb*
`登陆天数: 171天 / 1398天
等级: 142
石头: 4364
呼符: 81
体力: 30.406666666666666 / 140
友情点: 0 / 9890775`
*連続ログイン3日目
※ログインが途切れるか、7日到達すると
1日目から再開されます*
`叡智の業火 X 1
1月交換券(2024) X 1
`*「FGO カルデア・サテライトステーション 2023-2024」宮崎会場開催直前 ログインボーナス*
*開催期間中、1日1回 最大3回 ログインボーナスをプレゼント！*
`黄金の果実 X 1
`_2024-01-11 19:32:55_
--------
*e90ade675e1a9ebd16e00fa43d110e6c*
`登陆天数: 3天 / 1360天
等级: 136
石头: 2957
呼符: 119
体力: 185.85666666666668 / 139
友情点: 70 / 688810`
*連続ログイン3日目
※ログインが途切れるか、7日到達すると
1日目から再開されます*
`叡智の業火 X 1
1月交換券(2024) X 1
`*「FGO カルデア・サテライトステーション 2023-2024」宮崎会場開催直前 ログインボーナス*
*開催期間中、1日1回 最大3回 ログインボーナスをプレゼント！*
`黄金の果実 X 1
`_2024-01-11 19:33:03_
--------
