【登录信息】
*5e4f19f5be6b017c0be348046887fd81*
`登陆天数: 169天 / 1467天
等级: 158
石头: 1126
呼符: 81
体力: 62.25666666666666 / 144
友情点: 205 / 7456230`
*連続ログイン1日目
※ログインが途切れるか、7日到達すると
1日目から再開されます*
`フレンドポイント X 2000
1月交換券(2024) X 1
`*「FGO カルデア・サテライトステーション 2023-2024」宮崎会場開催直前 ログインボーナス*
*開催期間中、1日1回 最大3回 ログインボーナスをプレゼント！*
`黄金の果実 X 1
`_2024-01-12 19:32:43_
--------
*42599fb8710d8712d74990f3270a9dcb*
`登陆天数: 172天 / 1399天
等级: 142
石头: 4364
呼符: 81
体力: 41.96666666666667 / 140
友情点: 0 / 9890875`
*連続ログイン4日目
※ログインが途切れるか、7日到達すると
1日目から再開されます*
`聖晶石 X 1
1月交換券(2024) X 1
`*「FGO カルデア・サテライトステーション 2023-2024」宮崎会場開催直前 ログインボーナス*
*開催期間中、1日1回 最大3回 ログインボーナスをプレゼント！*
`黄金の果実 X 1
`_2024-01-12 19:32:52_
--------
*e90ade675e1a9ebd16e00fa43d110e6c*
`登陆天数: 4天 / 1361天
等级: 136
石头: 2957
呼符: 119
体力: 473.8466666666667 / 139
友情点: 30 / 689040`
*連続ログイン4日目
※ログインが途切れるか、7日到達すると
1日目から再開されます*
`聖晶石 X 1
1月交換券(2024) X 1
`*「FGO カルデア・サテライトステーション 2023-2024」宮崎会場開催直前 ログインボーナス*
*開催期間中、1日1回 最大3回 ログインボーナスをプレゼント！*
`黄金の果実 X 1
`_2024-01-12 19:33:00_
--------
