【登录信息】
*5e4f19f5be6b017c0be348046887fd81*
`登陆天数: 170天 / 1468天
等级: 158
石头: 1126
呼符: 82
体力: 70.73666666666666 / 144
友情点: 0 / 7456375`
*連続ログイン2日目
※ログインが途切れるか、7日到達すると
1日目から再開されます*
`聖晶石 X 1
1月交換券(2024) X 1
`*「FGO カルデア・サテライトステーション 2023-2024」宮崎会場開催記念 3万リポスト達成プレゼント*
*開催期間中、初回ログインで「聖晶石×6」をプレゼント！*
`聖晶石 X 6
`_2024-01-13 19:32:32_
--------
*42599fb8710d8712d74990f3270a9dcb*
`登陆天数: 173天 / 1400天
等级: 142
石头: 4364
呼符: 81
体力: 329.93 / 140
友情点: 25 / 9890900`
*連続ログイン5日目
※ログインが途切れるか、7日到達すると
1日目から再開されます*
`叡智の業火 X 2
1月交換券(2024) X 1
`*「FGO カルデア・サテライトステーション 2023-2024」宮崎会場開催記念 3万リポスト達成プレゼント*
*開催期間中、初回ログインで「聖晶石×6」をプレゼント！*
`聖晶石 X 6
`_2024-01-13 19:32:41_
--------
*e90ade675e1a9ebd16e00fa43d110e6c*
`登陆天数: 5天 / 1362天
等级: 136
石头: 2957
呼符: 119
体力: 761.8133333333334 / 139
友情点: 50 / 689090`
*連続ログイン5日目
※ログインが途切れるか、7日到達すると
1日目から再開されます*
`叡智の業火 X 2
1月交換券(2024) X 1
`*「FGO カルデア・サテライトステーション 2023-2024」宮崎会場開催記念 3万リポスト達成プレゼント*
*開催期間中、初回ログインで「聖晶石×6」をプレゼント！*
`聖晶石 X 6
`_2024-01-13 19:32:50_
--------
