【登录信息】
*5e4f19f5be6b017c0be348046887fd81*
`登陆天数: 171天 / 1469天
等级: 158
石头: 1126
呼符: 82
体力: 56.64 / 144
友情点: 60 / 7456640`
*連続ログイン3日目
※ログインが途切れるか、7日到達すると
1日目から再開されます*
`叡智の業火 X 1
1月交換券(2024) X 1
`*Fate/Samurai Remnant×Fate/Grand Order
コラボレーションイベント
開幕直前特別ログインボーナス*
*開催期間中、1日1回 最大7回ログインボーナスをプレゼント！*
`聖晶石 X 1
`_2024-01-14 19:32:43_
--------
*42599fb8710d8712d74990f3270a9dcb*
`登陆天数: 174天 / 1401天
等级: 142
石头: 4366
呼符: 81
体力: 29.060000000000002 / 140
友情点: 0 / 9890985`
*連続ログイン6日目
※ログインが途切れるか、7日到達すると
1日目から再開されます*
`聖晶石 X 2
1月交換券(2024) X 1
`*Fate/Samurai Remnant×Fate/Grand Order
コラボレーションイベント
開幕直前特別ログインボーナス*
*開催期間中、1日1回 最大7回ログインボーナスをプレゼント！*
`聖晶石 X 1
`_2024-01-14 19:32:52_
--------
*e90ade675e1a9ebd16e00fa43d110e6c*
`登陆天数: 6天 / 1363天
等级: 136
石头: 2957
呼符: 119
体力: 1049.8466666666668 / 139
友情点: 75 / 689165`
*連続ログイン6日目
※ログインが途切れるか、7日到達すると
1日目から再開されます*
`聖晶石 X 2
1月交換券(2024) X 1
`*Fate/Samurai Remnant×Fate/Grand Order
コラボレーションイベント
開幕直前特別ログインボーナス*
*開催期間中、1日1回 最大7回ログインボーナスをプレゼント！*
`聖晶石 X 1
`_2024-01-14 19:33:00_
--------
