【登录信息】
*5e4f19f5be6b017c0be348046887fd81*
`登陆天数: 172天 / 1470天
等级: 158
石头: 1126
呼符: 82
体力: 59.93666666666667 / 144
友情点: 40 / 7456990`
*連続ログイン4日目
※ログインが途切れるか、7日到達すると
1日目から再開されます*
`聖晶石 X 1
1月交換券(2024) X 1
`*Fate/Samurai Remnant×Fate/Grand Order
コラボレーションイベント
開幕直前特別ログインボーナス*
*開催期間中、1日1回 最大7回ログインボーナスをプレゼント！*
`QP X 2000000
聖晶石 X 1
`_2024-01-15 19:32:53_
--------
*42599fb8710d8712d74990f3270a9dcb*
`登陆天数: 175天 / 1402天
等级: 142
石头: 4366
呼符: 81
体力: 171.82999999999998 / 140
友情点: 75 / 9891135`
*連続ログイン7日間到達おめでとうございます！
明日は1日目からリスタートされます。*
`獣の足跡 X 1
呼符 X 1
1月交換券(2024) X 1
`*Fate/Samurai Remnant×Fate/Grand Order
コラボレーションイベント
開幕直前特別ログインボーナス*
*開催期間中、1日1回 最大7回ログインボーナスをプレゼント！*
`QP X 2000000
聖晶石 X 1
`_2024-01-15 19:33:02_
--------
*e90ade675e1a9ebd16e00fa43d110e6c*
`登陆天数: 7天 / 1364天
等级: 136
石头: 2957
呼符: 119
体力: 1337.88 / 139
友情点: 50 / 689215`
*連続ログイン7日間到達おめでとうございます！
明日は1日目からリスタートされます。*
`獣の足跡 X 1
呼符 X 1
1月交換券(2024) X 1
`*Fate/Samurai Remnant×Fate/Grand Order
コラボレーションイベント
開幕直前特別ログインボーナス*
*開催期間中、1日1回 最大7回ログインボーナスをプレゼント！*
`QP X 2000000
聖晶石 X 1
`_2024-01-15 19:33:10_
--------
