【登录信息】
*5e4f19f5be6b017c0be348046887fd81*
`登陆天数: 173天 / 1471天
等级: 158
石头: 1126
呼符: 82
体力: 50.68333333333334 / 144
友情点: 130 / 7457290`
*連続ログイン5日目
※ログインが途切れるか、7日到達すると
1日目から再開されます*
`叡智の業火 X 2
1月交換券(2024) X 1
`*Fate/Samurai Remnant×Fate/Grand Order
コラボレーションイベント
開幕直前特別ログインボーナス*
*開催期間中、1日1回 最大7回ログインボーナスをプレゼント！*
`聖晶石 X 1
白銀の果実 X 1
`_2024-01-16 19:32:34_
--------
*42599fb8710d8712d74990f3270a9dcb*
`登陆天数: 176天 / 1403天
等级: 142
石头: 4366
呼符: 81
体力: 45.86333333333333 / 140
友情点: 0 / 9891185`
*連続ログイン1日目
※ログインが途切れるか、7日到達すると
1日目から再開されます*
`フレンドポイント X 2000
1月交換券(2024) X 1
`*Fate/Samurai Remnant×Fate/Grand Order
コラボレーションイベント
開幕直前特別ログインボーナス*
*開催期間中、1日1回 最大7回ログインボーナスをプレゼント！*
`聖晶石 X 1
白銀の果実 X 1
`_2024-01-16 19:32:44_
--------
*e90ade675e1a9ebd16e00fa43d110e6c*
`登陆天数: 8天 / 1365天
等级: 136
石头: 2957
呼符: 119
体力: 1625.82 / 139
友情点: 30 / 689245`
*連続ログイン1日目
※ログインが途切れるか、7日到達すると
1日目から再開されます*
`フレンドポイント X 2000
1月交換券(2024) X 1
`*Fate/Samurai Remnant×Fate/Grand Order
コラボレーションイベント
開幕直前特別ログインボーナス*
*開催期間中、1日1回 最大7回ログインボーナスをプレゼント！*
`聖晶石 X 1
白銀の果実 X 1
`_2024-01-16 19:32:52_
--------
