【登录信息】
*5e4f19f5be6b017c0be348046887fd81*
`登陆天数: 174天 / 1472天
等级: 158
石头: 1128
呼符: 82
体力: 31.21666666666667 / 144
友情点: 70 / 7454530`
*連続ログイン6日目
※ログインが途切れるか、7日到達すると
1日目から再開されます*
`聖晶石 X 2
1月交換券(2024) X 1
`*Fate/Samurai Remnant×Fate/Grand Order
コラボレーションイベント
開幕直前特別ログインボーナス*
*開催期間中、1日1回 最大7回ログインボーナスをプレゼント！*
`英霊結晶・星のフォウくん X 5
聖晶石 X 1
`_2024-01-17 19:32:55_
--------
*42599fb8710d8712d74990f3270a9dcb*
`登陆天数: 177天 / 1404天
等级: 142
石头: 4420
呼符: 82
体力: 30.189999999999998 / 140
友情点: 25 / 9890485`
*連続ログイン2日目
※ログインが途切れるか、7日到達すると
1日目から再開されます*
`聖晶石 X 1
1月交換券(2024) X 1
`*Fate/Samurai Remnant×Fate/Grand Order
コラボレーションイベント
開幕直前特別ログインボーナス*
*開催期間中、1日1回 最大7回ログインボーナスをプレゼント！*
`英霊結晶・星のフォウくん X 5
聖晶石 X 1
`_2024-01-17 19:33:04_
--------
*e90ade675e1a9ebd16e00fa43d110e6c*
`登陆天数: 9天 / 1366天
等级: 136
石头: 2736
呼符: 120
体力: 37.67 / 139
友情点: 75 / 690600`
*連続ログイン2日目
※ログインが途切れるか、7日到達すると
1日目から再開されます*
`聖晶石 X 1
1月交換券(2024) X 1
`*Fate/Samurai Remnant×Fate/Grand Order
コラボレーションイベント
開幕直前特別ログインボーナス*
*開催期間中、1日1回 最大7回ログインボーナスをプレゼント！*
`英霊結晶・星のフォウくん X 5
聖晶石 X 1
`_2024-01-17 19:33:12_
--------
