【登录信息】
*5e4f19f5be6b017c0be348046887fd81*
`登陆天数: 175天 / 1473天
等级: 158
石头: 1130
呼符: 82
体力: 29.680000000000007 / 144
友情点: 90 / 7456200`
*連続ログイン7日間到達おめでとうございます！
明日は1日目からリスタートされます。*
`獣の足跡 X 1
呼符 X 1
1月交換券(2024) X 1
`*Fate/Samurai Remnant×Fate/Grand Order
コラボレーションイベント
開幕直前特別ログインボーナス*
*開催期間中、1日1回 最大7回ログインボーナスをプレゼント！*
`英霊結晶・太陽のフォウくん X 5
聖晶石 X 1
`_2024-01-18 19:32:45_
--------
*42599fb8710d8712d74990f3270a9dcb*
`登陆天数: 178天 / 1405天
等级: 142
石头: 4429
呼符: 82
体力: 27.00666666666666 / 140
友情点: 0 / 9892560`
*連続ログイン3日目
※ログインが途切れるか、7日到達すると
1日目から再開されます*
`叡智の業火 X 1
1月交換券(2024) X 1
`*Fate/Samurai Remnant×Fate/Grand Order
コラボレーションイベント
開幕直前特別ログインボーナス*
*開催期間中、1日1回 最大7回ログインボーナスをプレゼント！*
`英霊結晶・太陽のフォウくん X 5
聖晶石 X 1
`_2024-01-18 19:32:54_
--------
*e90ade675e1a9ebd16e00fa43d110e6c*
`登陆天数: 10天 / 1367天
等级: 136
石头: 2736
呼符: 120
体力: 174.20666666666665 / 139
友情点: 50 / 687460`
*連続ログイン3日目
※ログインが途切れるか、7日到達すると
1日目から再開されます*
`叡智の業火 X 1
1月交換券(2024) X 1
`*Fate/Samurai Remnant×Fate/Grand Order
コラボレーションイベント
開幕直前特別ログインボーナス*
*開催期間中、1日1回 最大7回ログインボーナスをプレゼント！*
`英霊結晶・太陽のフォウくん X 5
聖晶石 X 1
`_2024-01-18 19:33:02_
--------
