【登录信息】
*5e4f19f5be6b017c0be348046887fd81*
`登陆天数: 176天 / 1474天
等级: 158
石头: 1132
呼符: 82
体力: 43.16 / 144
友情点: 30 / 7458855`
*連続ログイン1日目
※ログインが途切れるか、7日到達すると
1日目から再開されます*
`フレンドポイント X 2000
1月交換券(2024) X 1
`*Fate/Samurai Remnant×Fate/Grand Order
コラボレーションイベント
開幕直前特別ログインボーナス*
*開催期間中、1日1回 最大7回ログインボーナスをプレゼント！*
`聖晶石 X 1
マナプリズム X 50
`_2024-01-19 19:32:38_
--------
*42599fb8710d8712d74990f3270a9dcb*
`登陆天数: 179天 / 1406天
等级: 142
石头: 4432
呼符: 82
体力: 39.86666666666666 / 140
友情点: 0 / 9895135`
*連続ログイン4日目
※ログインが途切れるか、7日到達すると
1日目から再開されます*
`聖晶石 X 1
1月交換券(2024) X 1
`*Fate/Samurai Remnant×Fate/Grand Order
コラボレーションイベント
開幕直前特別ログインボーナス*
*開催期間中、1日1回 最大7回ログインボーナスをプレゼント！*
`聖晶石 X 1
マナプリズム X 50
`_2024-01-19 19:32:47_
--------
*e90ade675e1a9ebd16e00fa43d110e6c*
`登陆天数: 11天 / 1368天
等级: 136
石头: 2736
呼符: 120
体力: 462.18333333333334 / 139
友情点: 200 / 687660`
*連続ログイン4日目
※ログインが途切れるか、7日到達すると
1日目から再開されます*
`聖晶石 X 1
1月交換券(2024) X 1
`*Fate/Samurai Remnant×Fate/Grand Order
コラボレーションイベント
開幕直前特別ログインボーナス*
*開催期間中、1日1回 最大7回ログインボーナスをプレゼント！*
`聖晶石 X 1
マナプリズム X 50
`_2024-01-19 19:32:55_
--------
