【登录信息】
*5e4f19f5be6b017c0be348046887fd81*
`登陆天数: 177天 / 1475天
等级: 158
石头: 1164
呼符: 83
体力: 37.873333333333335 / 144
友情点: 90 / 7460790`
*連続ログイン2日目
※ログインが途切れるか、7日到達すると
1日目から再開されます*
`聖晶石 X 1
1月交換券(2024) X 1
`*盈月剣風帖開幕記念 ログインボーナス*
*開催期間中、1日1回 最大21回ログインボーナスをプレゼント！*
`白銀の果実 X 1
`_2024-01-20 19:32:36_
--------
*42599fb8710d8712d74990f3270a9dcb*
`登陆天数: 180天 / 1407天
等级: 142
石头: 4434
呼符: 82
体力: 43.19333333333333 / 140
友情点: 0 / 9897685`
*連続ログイン5日目
※ログインが途切れるか、7日到達すると
1日目から再開されます*
`叡智の業火 X 2
1月交換券(2024) X 1
`*盈月剣風帖開幕記念 ログインボーナス*
*開催期間中、1日1回 最大21回ログインボーナスをプレゼント！*
`白銀の果実 X 1
`_2024-01-20 19:32:45_
--------
*e90ade675e1a9ebd16e00fa43d110e6c*
`登陆天数: 12天 / 1369天
等级: 136
石头: 2736
呼符: 120
体力: 750.1766666666666 / 139
友情点: 185 / 687845`
*連続ログイン5日目
※ログインが途切れるか、7日到達すると
1日目から再開されます*
`叡智の業火 X 2
1月交換券(2024) X 1
`*盈月剣風帖開幕記念 ログインボーナス*
*開催期間中、1日1回 最大21回ログインボーナスをプレゼント！*
`白銀の果実 X 1
`_2024-01-20 19:32:53_
--------
