【登录信息】
*5e4f19f5be6b017c0be348046887fd81*
`登陆天数: 178天 / 1476天
等级: 158
石头: 1166
呼符: 84
体力: 52.94333333333333 / 144
友情点: 0 / 7463515`
*連続ログイン3日目
※ログインが途切れるか、7日到達すると
1日目から再開されます*
`叡智の業火 X 1
1月交換券(2024) X 1
`*盈月剣風帖開幕記念 ログインボーナス*
*開催期間中、1日1回 最大21回ログインボーナスをプレゼント！*
`白銀の果実 X 1
`_2024-01-21 19:32:35_
--------
*42599fb8710d8712d74990f3270a9dcb*
`登陆天数: 181天 / 1408天
等级: 142
石头: 4438
呼符: 83
体力: 50.18666666666667 / 140
友情点: 0 / 9900710`
*連続ログイン6日目
※ログインが途切れるか、7日到達すると
1日目から再開されます*
`聖晶石 X 2
1月交換券(2024) X 1
`*盈月剣風帖開幕記念 ログインボーナス*
*開催期間中、1日1回 最大21回ログインボーナスをプレゼント！*
`白銀の果実 X 1
`_2024-01-21 19:32:43_
--------
*e90ade675e1a9ebd16e00fa43d110e6c*
`登陆天数: 13天 / 1370天
等级: 136
石头: 2736
呼符: 120
体力: 1038.1733333333332 / 139
友情点: 175 / 688020`
*連続ログイン6日目
※ログインが途切れるか、7日到達すると
1日目から再開されます*
`聖晶石 X 2
1月交換券(2024) X 1
`*盈月剣風帖開幕記念 ログインボーナス*
*開催期間中、1日1回 最大21回ログインボーナスをプレゼント！*
`白銀の果実 X 1
`_2024-01-21 19:32:52_
--------
