【登录信息】
*5e4f19f5be6b017c0be348046887fd81*
`登陆天数: 179天 / 1477天
等级: 158
石头: 1171
呼符: 84
体力: 53.876666666666665 / 144
友情点: 60 / 7464970`
*連続ログイン4日目
※ログインが途切れるか、7日到達すると
1日目から再開されます*
`聖晶石 X 1
1月交換券(2024) X 1
`*盈月剣風帖開幕記念 ログインボーナス*
*開催期間中、1日1回 最大21回ログインボーナスをプレゼント！*
`白銀の果実 X 1
`_2024-01-22 19:32:46_
--------
*42599fb8710d8712d74990f3270a9dcb*
`登陆天数: 182天 / 1409天
等级: 142
石头: 4452
呼符: 83
体力: 52.69 / 140
友情点: 0 / 9901935`
*連続ログイン7日間到達おめでとうございます！
明日は1日目からリスタートされます。*
`獣の足跡 X 1
呼符 X 1
1月交換券(2024) X 1
`*盈月剣風帖開幕記念 ログインボーナス*
*開催期間中、1日1回 最大21回ログインボーナスをプレゼント！*
`白銀の果実 X 1
`_2024-01-22 19:32:55_
--------
*e90ade675e1a9ebd16e00fa43d110e6c*
`登陆天数: 14天 / 1371天
等级: 136
石头: 2736
呼符: 120
体力: 1326.2133333333334 / 139
友情点: 145 / 688165`
*連続ログイン7日間到達おめでとうございます！
明日は1日目からリスタートされます。*
`獣の足跡 X 1
呼符 X 1
1月交換券(2024) X 1
`*リリース3100日突破キャンペーン 初回ログインボーナス*
*開催期間中、初回ログインで「聖晶石×10」をプレゼント！*
`聖晶石 X 10
`_2024-01-22 19:33:03_
--------
