【登录信息】
*5e4f19f5be6b017c0be348046887fd81*
`登陆天数: 180天 / 1478天
等级: 158
石头: 1187
呼符: 85
体力: 53.58666666666667 / 144
友情点: 40 / 7466595`
*連続ログイン5日目
※ログインが途切れるか、7日到達すると
1日目から再開されます*
`叡智の業火 X 2
1月交換券(2024) X 1
`*盈月剣風帖開幕記念 ログインボーナス*
*開催期間中、1日1回 最大21回ログインボーナスをプレゼント！*
`黄金の果実 X 1
`_2024-01-23 19:32:42_
--------
*42599fb8710d8712d74990f3270a9dcb*
`登陆天数: 183天 / 1410天
等级: 142
石头: 4454
呼符: 84
体力: 49.123333333333335 / 140
友情点: 0 / 9903735`
*連続ログイン1日目
※ログインが途切れるか、7日到達すると
1日目から再開されます*
`フレンドポイント X 2000
1月交換券(2024) X 1
`*盈月剣風帖開幕記念 ログインボーナス*
*開催期間中、1日1回 最大21回ログインボーナスをプレゼント！*
`黄金の果実 X 1
`_2024-01-23 19:32:52_
--------
*e90ade675e1a9ebd16e00fa43d110e6c*
`登陆天数: 15天 / 1372天
等级: 136
石头: 2736
呼符: 120
体力: 1614.2 / 139
友情点: 20 / 688195`
*連続ログイン1日目
※ログインが途切れるか、7日到達すると
1日目から再開されます*
`フレンドポイント X 2000
1月交換券(2024) X 1
`*盈月剣風帖開幕記念 ログインボーナス*
*開催期間中、1日1回 最大21回ログインボーナスをプレゼント！*
`黄金の果実 X 1
`_2024-01-23 19:33:00_
--------
