【登录信息】
*5e4f19f5be6b017c0be348046887fd81*
`登陆天数: 181天 / 1479天
等级: 158
石头: 1190
呼符: 85
体力: 55.19 / 144
友情点: 0 / 7467485`
*連続ログイン6日目
※ログインが途切れるか、7日到達すると
1日目から再開されます*
`聖晶石 X 2
1月交換券(2024) X 1
`*盈月剣風帖開幕記念 ログインボーナス*
*開催期間中、1日1回 最大21回ログインボーナスをプレゼント！*
`白銀の果実 X 1
`_2024-01-24 19:32:46_
--------
*42599fb8710d8712d74990f3270a9dcb*
`登陆天数: 184天 / 1411天
等级: 142
石头: 4457
呼符: 85
体力: 41.70333333333333 / 140
友情点: 0 / 9907310`
*連続ログイン2日目
※ログインが途切れるか、7日到達すると
1日目から再開されます*
`聖晶石 X 1
1月交換券(2024) X 1
`*盈月剣風帖開幕記念 ログインボーナス*
*開催期間中、1日1回 最大21回ログインボーナスをプレゼント！*
`白銀の果実 X 1
`_2024-01-24 19:32:55_
--------
*e90ade675e1a9ebd16e00fa43d110e6c*
`登陆天数: 16天 / 1373天
等级: 136
石头: 2736
呼符: 120
体力: 1902.21 / 139
友情点: 50 / 688245`
*連続ログイン2日目
※ログインが途切れるか、7日到達すると
1日目から再開されます*
`聖晶石 X 1
1月交換券(2024) X 1
`*盈月剣風帖開幕記念 ログインボーナス*
*開催期間中、1日1回 最大21回ログインボーナスをプレゼント！*
`白銀の果実 X 1
`_2024-01-24 19:33:03_
--------
