【登录信息】
*5e4f19f5be6b017c0be348046887fd81*
`登陆天数: 182天 / 1480天
等级: 158
石头: 1190
呼符: 85
体力: 87.15666666666667 / 144
友情点: 30 / 7468675`
*連続ログイン7日間到達おめでとうございます！
明日は1日目からリスタートされます。*
`獣の足跡 X 1
呼符 X 1
1月交換券(2024) X 1
`*盈月剣風帖開幕記念 ログインボーナス*
*開催期間中、1日1回 最大21回ログインボーナスをプレゼント！*
`白銀の果実 X 1
`_2024-01-25 19:32:40_
--------
*42599fb8710d8712d74990f3270a9dcb*
`登陆天数: 185天 / 1412天
等级: 142
石头: 4457
呼符: 85
体力: 84.53 / 140
友情点: 0 / 9908660`
*連続ログイン3日目
※ログインが途切れるか、7日到達すると
1日目から再開されます*
`叡智の業火 X 1
1月交換券(2024) X 1
`*盈月剣風帖開幕記念 ログインボーナス*
*開催期間中、1日1回 最大21回ログインボーナスをプレゼント！*
`白銀の果実 X 1
`_2024-01-25 19:32:50_
--------
*e90ade675e1a9ebd16e00fa43d110e6c*
`登陆天数: 17天 / 1374天
等级: 136
石头: 2741
呼符: 120
体力: 185.36 / 139
友情点: 100 / 692820`
*連続ログイン3日目
※ログインが途切れるか、7日到達すると
1日目から再開されます*
`叡智の業火 X 1
1月交換券(2024) X 1
`*盈月剣風帖開幕記念 ログインボーナス*
*開催期間中、1日1回 最大21回ログインボーナスをプレゼント！*
`白銀の果実 X 1
`_2024-01-25 19:32:58_
--------
