【登录信息】
*5e4f19f5be6b017c0be348046887fd81*
`登陆天数: 183天 / 1481天
等级: 158
石头: 1190
呼符: 85
体力: 49.45 / 144
友情点: 270 / 7470200`
*連続ログイン1日目
※ログインが途切れるか、7日到達すると
1日目から再開されます*
`フレンドポイント X 2000
1月交換券(2024) X 1
`*盈月剣風帖開幕記念 ログインボーナス*
*開催期間中、1日1回 最大21回ログインボーナスをプレゼント！*
`白銀の果実 X 1
`_2024-01-26 19:32:37_
--------
*42599fb8710d8712d74990f3270a9dcb*
`登陆天数: 186天 / 1413天
等级: 142
石头: 4457
呼符: 85
体力: 46.25333333333333 / 140
友情点: 0 / 9910010`
*連続ログイン4日目
※ログインが途切れるか、7日到達すると
1日目から再開されます*
`聖晶石 X 1
1月交換券(2024) X 1
`*盈月剣風帖開幕記念 ログインボーナス*
*開催期間中、1日1回 最大21回ログインボーナスをプレゼント！*
`白銀の果実 X 1
`_2024-01-26 19:32:45_
--------
*e90ade675e1a9ebd16e00fa43d110e6c*
`登陆天数: 18天 / 1375天
等级: 136
石头: 2777
呼符: 123
体力: 96.97999999999999 / 139
友情点: 150 / 715470`
*連続ログイン4日目
※ログインが途切れるか、7日到達すると
1日目から再開されます*
`聖晶石 X 1
1月交換券(2024) X 1
`*盈月剣風帖開幕記念 ログインボーナス*
*開催期間中、1日1回 最大21回ログインボーナスをプレゼント！*
`白銀の果実 X 1
`_2024-01-26 19:32:54_
--------
