【登录信息】
*5e4f19f5be6b017c0be348046887fd81*
`登陆天数: 184天 / 1482天
等级: 158
石头: 1190
呼符: 85
体力: 68.45 / 144
友情点: 70 / 7471125`
*連続ログイン2日目
※ログインが途切れるか、7日到達すると
1日目から再開されます*
`聖晶石 X 1
1月交換券(2024) X 1
`*盈月剣風帖開幕記念 ログインボーナス*
*開催期間中、1日1回 最大21回ログインボーナスをプレゼント！*
`白銀の果実 X 1
`_2024-01-27 19:32:30_
--------
*42599fb8710d8712d74990f3270a9dcb*
`登陆天数: 187天 / 1414天
等级: 142
石头: 4457
呼符: 85
体力: 65.59 / 140
友情点: 0 / 9910835`
*連続ログイン5日目
※ログインが途切れるか、7日到達すると
1日目から再開されます*
`叡智の業火 X 2
1月交換券(2024) X 1
`*盈月剣風帖開幕記念 ログインボーナス*
*開催期間中、1日1回 最大21回ログインボーナスをプレゼント！*
`白銀の果実 X 1
`_2024-01-27 19:32:39_
--------
*e90ade675e1a9ebd16e00fa43d110e6c*
`登陆天数: 19天 / 1376天
等级: 136
石头: 2777
呼符: 123
体力: 384.9566666666667 / 139
友情点: 235 / 715705`
*連続ログイン5日目
※ログインが途切れるか、7日到達すると
1日目から再開されます*
`叡智の業火 X 2
1月交換券(2024) X 1
`*盈月剣風帖開幕記念 ログインボーナス*
*開催期間中、1日1回 最大21回ログインボーナスをプレゼント！*
`白銀の果実 X 1
`_2024-01-27 19:32:47_
--------
