【登录信息】
*5e4f19f5be6b017c0be348046887fd81*
`登陆天数: 185天 / 1483天
等级: 158
石头: 1190
呼符: 85
体力: 71.63 / 144
友情点: 20 / 7472135`
*連続ログイン3日目
※ログインが途切れるか、7日到達すると
1日目から再開されます*
`叡智の業火 X 1
1月交換券(2024) X 1
`*盈月剣風帖開幕記念 ログインボーナス*
*開催期間中、1日1回 最大21回ログインボーナスをプレゼント！*
`白銀の果実 X 1
`_2024-01-28 19:32:52_
--------
*42599fb8710d8712d74990f3270a9dcb*
`登陆天数: 188天 / 1415天
等级: 142
石头: 4458
呼符: 85
体力: 68.95666666666666 / 140
友情点: 0 / 9911660`
*連続ログイン6日目
※ログインが途切れるか、7日到達すると
1日目から再開されます*
`聖晶石 X 2
1月交換券(2024) X 1
`*盈月剣風帖開幕記念 ログインボーナス*
*開催期間中、1日1回 最大21回ログインボーナスをプレゼント！*
`白銀の果実 X 1
`_2024-01-28 19:33:01_
--------
*e90ade675e1a9ebd16e00fa43d110e6c*
`登陆天数: 20天 / 1377天
等级: 136
石头: 2777
呼符: 123
体力: 673.0333333333333 / 139
友情点: 190 / 715915`
*連続ログイン6日目
※ログインが途切れるか、7日到達すると
1日目から再開されます*
`聖晶石 X 2
1月交換券(2024) X 1
`*盈月剣風帖開幕記念 ログインボーナス*
*開催期間中、1日1回 最大21回ログインボーナスをプレゼント！*
`白銀の果実 X 1
`_2024-01-28 19:33:09_
--------
