【登录信息】
*5e4f19f5be6b017c0be348046887fd81*
`登陆天数: 186天 / 1484天
等级: 158
石头: 1190
呼符: 85
体力: 65.67333333333333 / 144
友情点: 40 / 7473195`
*連続ログイン4日目
※ログインが途切れるか、7日到達すると
1日目から再開されます*
`聖晶石 X 1
1月交換券(2024) X 1
`*盈月剣風帖開幕記念 ログインボーナス*
*開催期間中、1日1回 最大21回ログインボーナスをプレゼント！*
`白銀の果実 X 1
`_2024-01-29 19:32:35_
--------
*42599fb8710d8712d74990f3270a9dcb*
`登陆天数: 189天 / 1416天
等级: 142
石头: 4458
呼符: 85
体力: 62.790000000000006 / 140
友情点: 0 / 9912835`
*連続ログイン7日間到達おめでとうございます！
明日は1日目からリスタートされます。*
`獣の足跡 X 1
呼符 X 1
1月交換券(2024) X 1
`*盈月剣風帖開幕記念 ログインボーナス*
*開催期間中、1日1回 最大21回ログインボーナスをプレゼント！*
`白銀の果実 X 1
`_2024-01-29 19:32:44_
--------
*e90ade675e1a9ebd16e00fa43d110e6c*
`登陆天数: 21天 / 1378天
等级: 136
石头: 2777
呼符: 123
体力: 960.9766666666667 / 139
友情点: 105 / 716100`
*連続ログイン7日間到達おめでとうございます！
明日は1日目からリスタートされます。*
`獣の足跡 X 1
呼符 X 1
1月交換券(2024) X 1
`*盈月剣風帖開幕記念 ログインボーナス*
*開催期間中、1日1回 最大21回ログインボーナスをプレゼント！*
`白銀の果実 X 1
`_2024-01-29 19:32:53_
--------
