【登录信息】
*5e4f19f5be6b017c0be348046887fd81*
`登陆天数: 187天 / 1485天
等级: 158
石头: 1194
呼符: 86
体力: 66.97 / 144
友情点: 30 / 7477735`
*連続ログイン5日目
※ログインが途切れるか、7日到達すると
1日目から再開されます*
`叡智の業火 X 2
1月交換券(2024) X 1
`*「Fate/stay night」20周年記念特別ログインボーナス*
*開催期間中、1日1回 最大7回ログインボーナスをプレゼント！*
`叡智の猛火 X 20
`_2024-01-30 19:32:57_
--------
*42599fb8710d8712d74990f3270a9dcb*
`登陆天数: 190天 / 1417天
等级: 142
石头: 4461
呼符: 86
体力: 64.60333333333334 / 140
友情点: 0 / 9913660`
*連続ログイン1日目
※ログインが途切れるか、7日到達すると
1日目から再開されます*
`フレンドポイント X 2000
1月交換券(2024) X 1
`*「Fate/stay night」20周年記念特別ログインボーナス*
*開催期間中、1日1回 最大7回ログインボーナスをプレゼント！*
`叡智の猛火 X 20
`_2024-01-30 19:33:06_
--------
*e90ade675e1a9ebd16e00fa43d110e6c*
`登陆天数: 22天 / 1379天
等级: 136
石头: 2777
呼符: 123
体力: 1249.05 / 139
友情点: 215 / 716315`
*連続ログイン1日目
※ログインが途切れるか、7日到達すると
1日目から再開されます*
`フレンドポイント X 2000
1月交換券(2024) X 1
`*「Fate/stay night」20周年記念
「Fate/stay night」サーヴァント特別召喚アイテムプレゼント*
*開催期間中、初回ログインで「Fate/stay night 20th記念特別交換チケット」をプレゼント！*
`Fate/stay night 20th記念特別交換チケット X 1
`_2024-01-30 19:33:14_
--------
