【登录信息】
*5e4f19f5be6b017c0be348046887fd81*
`登陆天数: 69天 / 1771天
等级: 162
石头: 137
呼符: 12
体力: 361.5 / 144
友情点: 25 / 3618090`
*連続ログイン6日目
※ログインが途切れるか、7日到達すると
1日目から再開されます*
`聖晶石 X 2
11月交換券(2024) X 1
`_2024-11-13 17:02:04_
--------
*42599fb8710d8712d74990f3270a9dcb*
`登陆天数: 19天 / 1701天
等级: 146
石头: 4939
呼符: 255
体力: 358.57666666666665 / 141
友情点: 0 / 6709440`
*連続ログイン5日目
※ログインが途切れるか、7日到達すると
1日目から再開されます*
`叡智の業火 X 2
11月交換券(2024) X 1
`_2024-11-13 17:02:13_
--------
*e90ade675e1a9ebd16e00fa43d110e6c*
`登陆天数: 19天 / 1658天
等级: 140
石头: 3028
呼符: 293
体力: 357.77 / 140
友情点: 0 / 524870`
*連続ログイン5日目
※ログインが途切れるか、7日到達すると
1日目から再開されます*
`叡智の業火 X 2
11月交換券(2024) X 1
`_2024-11-13 17:02:22_
--------
