【登录信息】
*5e4f19f5be6b017c0be348046887fd81*
`登陆天数: 72天 / 1774天
等级: 162
石头: 161
呼符: 13
体力: 336.65999999999997 / 144
友情点: 0 / 3618200`
*連続ログイン2日目
※ログインが途切れるか、7日到達すると
1日目から再開されます*
`聖晶石 X 1
11月交換券(2024) X 1
`_2024-11-15 19:30:43_
--------
*42599fb8710d8712d74990f3270a9dcb*
`登陆天数: 22天 / 1704天
等级: 146
石头: 4997
呼符: 256
体力: 357.4 / 141
友情点: 0 / 6709470`
*連続ログイン1日目
※ログインが途切れるか、7日到達すると
1日目から再開されます*
`フレンドポイント X 2000
11月交換券(2024) X 1
`_2024-11-15 19:30:52_
--------
*e90ade675e1a9ebd16e00fa43d110e6c*
`登陆天数: 22天 / 1661天
等级: 140
石头: 3056
呼符: 293
体力: 356.4433333333333 / 140
友情点: 0 / 524870`
*連続ログイン1日目
※ログインが途切れるか、7日到達すると
1日目から再開されます*
`フレンドポイント X 2000
11月交換券(2024) X 1
`_2024-11-15 19:31:01_
--------
