【登录信息】
*5e4f19f5be6b017c0be348046887fd81*
`登陆天数: 74天 / 1776天
等级: 162
石头: 161
呼符: 13
体力: 107.59666666666666 / 144
友情点: 0 / 3618260`
*連続ログイン4日目
※ログインが途切れるか、7日到達すると
1日目から再開されます*
`聖晶石 X 1
11月交換券(2024) X 1
`_2024-11-17 19:30:39_
--------
*42599fb8710d8712d74990f3270a9dcb*
`登陆天数: 24天 / 1706天
等级: 146
石头: 4998
呼符: 257
体力: 114.96000000000001 / 141
友情点: 10 / 6709665`
*連続ログイン3日目
※ログインが途切れるか、7日到達すると
1日目から再開されます*
`叡智の業火 X 1
11月交換券(2024) X 1
`_2024-11-17 19:30:48_
--------
*e90ade675e1a9ebd16e00fa43d110e6c*
`登陆天数: 24天 / 1663天
等级: 140
石头: 3056
呼符: 293
体力: 123.89 / 140
友情点: 0 / 524910`
*連続ログイン3日目
※ログインが途切れるか、7日到達すると
1日目から再開されます*
`叡智の業火 X 1
11月交換券(2024) X 1
`_2024-11-17 19:30:56_
--------
