【登录信息】
*5e4f19f5be6b017c0be348046887fd81*
`登陆天数: 78天 / 1780天
等级: 162
石头: 161
呼符: 13
体力: 1259.6233333333332 / 144
友情点: 0 / 3618260`
*連続ログイン1日目
※ログインが途切れるか、7日到達すると
1日目から再開されます*
`フレンドポイント X 2000
11月交換券(2024) X 1
`_2024-11-21 19:30:47_
--------
*42599fb8710d8712d74990f3270a9dcb*
`登陆天数: 28天 / 1710天
等级: 146
石头: 4998
呼符: 257
体力: 1266.9866666666667 / 141
友情点: 0 / 6709800`
*連続ログイン7日間到達おめでとうございます！
明日は1日目からリスタートされます。*
`獣の足跡 X 1
呼符 X 1
11月交換券(2024) X 1
`_2024-11-21 19:30:56_
--------
*e90ade675e1a9ebd16e00fa43d110e6c*
`登陆天数: 28天 / 1667天
等级: 140
石头: 3056
呼符: 293
体力: 1275.92 / 140
友情点: 0 / 524910`
*連続ログイン7日間到達おめでとうございます！
明日は1日目からリスタートされます。*
`獣の足跡 X 1
呼符 X 1
11月交換券(2024) X 1
`_2024-11-21 19:31:05_
--------
