【登录信息】
*5e4f19f5be6b017c0be348046887fd81*
`登陆天数: 79天 / 1781天
等级: 162
石头: 161
呼符: 13
体力: 1547.7633333333333 / 144
友情点: 0 / 3618260`
*連続ログイン2日目
※ログインが途切れるか、7日到達すると
1日目から再開されます*
`聖晶石 X 1
11月交換券(2024) X 1
`_2024-11-22 19:31:29_
--------
*42599fb8710d8712d74990f3270a9dcb*
`登陆天数: 29天 / 1711天
等级: 146
石头: 4998
呼符: 257
体力: 1555.13 / 141
友情点: 10 / 6709810`
*連続ログイン1日目
※ログインが途切れるか、7日到達すると
1日目から再開されます*
`フレンドポイント X 2000
11月交換券(2024) X 1
`_2024-11-22 19:31:38_
--------
*e90ade675e1a9ebd16e00fa43d110e6c*
`登陆天数: 29天 / 1668天
等级: 140
石头: 3056
呼符: 293
体力: 1564.06 / 140
友情点: 0 / 524910`
*連続ログイン1日目
※ログインが途切れるか、7日到達すると
1日目から再開されます*
`フレンドポイント X 2000
11月交換券(2024) X 1
`_2024-11-22 19:31:47_
--------
