【登录信息】
*5e4f19f5be6b017c0be348046887fd81*
`登陆天数: 85天 / 1787天
等级: 163
石头: 206
呼符: 17
体力: 671.6533333333333 / 145
友情点: 0 / 3619720`
*連続ログイン1日目
※ログインが途切れるか、7日到達すると
1日目から再開されます*
`フレンドポイント X 2000
11月交換券(2024) X 1
`_2024-11-28 19:30:44_
--------
*42599fb8710d8712d74990f3270a9dcb*
`登陆天数: 35天 / 1717天
等级: 146
石头: 5040
呼符: 261
体力: 708.3866666666667 / 141
友情点: 0 / 6714365`
*連続ログイン7日間到達おめでとうございます！
明日は1日目からリスタートされます。*
`獣の足跡 X 1
呼符 X 1
11月交換券(2024) X 1
`_2024-11-28 19:30:54_
--------
*e90ade675e1a9ebd16e00fa43d110e6c*
`登陆天数: 35天 / 1674天
等级: 141
石头: 3096
呼符: 297
体力: 707.8733333333333 / 140
友情点: 0 / 525755`
*連続ログイン7日間到達おめでとうございます！
明日は1日目からリスタートされます。*
`獣の足跡 X 1
呼符 X 1
11月交換券(2024) X 1
`_2024-11-28 19:31:02_
--------
