【登录信息】
*5e4f19f5be6b017c0be348046887fd81*
`登陆天数: 86天 / 1788天
等级: 163
石头: 212
呼符: 18
体力: 64.73333333333333 / 145
友情点: 25 / 3623705`
*連続ログイン2日目
※ログインが途切れるか、7日到達すると
1日目から再開されます*
`聖晶石 X 1
11月交換券(2024) X 1
`_2024-11-29 19:30:36_
--------
*42599fb8710d8712d74990f3270a9dcb*
`登陆天数: 36天 / 1718天
等级: 146
石头: 5042
呼符: 261
体力: 65.73 / 141
友情点: 75 / 6717285`
*連続ログイン1日目
※ログインが途切れるか、7日到達すると
1日目から再開されます*
`フレンドポイント X 2000
11月交換券(2024) X 1
`_2024-11-29 19:30:45_
--------
*e90ade675e1a9ebd16e00fa43d110e6c*
`登陆天数: 36天 / 1675天
等级: 141
石头: 3110
呼符: 297
体力: 65.78 / 140
友情点: 0 / 527750`
*連続ログイン1日目
※ログインが途切れるか、7日到達すると
1日目から再開されます*
`フレンドポイント X 2000
11月交換券(2024) X 1
`_2024-11-29 19:30:54_
--------
