【登录信息】
*5e4f19f5be6b017c0be348046887fd81*
`登陆天数: 271天 / 1569天
等级: 160
石头: 380
呼符: 126
体力: 261.7966666666667 / 144
友情点: 50 / 7496230`
*連続ログイン5日目
※ログインが途切れるか、7日到達すると
1日目から再開されます*
`叡智の業火 X 2
4月交換券(2024) X 1
`_2024-04-24 09:48:29_
--------
*42599fb8710d8712d74990f3270a9dcb*
`登陆天数: 274天 / 1501天
等级: 143
石头: 4900
呼符: 128
体力: 259.42 / 141
友情点: 0 / 9937065`
*連続ログイン1日目
※ログインが途切れるか、7日到達すると
1日目から再開されます*
`フレンドポイント X 2000
4月交換券(2024) X 1
`_2024-04-24 09:48:38_
--------
*e90ade675e1a9ebd16e00fa43d110e6c*
`登陆天数: 68天 / 1461天
等级: 137
石头: 2844
呼符: 165
体力: 257.3466666666667 / 140
友情点: 10 / 754385`
*連続ログイン5日目
※ログインが途切れるか、7日到達すると
1日目から再開されます*
`叡智の業火 X 2
4月交換券(2024) X 1
`_2024-04-24 09:48:46_
--------
