【登录信息】
*5e4f19f5be6b017c0be348046887fd81*
`登陆天数: 272天 / 1570天
等级: 160
石头: 380
呼符: 126
体力: 378.6433333333333 / 144
友情点: 150 / 7496580`
*連続ログイン6日目
※ログインが途切れるか、7日到達すると
1日目から再開されます*
`聖晶石 X 2
4月交換券(2024) X 1
`_2024-04-24 19:32:43_
--------
*42599fb8710d8712d74990f3270a9dcb*
`登陆天数: 275天 / 1502天
等级: 143
石头: 4900
呼符: 128
体力: 40.36 / 141
友情点: 120 / 9937235`
*連続ログイン2日目
※ログインが途切れるか、7日到達すると
1日目から再開されます*
`聖晶石 X 1
4月交換券(2024) X 1
`_2024-04-24 19:32:52_
--------
*e90ade675e1a9ebd16e00fa43d110e6c*
`登陆天数: 69天 / 1462天
等级: 137
石头: 2844
呼符: 165
体力: 374.2 / 140
友情点: 120 / 754515`
*連続ログイン6日目
※ログインが途切れるか、7日到達すると
1日目から再開されます*
`聖晶石 X 2
4月交換券(2024) X 1
`_2024-04-24 19:33:01_
--------
