【登录信息】
*5e4f19f5be6b017c0be348046887fd81*
`登陆天数: 273天 / 1571天
等级: 160
石头: 380
呼符: 126
体力: 666.6 / 144
友情点: 130 / 7496710`
*連続ログイン7日間到達おめでとうございます！
明日は1日目からリスタートされます。*
`獣の足跡 X 1
呼符 X 1
4月交換券(2024) X 1
`_2024-04-25 19:32:31_
--------
*42599fb8710d8712d74990f3270a9dcb*
`登陆天数: 276天 / 1503天
等级: 143
石头: 4900
呼符: 128
体力: 328.31666666666666 / 141
友情点: 130 / 9937365`
*連続ログイン3日目
※ログインが途切れるか、7日到達すると
1日目から再開されます*
`叡智の業火 X 1
4月交換券(2024) X 1
`_2024-04-25 19:32:40_
--------
*e90ade675e1a9ebd16e00fa43d110e6c*
`登陆天数: 70天 / 1463天
等级: 137
石头: 2844
呼符: 165
体力: 662.1533333333333 / 140
友情点: 90 / 754615`
*連続ログイン7日間到達おめでとうございます！
明日は1日目からリスタートされます。*
`獣の足跡 X 1
呼符 X 1
4月交換券(2024) X 1
`_2024-04-25 19:32:48_
--------
