【登录信息】
*5e4f19f5be6b017c0be348046887fd81*
`登陆天数: 188天 / 1486天
等级: 158
石头: 1194
呼符: 86
体力: 46.736666666666665 / 144
友情点: 50 / 7478750`
*連続ログイン6日目
※ログインが途切れるか、7日到達すると
1日目から再開されます*
`聖晶石 X 2
2月交換券(2024) X 1
`*「Fate/stay night」20周年記念
7万リポスト達成プレゼント*
*開催期間中、初回ログインで「聖晶石×20」をプレゼント！*
`聖晶石 X 20
`_2024-01-31 19:32:47_
--------
*42599fb8710d8712d74990f3270a9dcb*
`登陆天数: 191天 / 1418天
等级: 142
石头: 4461
呼符: 86
体力: 44.989999999999995 / 140
友情点: 0 / 9914660`
*連続ログイン2日目
※ログインが途切れるか、7日到達すると
1日目から再開されます*
`聖晶石 X 1
2月交換券(2024) X 1
`*「Fate/stay night」20周年記念
7万リポスト達成プレゼント*
*開催期間中、初回ログインで「聖晶石×20」をプレゼント！*
`聖晶石 X 20
`_2024-01-31 19:32:56_
--------
*e90ade675e1a9ebd16e00fa43d110e6c*
`登陆天数: 23天 / 1380天
等级: 136
石头: 2777
呼符: 123
体力: 1537.0166666666667 / 139
友情点: 185 / 716500`
*連続ログイン2日目
※ログインが途切れるか、7日到達すると
1日目から再開されます*
`聖晶石 X 1
2月交換券(2024) X 1
`*「Fate/stay night」20周年記念
7万リポスト達成プレゼント*
*開催期間中、初回ログインで「聖晶石×20」をプレゼント！*
`聖晶石 X 20
`_2024-01-31 19:33:04_
--------
