【登录信息】
*5e4f19f5be6b017c0be348046887fd81*
`登陆天数: 189天 / 1487天
等级: 158
石头: 1204
呼符: 91
体力: 38.79666666666667 / 144
友情点: 170 / 7479935`
*連続ログイン7日間到達おめでとうございます！
明日は1日目からリスタートされます。*
`獣の足跡 X 1
呼符 X 1
2月交換券(2024) X 1
`*日替りログインボーナス*
*開催期間中、1日1回 2週間日替りでログインボーナスをプレゼント！*
`聖晶石 X 1
巡霊の葉 X 50
`_2024-02-01 19:32:38_
--------
*42599fb8710d8712d74990f3270a9dcb*
`登陆天数: 192天 / 1419天
等级: 142
石头: 4468
呼符: 91
体力: 33.92 / 140
友情点: 0 / 9915310`
*連続ログイン3日目
※ログインが途切れるか、7日到達すると
1日目から再開されます*
`叡智の業火 X 1
2月交換券(2024) X 1
`*日替りログインボーナス*
*開催期間中、1日1回 2週間日替りでログインボーナスをプレゼント！*
`聖晶石 X 1
巡霊の葉 X 50
`_2024-02-01 19:32:49_
--------
*e90ade675e1a9ebd16e00fa43d110e6c*
`登陆天数: 24天 / 1381天
等级: 136
石头: 2777
呼符: 123
体力: 1824.9933333333333 / 139
友情点: 180 / 716680`
*連続ログイン3日目
※ログインが途切れるか、7日到達すると
1日目から再開されます*
`叡智の業火 X 1
2月交換券(2024) X 1
`*日替りログインボーナス*
*開催期間中、1日1回 2週間日替りでログインボーナスをプレゼント！*
`聖晶石 X 1
巡霊の葉 X 50
`_2024-02-01 19:32:57_
--------
