【登录信息】
*5e4f19f5be6b017c0be348046887fd81*
`登陆天数: 190天 / 1488天
等级: 158
石头: 1247
呼符: 92
体力: 127.76333333333334 / 144
友情点: 110 / 7480315`
*連続ログイン1日目
※ログインが途切れるか、7日到達すると
1日目から再開されます*
`フレンドポイント X 2000
2月交換券(2024) X 1
`*日替りログインボーナス*
*開催期間中、1日1回 2週間日替りでログインボーナスをプレゼント！*
`巡霊の葉 X 30
`_2024-02-02 19:32:28_
--------
*42599fb8710d8712d74990f3270a9dcb*
`登陆天数: 193天 / 1420天
等级: 142
石头: 4520
呼符: 91
体力: 119.71000000000001 / 140
友情点: 0 / 9915565`
*連続ログイン4日目
※ログインが途切れるか、7日到達すると
1日目から再開されます*
`聖晶石 X 1
2月交換券(2024) X 1
`*日替りログインボーナス*
*開催期間中、1日1回 2週間日替りでログインボーナスをプレゼント！*
`巡霊の葉 X 30
`_2024-02-02 19:32:38_
--------
*e90ade675e1a9ebd16e00fa43d110e6c*
`登陆天数: 25天 / 1382天
等级: 136
石头: 2822
呼符: 129
体力: 103.20333333333333 / 139
友情点: 10 / 717250`
*連続ログイン4日目
※ログインが途切れるか、7日到達すると
1日目から再開されます*
`聖晶石 X 1
2月交換券(2024) X 1
`*日替りログインボーナス*
*開催期間中、1日1回 2週間日替りでログインボーナスをプレゼント！*
`巡霊の葉 X 30
`_2024-02-02 19:32:46_
--------
