【登录信息】
*5e4f19f5be6b017c0be348046887fd81*
`登陆天数: 191天 / 1489天
等级: 158
石头: 1247
呼符: 92
体力: 61.42 / 144
友情点: 60 / 7481350`
*連続ログイン2日目
※ログインが途切れるか、7日到達すると
1日目から再開されます*
`聖晶石 X 1
2月交換券(2024) X 1
`*日替りログインボーナス*
*開催期間中、1日1回 2週間日替りでログインボーナスをプレゼント！*
`巡霊の葉 X 30
`_2024-02-03 19:32:39_
--------
*42599fb8710d8712d74990f3270a9dcb*
`登陆天数: 194天 / 1421天
等级: 142
石头: 4520
呼符: 91
体力: 57.763333333333335 / 140
友情点: 0 / 9915640`
*連続ログイン5日目
※ログインが途切れるか、7日到達すると
1日目から再開されます*
`叡智の業火 X 2
2月交換券(2024) X 1
`*日替りログインボーナス*
*開催期間中、1日1回 2週間日替りでログインボーナスをプレゼント！*
`巡霊の葉 X 30
`_2024-02-03 19:32:48_
--------
*e90ade675e1a9ebd16e00fa43d110e6c*
`登陆天数: 26天 / 1383天
等级: 136
石头: 2822
呼符: 129
体力: 391.24 / 139
友情点: 0 / 717290`
*連続ログイン5日目
※ログインが途切れるか、7日到達すると
1日目から再開されます*
`叡智の業火 X 2
2月交換券(2024) X 1
`*日替りログインボーナス*
*開催期間中、1日1回 2週間日替りでログインボーナスをプレゼント！*
`巡霊の葉 X 30
`_2024-02-03 19:32:57_
--------
