【登录信息】
*5e4f19f5be6b017c0be348046887fd81*
`登陆天数: 192天 / 1490天
等级: 158
石头: 1247
呼符: 92
体力: 57.263333333333335 / 144
友情点: 0 / 7481495`
*連続ログイン3日目
※ログインが途切れるか、7日到達すると
1日目から再開されます*
`叡智の業火 X 1
2月交換券(2024) X 1
`*日替りログインボーナス*
*開催期間中、1日1回 2週間日替りでログインボーナスをプレゼント！*
`聖晶石 X 1
巡霊の葉 X 80
`_2024-02-04 19:32:29_
--------
*42599fb8710d8712d74990f3270a9dcb*
`登陆天数: 195天 / 1422天
等级: 142
石头: 4520
呼符: 91
体力: 54.24666666666667 / 140
友情点: 0 / 9915715`
*連続ログイン6日目
※ログインが途切れるか、7日到達すると
1日目から再開されます*
`聖晶石 X 2
2月交換券(2024) X 1
`*日替りログインボーナス*
*開催期間中、1日1回 2週間日替りでログインボーナスをプレゼント！*
`聖晶石 X 1
巡霊の葉 X 80
`_2024-02-04 19:32:38_
--------
*e90ade675e1a9ebd16e00fa43d110e6c*
`登陆天数: 27天 / 1384天
等级: 136
石头: 2822
呼符: 129
体力: 679.21 / 139
友情点: 50 / 717380`
*連続ログイン6日目
※ログインが途切れるか、7日到達すると
1日目から再開されます*
`聖晶石 X 2
2月交換券(2024) X 1
`*日替りログインボーナス*
*開催期間中、1日1回 2週間日替りでログインボーナスをプレゼント！*
`聖晶石 X 1
巡霊の葉 X 80
`_2024-02-04 19:32:47_
--------
