【登录信息】
*5e4f19f5be6b017c0be348046887fd81*
`登陆天数: 193天 / 1491天
等级: 158
石头: 1247
呼符: 92
体力: 69.75333333333333 / 144
友情点: 0 / 7481720`
*連続ログイン4日目
※ログインが途切れるか、7日到達すると
1日目から再開されます*
`聖晶石 X 1
2月交換券(2024) X 1
`*日替りログインボーナス*
*開催期間中、1日1回 2週間日替りでログインボーナスをプレゼント！*
`巡霊の葉 X 30
`_2024-02-05 19:32:45_
--------
*42599fb8710d8712d74990f3270a9dcb*
`登陆天数: 196天 / 1423天
等级: 142
石头: 4520
呼符: 91
体力: 66.89333333333333 / 140
友情点: 75 / 9915865`
*連続ログイン7日間到達おめでとうございます！
明日は1日目からリスタートされます。*
`獣の足跡 X 1
呼符 X 1
2月交換券(2024) X 1
`*日替りログインボーナス*
*開催期間中、1日1回 2週間日替りでログインボーナスをプレゼント！*
`巡霊の葉 X 30
`_2024-02-05 19:32:54_
--------
*e90ade675e1a9ebd16e00fa43d110e6c*
`登陆天数: 28天 / 1385天
等级: 136
石头: 2822
呼符: 129
体力: 967.26 / 139
友情点: 70 / 717480`
*連続ログイン7日間到達おめでとうございます！
明日は1日目からリスタートされます。*
`獣の足跡 X 1
呼符 X 1
2月交換券(2024) X 1
`*「Fate/stay night」20周年記念特別ログインボーナス*
*開催期間中、1日1回 最大7回ログインボーナスをプレゼント！*
`聖晶石 X 20
`_2024-02-05 19:33:02_
--------
