【登录信息】
*5e4f19f5be6b017c0be348046887fd81*
`登陆天数: 194天 / 1492天
等级: 158
石头: 1247
呼符: 92
体力: 67.39666666666666 / 144
友情点: 0 / 7481795`
*連続ログイン5日目
※ログインが途切れるか、7日到達すると
1日目から再開されます*
`叡智の業火 X 2
2月交換券(2024) X 1
`*日替りログインボーナス*
*開催期間中、1日1回 2週間日替りでログインボーナスをプレゼント！*
`巡霊の葉 X 30
`_2024-02-06 19:34:10_
--------
*42599fb8710d8712d74990f3270a9dcb*
`登陆天数: 197天 / 1424天
等级: 142
石头: 4520
呼符: 91
体力: 58.25666666666666 / 140
友情点: 75 / 9915940`
*連続ログイン1日目
※ログインが途切れるか、7日到達すると
1日目から再開されます*
`フレンドポイント X 2000
2月交換券(2024) X 1
`*日替りログインボーナス*
*開催期間中、1日1回 2週間日替りでログインボーナスをプレゼント！*
`巡霊の葉 X 30
`_2024-02-06 19:34:19_
--------
*e90ade675e1a9ebd16e00fa43d110e6c*
`登陆天数: 29天 / 1386天
等级: 136
石头: 2822
呼符: 129
体力: 1255.5433333333333 / 139
友情点: 50 / 717530`
*連続ログイン1日目
※ログインが途切れるか、7日到達すると
1日目から再開されます*
`フレンドポイント X 2000
2月交換券(2024) X 1
`*日替りログインボーナス*
*開催期間中、1日1回 2週間日替りでログインボーナスをプレゼント！*
`巡霊の葉 X 30
`_2024-02-06 19:34:27_
--------
