【登录信息】
*5e4f19f5be6b017c0be348046887fd81*
`登陆天数: 195天 / 1493天
等级: 159
石头: 1282
呼符: 92
体力: 58.233333333333334 / 144
友情点: 0 / 7481970`
*連続ログイン6日目
※ログインが途切れるか、7日到達すると
1日目から再開されます*
`聖晶石 X 2
2月交換券(2024) X 1
`*日替りログインボーナス*
*開催期間中、1日1回 2週間日替りでログインボーナスをプレゼント！*
`聖晶石 X 3
巡霊の葉 X 50
`_2024-02-07 19:32:36_
--------
*42599fb8710d8712d74990f3270a9dcb*
`登陆天数: 198天 / 1425天
等级: 142
石头: 4520
呼符: 91
体力: 57.736666666666665 / 140
友情点: 100 / 9916115`
*連続ログイン2日目
※ログインが途切れるか、7日到達すると
1日目から再開されます*
`聖晶石 X 1
2月交換券(2024) X 1
`*日替りログインボーナス*
*開催期間中、1日1回 2週間日替りでログインボーナスをプレゼント！*
`聖晶石 X 3
巡霊の葉 X 50
`_2024-02-07 19:32:45_
--------
*e90ade675e1a9ebd16e00fa43d110e6c*
`登陆天数: 30天 / 1387天
等级: 136
石头: 2822
呼符: 129
体力: 1543.2266666666667 / 139
友情点: 30 / 717610`
*連続ログイン2日目
※ログインが途切れるか、7日到達すると
1日目から再開されます*
`聖晶石 X 1
2月交換券(2024) X 1
`*日替りログインボーナス*
*開催期間中、1日1回 2週間日替りでログインボーナスをプレゼント！*
`聖晶石 X 3
巡霊の葉 X 50
`_2024-02-07 19:32:53_
--------
