【登录信息】
*5e4f19f5be6b017c0be348046887fd81*
`登陆天数: 196天 / 1494天
等级: 159
石头: 1283
呼符: 92
体力: 51.75666666666666 / 144
友情点: 150 / 7482595`
*連続ログイン7日間到達おめでとうございます！
明日は1日目からリスタートされます。*
`獣の足跡 X 1
呼符 X 1
2月交換券(2024) X 1
`*日替りログインボーナス*
*開催期間中、1日1回 2週間日替りでログインボーナスをプレゼント！*
`聖晶石 X 1
巡霊の葉 X 50
`_2024-02-08 19:32:25_
--------
*42599fb8710d8712d74990f3270a9dcb*
`登陆天数: 199天 / 1426天
等级: 142
石头: 4575
呼符: 92
体力: 43.346666666666664 / 140
友情点: 0 / 9916660`
*連続ログイン3日目
※ログインが途切れるか、7日到達すると
1日目から再開されます*
`叡智の業火 X 1
2月交換券(2024) X 1
`*日替りログインボーナス*
*開催期間中、1日1回 2週間日替りでログインボーナスをプレゼント！*
`聖晶石 X 1
巡霊の葉 X 50
`_2024-02-08 19:32:34_
--------
*e90ade675e1a9ebd16e00fa43d110e6c*
`登陆天数: 31天 / 1388天
等级: 136
石头: 2822
呼符: 129
体力: 1831.1866666666667 / 139
友情点: 150 / 717760`
*連続ログイン3日目
※ログインが途切れるか、7日到達すると
1日目から再開されます*
`叡智の業火 X 1
2月交換券(2024) X 1
`*日替りログインボーナス*
*開催期間中、1日1回 2週間日替りでログインボーナスをプレゼント！*
`聖晶石 X 1
巡霊の葉 X 50
`_2024-02-08 19:32:41_
--------
