【登录信息】
*5e4f19f5be6b017c0be348046887fd81*
`登陆天数: 197天 / 1495天
等级: 159
石头: 1288
呼符: 93
体力: 57.74333333333334 / 144
友情点: 0 / 7483120`
*連続ログイン1日目
※ログインが途切れるか、7日到達すると
1日目から再開されます*
`フレンドポイント X 2000
2月交換券(2024) X 1
`*日替りログインボーナス*
*開催期間中、1日1回 2週間日替りでログインボーナスをプレゼント！*
`巡霊の葉 X 30
`_2024-02-09 19:32:26_
--------
*42599fb8710d8712d74990f3270a9dcb*
`登陆天数: 200天 / 1427天
等级: 142
石头: 4578
呼符: 92
体力: 63.903333333333336 / 140
友情点: 0 / 9917180`
*連続ログイン4日目
※ログインが途切れるか、7日到達すると
1日目から再開されます*
`聖晶石 X 1
2月交換券(2024) X 1
`*日替りログインボーナス*
*開催期間中、1日1回 2週間日替りでログインボーナスをプレゼント！*
`巡霊の葉 X 30
`_2024-02-09 19:32:35_
--------
*e90ade675e1a9ebd16e00fa43d110e6c*
`登陆天数: 32天 / 1389天
等级: 136
石头: 2898
呼符: 130
体力: 164.86333333333334 / 139
友情点: 180 / 718825`
*連続ログイン4日目
※ログインが途切れるか、7日到達すると
1日目から再開されます*
`聖晶石 X 1
2月交換券(2024) X 1
`*日替りログインボーナス*
*開催期間中、1日1回 2週間日替りでログインボーナスをプレゼント！*
`巡霊の葉 X 30
`_2024-02-09 19:32:44_
--------
