【登录信息】
*5e4f19f5be6b017c0be348046887fd81*
`登陆天数: 198天 / 1496天
等级: 159
石头: 1288
呼符: 93
体力: 170.05 / 144
友情点: 25 / 7483370`
*連続ログイン2日目
※ログインが途切れるか、7日到達すると
1日目から再開されます*
`聖晶石 X 1
2月交換券(2024) X 1
`*日替りログインボーナス*
*開催期間中、1日1回 2週間日替りでログインボーナスをプレゼント！*
`巡霊の葉 X 30
`_2024-02-10 19:32:29_
--------
*42599fb8710d8712d74990f3270a9dcb*
`登陆天数: 201天 / 1428天
等级: 142
石头: 4578
呼符: 92
体力: 167.5 / 140
友情点: 75 / 9917405`
*連続ログイン5日目
※ログインが途切れるか、7日到達すると
1日目から再開されます*
`叡智の業火 X 2
2月交換券(2024) X 1
`*日替りログインボーナス*
*開催期間中、1日1回 2週間日替りでログインボーナスをプレゼント！*
`巡霊の葉 X 30
`_2024-02-10 19:32:38_
--------
*e90ade675e1a9ebd16e00fa43d110e6c*
`登陆天数: 33天 / 1390天
等级: 136
石头: 2898
呼符: 130
体力: 163.43 / 139
友情点: 130 / 719210`
*連続ログイン5日目
※ログインが途切れるか、7日到達すると
1日目から再開されます*
`叡智の業火 X 2
2月交換券(2024) X 1
`*日替りログインボーナス*
*開催期間中、1日1回 2週間日替りでログインボーナスをプレゼント！*
`巡霊の葉 X 30
`_2024-02-10 19:32:46_
--------
