【登录信息】
*5e4f19f5be6b017c0be348046887fd81*
`登陆天数: 199天 / 1497天
等级: 159
石头: 1288
呼符: 93
体力: 47.8 / 144
友情点: 0 / 7483545`
*連続ログイン3日目
※ログインが途切れるか、7日到達すると
1日目から再開されます*
`叡智の業火 X 1
2月交換券(2024) X 1
`*「FGO カルデア・サテライトステーション 2023-2024」新潟会場開催記念 3万リポスト達成プレゼント*
*開催期間中、初回ログインで「聖晶石×6」をプレゼント！*
`聖晶石 X 6
`_2024-02-11 19:32:41_
--------
*42599fb8710d8712d74990f3270a9dcb*
`登陆天数: 202天 / 1429天
等级: 142
石头: 4578
呼符: 92
体力: 44.7 / 140
友情点: 0 / 9917615`
*連続ログイン6日目
※ログインが途切れるか、7日到達すると
1日目から再開されます*
`聖晶石 X 2
2月交換券(2024) X 1
`*「FGO カルデア・サテライトステーション 2023-2024」新潟会場開催記念 3万リポスト達成プレゼント*
*開催期間中、初回ログインで「聖晶石×6」をプレゼント！*
`聖晶石 X 6
`_2024-02-11 19:32:50_
--------
*e90ade675e1a9ebd16e00fa43d110e6c*
`登陆天数: 34天 / 1391天
等级: 136
石头: 2898
呼符: 130
体力: 451.47 / 139
友情点: 200 / 719410`
*連続ログイン6日目
※ログインが途切れるか、7日到達すると
1日目から再開されます*
`聖晶石 X 2
2月交換券(2024) X 1
`*「FGO カルデア・サテライトステーション 2023-2024」新潟会場開催記念 3万リポスト達成プレゼント*
*開催期間中、初回ログインで「聖晶石×6」をプレゼント！*
`聖晶石 X 6
`_2024-02-11 19:32:59_
--------
