【登录信息】
*5e4f19f5be6b017c0be348046887fd81*
`登陆天数: 200天 / 1498天
等级: 159
石头: 1288
呼符: 93
体力: 54.56999999999999 / 144
友情点: 0 / 7483745`
*連続ログイン4日目
※ログインが途切れるか、7日到達すると
1日目から再開されます*
`聖晶石 X 1
2月交換券(2024) X 1
`*日替りログインボーナス*
*開催期間中、1日1回 2週間日替りでログインボーナスをプレゼント！*
`巡霊の葉 X 30
`_2024-02-12 19:32:49_
--------
*42599fb8710d8712d74990f3270a9dcb*
`登陆天数: 203天 / 1430天
等级: 142
石头: 4578
呼符: 92
体力: 50.82666666666667 / 140
友情点: 0 / 9917825`
*連続ログイン7日間到達おめでとうございます！
明日は1日目からリスタートされます。*
`獣の足跡 X 1
呼符 X 1
2月交換券(2024) X 1
`*日替りログインボーナス*
*開催期間中、1日1回 2週間日替りでログインボーナスをプレゼント！*
`巡霊の葉 X 30
`_2024-02-12 19:32:57_
--------
*e90ade675e1a9ebd16e00fa43d110e6c*
`登陆天数: 35天 / 1392天
等级: 136
石头: 2898
呼符: 130
体力: 739.49 / 139
友情点: 50 / 719460`
*連続ログイン7日間到達おめでとうございます！
明日は1日目からリスタートされます。*
`獣の足跡 X 1
呼符 X 1
2月交換券(2024) X 1
`*日替りログインボーナス*
*開催期間中、1日1回 2週間日替りでログインボーナスをプレゼント！*
`巡霊の葉 X 30
`_2024-02-12 19:33:05_
--------
