【登录信息】
*5e4f19f5be6b017c0be348046887fd81*
`登陆天数: 201天 / 1499天
等级: 159
石头: 1288
呼符: 93
体力: 54.123333333333335 / 144
友情点: 0 / 7483970`
*連続ログイン5日目
※ログインが途切れるか、7日到達すると
1日目から再開されます*
`叡智の業火 X 2
2月交換券(2024) X 1
`*日替りログインボーナス*
*開催期間中、1日1回 2週間日替りでログインボーナスをプレゼント！*
`巡霊の葉 X 30
`_2024-02-13 19:32:31_
--------
*42599fb8710d8712d74990f3270a9dcb*
`登陆天数: 204天 / 1431天
等级: 142
石头: 4578
呼符: 92
体力: 53.093333333333334 / 140
友情点: 0 / 9918050`
*連続ログイン1日目
※ログインが途切れるか、7日到達すると
1日目から再開されます*
`フレンドポイント X 2000
2月交換券(2024) X 1
`*日替りログインボーナス*
*開催期間中、1日1回 2週間日替りでログインボーナスをプレゼント！*
`巡霊の葉 X 30
`_2024-02-13 19:32:40_
--------
*e90ade675e1a9ebd16e00fa43d110e6c*
`登陆天数: 36天 / 1393天
等级: 136
石头: 2898
呼符: 130
体力: 1027.4333333333334 / 139
友情点: 90 / 719550`
*連続ログイン1日目
※ログインが途切れるか、7日到達すると
1日目から再開されます*
`フレンドポイント X 2000
2月交換券(2024) X 1
`*バレンタイン2024
開幕直前特別ログインボーナス*
*開催期間中、1日1回 最大7回ログインボーナスをプレゼント！*
`マナプリズム X 50
`_2024-02-13 19:32:48_
--------
