【登录信息】
*5e4f19f5be6b017c0be348046887fd81*
`登陆天数: 96天 / 1394天
等级: 152
石头: 396
呼符: 30
体力: 49.653333333333336 / 142
友情点: 0 / 9368340`
*連続ログイン5日目
※ログインが途切れるか、7日到達すると
1日目から再開されます*
`叡智の業火 X 2
11月交換券(2023) X 1
`*聖杯戦線 ～白天の城、黒夜の城～開幕記念 ログインボーナス*
*開催期間中、1日1回 最大21回ログインボーナスをプレゼント！*
`黄金の果実 X 1
`_2023-10-31 19:38:06_
--------
*42599fb8710d8712d74990f3270a9dcb*
`登陆天数: 99天 / 1326天
等级: 132
石头: 3629
呼符: 29
体力: 45.35666666666667 / 138
友情点: 0 / 1099980`
*連続ログイン1日目
※ログインが途切れるか、7日到達すると
1日目から再開されます*
`フレンドポイント X 2000
11月交換券(2023) X 1
`*聖杯戦線 ～白天の城、黒夜の城～開幕記念 ログインボーナス*
*開催期間中、1日1回 最大21回ログインボーナスをプレゼント！*
`黄金の果実 X 1
`_2023-10-31 19:38:15_
--------
*e90ade675e1a9ebd16e00fa43d110e6c*
`登陆天数: 68天 / 1289天
等级: 134
石头: 3068
呼符: 68
体力: 76.24666666666667 / 139
友情点: 30 / 180305`
*連続ログイン5日目
※ログインが途切れるか、7日到達すると
1日目から再開されます*
`叡智の業火 X 2
11月交換券(2023) X 1
`*聖杯戦線 ～白天の城、黒夜の城～開幕記念 ログインボーナス*
*開催期間中、1日1回 最大21回ログインボーナスをプレゼント！*
`白銀の果実 X 1
`_2023-10-31 19:38:24_
--------
