【登录信息】
*5e4f19f5be6b017c0be348046887fd81*
`登陆天数: 97天 / 1395天
等级: 152
石头: 396
呼符: 35
体力: 66.01666666666667 / 142
友情点: 0 / 9368340`
*連続ログイン6日目
※ログインが途切れるか、7日到達すると
1日目から再開されます*
`聖晶石 X 2
11月交換券(2023) X 1
`*聖杯戦線 ～白天の城、黒夜の城～開幕記念 ログインボーナス*
*開催期間中、1日1回 最大21回ログインボーナスをプレゼント！*
`白銀の果実 X 1
`_2023-11-01 19:38:20_
--------
*42599fb8710d8712d74990f3270a9dcb*
`登陆天数: 100天 / 1327天
等级: 132
石头: 3629
呼符: 34
体力: 52.29666666666667 / 138
友情点: 0 / 1099980`
*連続ログイン2日目
※ログインが途切れるか、7日到達すると
1日目から再開されます*
`聖晶石 X 1
11月交換券(2023) X 1
`*聖杯戦線 ～白天の城、黒夜の城～開幕記念 ログインボーナス*
*開催期間中、1日1回 最大21回ログインボーナスをプレゼント！*
`白銀の果実 X 1
`_2023-11-01 19:38:28_
--------
*e90ade675e1a9ebd16e00fa43d110e6c*
`登陆天数: 69天 / 1290天
等级: 134
石头: 3068
呼符: 68
体力: 364.28666666666663 / 139
友情点: 150 / 180465`
*連続ログイン6日目
※ログインが途切れるか、7日到達すると
1日目から再開されます*
`聖晶石 X 2
11月交換券(2023) X 1
`*聖杯戦線 ～白天の城、黒夜の城～開幕記念 ログインボーナス*
*開催期間中、1日1回 最大21回ログインボーナスをプレゼント！*
`黄金の果実 X 1
`_2023-11-01 19:38:37_
--------
