【登录信息】
*5e4f19f5be6b017c0be348046887fd81*
`登陆天数: 98天 / 1396天
等级: 152
石头: 396
呼符: 35
体力: 62.24666666666667 / 142
友情点: 0 / 9368340`
*連続ログイン7日間到達おめでとうございます！
明日は1日目からリスタートされます。*
`獣の足跡 X 1
呼符 X 1
11月交換券(2023) X 1
`*聖杯戦線 ～白天の城、黒夜の城～開幕記念 ログインボーナス*
*開催期間中、1日1回 最大21回ログインボーナスをプレゼント！*
`白銀の果実 X 1
`_2023-11-02 19:38:08_
--------
*42599fb8710d8712d74990f3270a9dcb*
`登陆天数: 101天 / 1328天
等级: 132
石头: 3629
呼符: 34
体力: 57.82666666666667 / 138
友情点: 0 / 1099980`
*連続ログイン3日目
※ログインが途切れるか、7日到達すると
1日目から再開されます*
`叡智の業火 X 1
11月交換券(2023) X 1
`*聖杯戦線 ～白天の城、黒夜の城～開幕記念 ログインボーナス*
*開催期間中、1日1回 最大21回ログインボーナスをプレゼント！*
`白銀の果実 X 1
`_2023-11-02 19:38:17_
--------
*e90ade675e1a9ebd16e00fa43d110e6c*
`登陆天数: 70天 / 1291天
等级: 134
石头: 3068
呼符: 68
体力: 652.2533333333333 / 139
友情点: 180 / 180655`
*連続ログイン7日間到達おめでとうございます！
明日は1日目からリスタートされます。*
`獣の足跡 X 1
呼符 X 1
11月交換券(2023) X 1
`*聖杯戦線 ～白天の城、黒夜の城～開幕記念 ログインボーナス*
*開催期間中、1日1回 最大21回ログインボーナスをプレゼント！*
`白銀の果実 X 1
`_2023-11-02 19:38:26_
--------
