【登录信息】
*5e4f19f5be6b017c0be348046887fd81*
`登陆天数: 99天 / 1397天
等级: 152
石头: 396
呼符: 35
体力: 70.36 / 142
友情点: 0 / 9368340`
*連続ログイン1日目
※ログインが途切れるか、7日到達すると
1日目から再開されます*
`フレンドポイント X 2000
11月交換券(2023) X 1
`*聖杯戦線 ～白天の城、黒夜の城～開幕記念 ログインボーナス*
*開催期間中、1日1回 最大21回ログインボーナスをプレゼント！*
`白銀の果実 X 1
`_2023-11-03 19:38:07_
--------
*42599fb8710d8712d74990f3270a9dcb*
`登陆天数: 102天 / 1329天
等级: 132
石头: 3629
呼符: 34
体力: 66.02333333333333 / 138
友情点: 0 / 1099980`
*連続ログイン4日目
※ログインが途切れるか、7日到達すると
1日目から再開されます*
`聖晶石 X 1
11月交換券(2023) X 1
`*聖杯戦線 ～白天の城、黒夜の城～開幕記念 ログインボーナス*
*開催期間中、1日1回 最大21回ログインボーナスをプレゼント！*
`白銀の果実 X 1
`_2023-11-03 19:38:16_
--------
*e90ade675e1a9ebd16e00fa43d110e6c*
`登陆天数: 71天 / 1292天
等级: 134
石头: 3068
呼符: 68
体力: 940.25 / 139
友情点: 100 / 180895`
*連続ログイン1日目
※ログインが途切れるか、7日到達すると
1日目から再開されます*
`フレンドポイント X 2000
11月交換券(2023) X 1
`*聖杯戦線 ～白天の城、黒夜の城～開幕記念 ログインボーナス*
*開催期間中、1日1回 最大21回ログインボーナスをプレゼント！*
`白銀の果実 X 1
`_2023-11-03 19:38:25_
--------
