【登录信息】
*5e4f19f5be6b017c0be348046887fd81*
`登陆天数: 100天 / 1398天
等级: 152
石头: 398
呼符: 36
体力: 64.26333333333334 / 142
友情点: 0 / 9368490`
*連続ログイン2日目
※ログインが途切れるか、7日到達すると
1日目から再開されます*
`聖晶石 X 1
11月交換券(2023) X 1
`*聖杯戦線 ～白天の城、黒夜の城～開幕記念 ログインボーナス*
*開催期間中、1日1回 最大21回ログインボーナスをプレゼント！*
`白銀の果実 X 1
`_2023-11-04 19:38:09_
--------
*42599fb8710d8712d74990f3270a9dcb*
`登陆天数: 103天 / 1330天
等级: 132
石头: 3629
呼符: 34
体力: 62.94666666666667 / 138
友情点: 0 / 1100055`
*連続ログイン5日目
※ログインが途切れるか、7日到達すると
1日目から再開されます*
`叡智の業火 X 2
11月交換券(2023) X 1
`*聖杯戦線 ～白天の城、黒夜の城～開幕記念 ログインボーナス*
*開催期間中、1日1回 最大21回ログインボーナスをプレゼント！*
`白銀の果実 X 1
`_2023-11-04 19:38:18_
--------
*e90ade675e1a9ebd16e00fa43d110e6c*
`登陆天数: 72天 / 1293天
等级: 134
石头: 3068
呼符: 73
体力: 177.36666666666667 / 139
友情点: 170 / 181125`
*連続ログイン2日目
※ログインが途切れるか、7日到達すると
1日目から再開されます*
`聖晶石 X 1
11月交換券(2023) X 1
`*聖杯戦線 ～白天の城、黒夜の城～開幕記念 ログインボーナス*
*開催期間中、1日1回 最大21回ログインボーナスをプレゼント！*
`白銀の果実 X 1
`_2023-11-04 19:38:27_
--------
