【登录信息】
*5e4f19f5be6b017c0be348046887fd81*
`登陆天数: 101天 / 1399天
等级: 152
石头: 398
呼符: 36
体力: 76.05 / 142
友情点: 25 / 9368590`
*連続ログイン3日目
※ログインが途切れるか、7日到達すると
1日目から再開されます*
`叡智の業火 X 1
11月交換券(2023) X 1
`*聖杯戦線 ～白天の城、黒夜の城～開幕記念 ログインボーナス*
*開催期間中、1日1回 最大21回ログインボーナスをプレゼント！*
`白銀の果実 X 1
`_2023-11-05 19:38:16_
--------
*42599fb8710d8712d74990f3270a9dcb*
`登陆天数: 104天 / 1331天
等级: 132
石头: 3630
呼符: 34
体力: 71.71 / 138
友情点: 0 / 1100055`
*連続ログイン6日目
※ログインが途切れるか、7日到達すると
1日目から再開されます*
`聖晶石 X 2
11月交換券(2023) X 1
`*聖杯戦線 ～白天の城、黒夜の城～開幕記念 ログインボーナス*
*開催期間中、1日1回 最大21回ログインボーナスをプレゼント！*
`白銀の果実 X 1
`_2023-11-05 19:38:25_
--------
*e90ade675e1a9ebd16e00fa43d110e6c*
`登陆天数: 73天 / 1294天
等级: 134
石头: 3068
呼符: 73
体力: 465.39 / 139
友情点: 90 / 181215`
*連続ログイン3日目
※ログインが途切れるか、7日到達すると
1日目から再開されます*
`叡智の業火 X 1
11月交換券(2023) X 1
`*聖杯戦線 ～白天の城、黒夜の城～開幕記念 ログインボーナス*
*開催期間中、1日1回 最大21回ログインボーナスをプレゼント！*
`白銀の果実 X 1
`_2023-11-05 19:38:34_
--------
