【登录信息】
*5e4f19f5be6b017c0be348046887fd81*
`登陆天数: 102天 / 1400天
等级: 152
石头: 398
呼符: 36
体力: 67.14 / 142
友情点: 0 / 9368590`
*連続ログイン4日目
※ログインが途切れるか、7日到達すると
1日目から再開されます*
`聖晶石 X 1
11月交換券(2023) X 1
`*聖杯戦線 ～白天の城、黒夜の城～開幕記念 ログインボーナス*
*開催期間中、1日1回 最大21回ログインボーナスをプレゼント！*
`白銀の果実 X 1
`_2023-11-06 19:38:15_
--------
*42599fb8710d8712d74990f3270a9dcb*
`登陆天数: 105天 / 1332天
等级: 132
石头: 3630
呼符: 34
体力: 62.72333333333333 / 138
友情点: 0 / 1100055`
*連続ログイン7日間到達おめでとうございます！
明日は1日目からリスタートされます。*
`獣の足跡 X 1
呼符 X 1
11月交換券(2023) X 1
`*聖杯戦線 ～白天の城、黒夜の城～開幕記念 ログインボーナス*
*開催期間中、1日1回 最大21回ログインボーナスをプレゼント！*
`白銀の果実 X 1
`_2023-11-06 19:38:24_
--------
*e90ade675e1a9ebd16e00fa43d110e6c*
`登陆天数: 74天 / 1295天
等级: 134
石头: 3068
呼符: 73
体力: 753.3866666666667 / 139
友情点: 40 / 181255`
*連続ログイン4日目
※ログインが途切れるか、7日到達すると
1日目から再開されます*
`聖晶石 X 1
11月交換券(2023) X 1
`*聖杯戦線 ～白天の城、黒夜の城～開幕記念 ログインボーナス*
*開催期間中、1日1回 最大21回ログインボーナスをプレゼント！*
`白銀の果実 X 1
`_2023-11-06 19:38:33_
--------
