【登录信息】
*5e4f19f5be6b017c0be348046887fd81*
`登陆天数: 103天 / 1401天
等级: 152
石头: 398
呼符: 36
体力: 29.83 / 142
友情点: 0 / 9368615`
_2023-11-08 04:26:32_
--------
*42599fb8710d8712d74990f3270a9dcb*
`登陆天数: 106天 / 1333天
等级: 132
石头: 3630
呼符: 34
体力: 25.38333333333334 / 138
友情点: 0 / 1100055`
_2023-11-08 04:26:40_
--------
*e90ade675e1a9ebd16e00fa43d110e6c*
`登陆天数: 75天 / 1296天
等级: 134
石头: 3068
呼符: 73
体力: 1147.0333333333333 / 139
友情点: 140 / 181395`
*連続ログイン5日目
※ログインが途切れるか、7日到達すると
1日目から再開されます*
`叡智の業火 X 2
11月交換券(2023) X 1
`*聖杯戦線 ～白天の城、黒夜の城～開幕記念 ログインボーナス*
*開催期間中、1日1回 最大21回ログインボーナスをプレゼント！*
`白銀の果実 X 1
`_2023-11-08 04:26:48_
--------
