【登录信息】
*5e4f19f5be6b017c0be348046887fd81*
`登陆天数: 104天 / 1402天
等级: 152
石头: 398
呼符: 36
体力: 64.07 / 142
友情点: 0 / 9368665`
*連続ログイン6日目
※ログインが途切れるか、7日到達すると
1日目から再開されます*
`聖晶石 X 2
11月交換券(2023) X 1
`*聖杯戦線 ～白天の城、黒夜の城～開幕記念 ログインボーナス*
*開催期間中、1日1回 最大21回ログインボーナスをプレゼント！*
`白銀の果実 X 1
`_2023-11-08 19:35:49_
--------
*42599fb8710d8712d74990f3270a9dcb*
`登陆天数: 107天 / 1334天
等级: 132
石头: 3630
呼符: 34
体力: 58.82666666666667 / 138
友情点: 0 / 1100055`
*連続ログイン2日目
※ログインが途切れるか、7日到達すると
1日目から再開されます*
`聖晶石 X 1
11月交換券(2023) X 1
`*聖杯戦線 ～白天の城、黒夜の城～開幕記念 ログインボーナス*
*開催期間中、1日1回 最大21回ログインボーナスをプレゼント！*
`白銀の果実 X 1
`_2023-11-08 19:35:58_
--------
*e90ade675e1a9ebd16e00fa43d110e6c*
`登陆天数: 76天 / 1297天
等级: 134
石头: 3068
呼符: 73
体力: 1328.8966666666668 / 139
友情点: 180 / 181575`
*連続ログイン6日目
※ログインが途切れるか、7日到達すると
1日目から再開されます*
`聖晶石 X 2
11月交換券(2023) X 1
`*聖杯戦線 ～白天の城、黒夜の城～開幕記念 ログインボーナス*
*開催期間中、1日1回 最大21回ログインボーナスをプレゼント！*
`黄金の果実 X 1
`_2023-11-08 19:36:06_
--------
