【登录信息】
*5e4f19f5be6b017c0be348046887fd81*
`登陆天数: 105天 / 1403天
等级: 152
石头: 398
呼符: 36
体力: 70.77333333333333 / 142
友情点: 0 / 9368665`
*連続ログイン7日間到達おめでとうございます！
明日は1日目からリスタートされます。*
`獣の足跡 X 1
呼符 X 1
11月交換券(2023) X 1
`*聖杯戦線 ～白天の城、黒夜の城～開幕記念 ログインボーナス*
*開催期間中、1日1回 最大21回ログインボーナスをプレゼント！*
`白銀の果実 X 1
`_2023-11-09 19:35:46_
--------
*42599fb8710d8712d74990f3270a9dcb*
`登陆天数: 108天 / 1335天
等级: 132
石头: 3630
呼符: 34
体力: 65.83333333333333 / 138
友情点: 0 / 1100055`
*連続ログイン3日目
※ログインが途切れるか、7日到達すると
1日目から再開されます*
`叡智の業火 X 1
11月交換券(2023) X 1
`*聖杯戦線 ～白天の城、黒夜の城～開幕記念 ログインボーナス*
*開催期間中、1日1回 最大21回ログインボーナスをプレゼント！*
`白銀の果実 X 1
`_2023-11-09 19:35:55_
--------
*e90ade675e1a9ebd16e00fa43d110e6c*
`登陆天数: 77天 / 1298天
等级: 134
石头: 3068
呼符: 73
体力: 1616.89 / 139
友情点: 350 / 181995`
*連続ログイン7日間到達おめでとうございます！
明日は1日目からリスタートされます。*
`獣の足跡 X 1
呼符 X 1
11月交換券(2023) X 1
`*聖杯戦線 ～白天の城、黒夜の城～開幕記念 ログインボーナス*
*開催期間中、1日1回 最大21回ログインボーナスをプレゼント！*
`白銀の果実 X 1
`_2023-11-09 19:36:04_
--------
