【登录信息】
*5e4f19f5be6b017c0be348046887fd81*
`登陆天数: 106天 / 1404天
等级: 152
石头: 432
呼符: 37
体力: 49.33333333333333 / 142
友情点: 0 / 9371265`
*連続ログイン1日目
※ログインが途切れるか、7日到達すると
1日目から再開されます*
`フレンドポイント X 2000
11月交換券(2023) X 1
`*聖杯戦線 ～白天の城、黒夜の城～開幕記念 ログインボーナス*
*開催期間中、1日1回 最大21回ログインボーナスをプレゼント！*
`白銀の果実 X 1
`_2023-11-10 19:35:47_
--------
*42599fb8710d8712d74990f3270a9dcb*
`登陆天数: 109天 / 1336天
等级: 132
石头: 3633
呼符: 35
体力: 63.483333333333334 / 138
友情点: 0 / 1100205`
*連続ログイン4日目
※ログインが途切れるか、7日到達すると
1日目から再開されます*
`聖晶石 X 1
11月交換券(2023) X 1
`*聖杯戦線 ～白天の城、黒夜の城～開幕記念 ログインボーナス*
*開催期間中、1日1回 最大21回ログインボーナスをプレゼント！*
`白銀の果実 X 1
`_2023-11-10 19:35:56_
--------
*e90ade675e1a9ebd16e00fa43d110e6c*
`登陆天数: 78天 / 1299天
等级: 134
石头: 3087
呼符: 75
体力: 183.63666666666666 / 139
友情点: 280 / 183365`
*連続ログイン1日目
※ログインが途切れるか、7日到達すると
1日目から再開されます*
`フレンドポイント X 2000
11月交換券(2023) X 1
`*聖杯戦線 ～白天の城、黒夜の城～開幕記念 ログインボーナス*
*開催期間中、1日1回 最大21回ログインボーナスをプレゼント！*
`白銀の果実 X 1
`_2023-11-10 19:36:05_
--------
