【登录信息】
*5e4f19f5be6b017c0be348046887fd81*
`登陆天数: 107天 / 1405天
等级: 152
石头: 432
呼符: 37
体力: 40.93000000000001 / 142
友情点: 50 / 9371315`
*連続ログイン2日目
※ログインが途切れるか、7日到達すると
1日目から再開されます*
`聖晶石 X 1
11月交換券(2023) X 1
`*聖杯戦線 ～白天の城、黒夜の城～開幕記念 ログインボーナス*
*開催期間中、1日1回 最大21回ログインボーナスをプレゼント！*
`白銀の果実 X 1
`_2023-11-11 19:35:39_
--------
*42599fb8710d8712d74990f3270a9dcb*
`登陆天数: 110天 / 1337天
等级: 132
石头: 3633
呼符: 35
体力: 36.72 / 138
友情点: 0 / 1100205`
*連続ログイン5日目
※ログインが途切れるか、7日到達すると
1日目から再開されます*
`叡智の業火 X 2
11月交換券(2023) X 1
`*聖杯戦線 ～白天の城、黒夜の城～開幕記念 ログインボーナス*
*開催期間中、1日1回 最大21回ログインボーナスをプレゼント！*
`白銀の果実 X 1
`_2023-11-11 19:35:48_
--------
*e90ade675e1a9ebd16e00fa43d110e6c*
`登陆天数: 79天 / 1300天
等级: 134
石头: 3087
呼符: 75
体力: 471.61 / 139
友情点: 130 / 183495`
*連続ログイン2日目
※ログインが途切れるか、7日到達すると
1日目から再開されます*
`聖晶石 X 1
11月交換券(2023) X 1
`*聖杯戦線 ～白天の城、黒夜の城～開幕記念 ログインボーナス*
*開催期間中、1日1回 最大21回ログインボーナスをプレゼント！*
`白銀の果実 X 1
`_2023-11-11 19:35:57_
--------
