【登录信息】
*5e4f19f5be6b017c0be348046887fd81*
`登陆天数: 108天 / 1406天
等级: 152
石头: 432
呼符: 37
体力: 71.68666666666667 / 142
友情点: 0 / 9371340`
*連続ログイン3日目
※ログインが途切れるか、7日到達すると
1日目から再開されます*
`叡智の業火 X 1
11月交換券(2023) X 1
`*聖杯戦線 ～白天の城、黒夜の城～開幕記念 ログインボーナス*
*開催期間中、1日1回 最大21回ログインボーナスをプレゼント！*
`白銀の果実 X 1
`_2023-11-12 19:35:46_
--------
*42599fb8710d8712d74990f3270a9dcb*
`登陆天数: 111天 / 1338天
等级: 132
石头: 3633
呼符: 35
体力: 67.38 / 138
友情点: 0 / 1100205`
*連続ログイン6日目
※ログインが途切れるか、7日到達すると
1日目から再開されます*
`聖晶石 X 2
11月交換券(2023) X 1
`*聖杯戦線 ～白天の城、黒夜の城～開幕記念 ログインボーナス*
*開催期間中、1日1回 最大21回ログインボーナスをプレゼント！*
`白銀の果実 X 1
`_2023-11-12 19:35:55_
--------
*e90ade675e1a9ebd16e00fa43d110e6c*
`登陆天数: 80天 / 1301天
等级: 134
石头: 3087
呼符: 75
体力: 759.6333333333333 / 139
友情点: 190 / 183765`
*連続ログイン3日目
※ログインが途切れるか、7日到達すると
1日目から再開されます*
`叡智の業火 X 1
11月交換券(2023) X 1
`*聖杯戦線 ～白天の城、黒夜の城～開幕記念 ログインボーナス*
*開催期間中、1日1回 最大21回ログインボーナスをプレゼント！*
`白銀の果実 X 1
`_2023-11-12 19:36:04_
--------
