【登录信息】
*5e4f19f5be6b017c0be348046887fd81*
`登陆天数: 110天 / 1408天
等级: 152
石头: 432
呼符: 37
体力: 69.76666666666667 / 142
友情点: 0 / 9371390`
*連続ログイン5日目
※ログインが途切れるか、7日到達すると
1日目から再開されます*
`叡智の業火 X 2
11月交換券(2023) X 1
`_2023-11-14 19:38:06_
--------
*42599fb8710d8712d74990f3270a9dcb*
`登陆天数: 113天 / 1340天
等级: 132
石头: 3633
呼符: 35
体力: 65.54666666666667 / 138
友情点: 0 / 1100205`
*連続ログイン1日目
※ログインが途切れるか、7日到達すると
1日目から再開されます*
`フレンドポイント X 2000
11月交換券(2023) X 1
`_2023-11-14 19:38:16_
--------
*e90ade675e1a9ebd16e00fa43d110e6c*
`登陆天数: 82天 / 1303天
等级: 134
石头: 3087
呼符: 75
体力: 1336.1033333333332 / 139
友情点: 160 / 184105`
*連続ログイン5日目
※ログインが途切れるか、7日到達すると
1日目から再開されます*
`叡智の業火 X 2
11月交換券(2023) X 1
`*聖杯戦線 ～白天の城、黒夜の城～開幕記念 ログインボーナス*
*開催期間中、1日1回 最大21回ログインボーナスをプレゼント！*
`白銀の果実 X 1
`_2023-11-14 19:38:25_
--------
