【登录信息】
*5e4f19f5be6b017c0be348046887fd81*
`登陆天数: 111天 / 1409天
等级: 152
石头: 449
呼符: 37
体力: 38.709999999999994 / 142
友情点: 0 / 9374065`
*連続ログイン6日目
※ログインが途切れるか、7日到達すると
1日目から再開されます*
`聖晶石 X 2
11月交換券(2023) X 1
`_2023-11-15 19:36:02_
--------
*42599fb8710d8712d74990f3270a9dcb*
`登陆天数: 114天 / 1341天
等级: 132
石头: 3656
呼符: 36
体力: 46.81999999999999 / 138
友情点: 0 / 1101030`
*連続ログイン2日目
※ログインが途切れるか、7日到達すると
1日目から再開されます*
`聖晶石 X 1
11月交換券(2023) X 1
`_2023-11-15 19:36:11_
--------
*e90ade675e1a9ebd16e00fa43d110e6c*
`登陆天数: 83天 / 1304天
等级: 134
石头: 3087
呼符: 75
体力: 1623.6833333333334 / 139
友情点: 230 / 184335`
*連続ログイン6日目
※ログインが途切れるか、7日到達すると
1日目から再開されます*
`聖晶石 X 2
11月交換券(2023) X 1
`*使用期限付コンティニューアイテムプレゼント！*
*開催期間中、初回ログインでコンティニューアイテム「霊脈石×3」をプレゼント！*
`霊脈石 X 3
`_2023-11-15 19:36:19_
--------
