【登录信息】
*5e4f19f5be6b017c0be348046887fd81*
`登陆天数: 112天 / 1410天
等级: 152
石头: 449
呼符: 37
体力: 62.94 / 142
友情点: 0 / 9374065`
*連続ログイン7日間到達おめでとうございます！
明日は1日目からリスタートされます。*
`獣の足跡 X 1
呼符 X 1
11月交換券(2023) X 1
`_2023-11-16 19:35:31_
--------
*42599fb8710d8712d74990f3270a9dcb*
`登陆天数: 115天 / 1342天
等级: 132
石头: 3656
呼符: 36
体力: 58.626666666666665 / 138
友情点: 0 / 1101030`
*連続ログイン3日目
※ログインが途切れるか、7日到達すると
1日目から再開されます*
`叡智の業火 X 1
11月交換券(2023) X 1
`_2023-11-16 19:35:41_
--------
*e90ade675e1a9ebd16e00fa43d110e6c*
`登陆天数: 84天 / 1305天
等级: 134
石头: 3087
呼符: 75
体力: 1911.5833333333333 / 139
友情点: 150 / 185105`
*連続ログイン7日間到達おめでとうございます！
明日は1日目からリスタートされます。*
`獣の足跡 X 1
呼符 X 1
11月交換券(2023) X 1
`_2023-11-16 19:35:49_
--------
