【登录信息】
*5e4f19f5be6b017c0be348046887fd81*
`登陆天数: 113天 / 1411天
等级: 152
石头: 449
呼符: 42
体力: 66.77666666666667 / 142
友情点: 0 / 9374065`
*連続ログイン1日目
※ログインが途切れるか、7日到達すると
1日目から再開されます*
`フレンドポイント X 2000
11月交換券(2023) X 1
`*2900万DL突破記念 特別回数ログインボーナス*
*開催期間中、1日1回 最大10回 回数ログインボーナスをプレゼント！*
`白銀の果実 X 10
`_2023-11-17 19:35:38_
--------
*42599fb8710d8712d74990f3270a9dcb*
`登陆天数: 116天 / 1343天
等级: 132
石头: 3656
呼符: 41
体力: 63.16 / 138
友情点: 0 / 1101030`
*連続ログイン4日目
※ログインが途切れるか、7日到達すると
1日目から再開されます*
`聖晶石 X 1
11月交換券(2023) X 1
`*2900万DL突破記念 特別回数ログインボーナス*
*開催期間中、1日1回 最大10回 回数ログインボーナスをプレゼント！*
`白銀の果実 X 10
`_2023-11-17 19:35:47_
--------
*e90ade675e1a9ebd16e00fa43d110e6c*
`登陆天数: 85天 / 1306天
等级: 134
石头: 3087
呼符: 75
体力: 2199.6066666666666 / 139
友情点: 140 / 185245`
*連続ログイン1日目
※ログインが途切れるか、7日到達すると
1日目から再開されます*
`フレンドポイント X 2000
11月交換券(2023) X 1
`*2900万DL突破記念 特別回数ログインボーナス*
*開催期間中、1日1回 最大10回 回数ログインボーナスをプレゼント！*
`白銀の果実 X 10
`_2023-11-17 19:35:56_
--------
