【登录信息】
*5e4f19f5be6b017c0be348046887fd81*
`登陆天数: 114天 / 1412天
等级: 152
石头: 456
呼符: 43
体力: 58.096666666666664 / 142
友情点: 0 / 9374690`
*連続ログイン2日目
※ログインが途切れるか、7日到達すると
1日目から再開されます*
`聖晶石 X 1
11月交換券(2023) X 1
`*2900万DL突破記念 特別回数ログインボーナス*
*開催期間中、1日1回 最大10回 回数ログインボーナスをプレゼント！*
`マナプリズム X 100
黄金の果実 X 10
`_2023-11-18 19:35:35_
--------
*42599fb8710d8712d74990f3270a9dcb*
`登陆天数: 117天 / 1344天
等级: 132
石头: 3666
呼符: 41
体力: 62.45666666666666 / 138
友情点: 0 / 1101180`
*連続ログイン5日目
※ログインが途切れるか、7日到達すると
1日目から再開されます*
`叡智の業火 X 2
11月交換券(2023) X 1
`*2900万DL突破記念 特別回数ログインボーナス*
*開催期間中、1日1回 最大10回 回数ログインボーナスをプレゼント！*
`マナプリズム X 100
黄金の果実 X 10
`_2023-11-18 19:35:44_
--------
*e90ade675e1a9ebd16e00fa43d110e6c*
`登陆天数: 86天 / 1307天
等级: 134
石头: 3110
呼符: 80
体力: 184.11666666666667 / 139
友情点: 140 / 185910`
*連続ログイン2日目
※ログインが途切れるか、7日到達すると
1日目から再開されます*
`聖晶石 X 1
11月交換券(2023) X 1
`*2900万DL突破記念 特別回数ログインボーナス*
*開催期間中、1日1回 最大10回 回数ログインボーナスをプレゼント！*
`マナプリズム X 100
黄金の果実 X 10
`_2023-11-18 19:35:52_
--------
