【登录信息】
*5e4f19f5be6b017c0be348046887fd81*
`登陆天数: 115天 / 1413天
等级: 152
石头: 456
呼符: 43
体力: 70.37 / 142
友情点: 175 / 9374890`
*連続ログイン3日目
※ログインが途切れるか、7日到達すると
1日目から再開されます*
`叡智の業火 X 1
11月交換券(2023) X 1
`*2900万DL突破記念 特別回数ログインボーナス*
*開催期間中、1日1回 最大10回 回数ログインボーナスをプレゼント！*
`QP X 10000000
`_2023-11-19 19:35:48_
--------
*42599fb8710d8712d74990f3270a9dcb*
`登陆天数: 118天 / 1345天
等级: 132
石头: 3666
呼符: 41
体力: 46.14666666666666 / 138
友情点: 0 / 1097355`
*連続ログイン6日目
※ログインが途切れるか、7日到達すると
1日目から再開されます*
`聖晶石 X 2
11月交換券(2023) X 1
`*2900万DL突破記念 特別回数ログインボーナス*
*開催期間中、1日1回 最大10回 回数ログインボーナスをプレゼント！*
`QP X 10000000
`_2023-11-19 19:35:57_
--------
*e90ade675e1a9ebd16e00fa43d110e6c*
`登陆天数: 87天 / 1308天
等级: 134
石头: 3110
呼符: 80
体力: 472.16 / 139
友情点: 150 / 186060`
*連続ログイン3日目
※ログインが途切れるか、7日到達すると
1日目から再開されます*
`叡智の業火 X 1
11月交換券(2023) X 1
`*2900万DL突破記念 特別回数ログインボーナス*
*開催期間中、1日1回 最大10回 回数ログインボーナスをプレゼント！*
`QP X 10000000
`_2023-11-19 19:36:05_
--------
