【登录信息】
*5e4f19f5be6b017c0be348046887fd81*
`登陆天数: 116天 / 1414天
等级: 152
石头: 456
呼符: 43
体力: 55.233333333333334 / 142
友情点: 75 / 9371165`
*連続ログイン4日目
※ログインが途切れるか、7日到達すると
1日目から再開されます*
`聖晶石 X 1
11月交換券(2023) X 1
`*2900万DL突破記念 特別回数ログインボーナス*
*開催期間中、1日1回 最大10回 回数ログインボーナスをプレゼント！*
`叡智の業火 X 10
`_2023-11-20 19:36:08_
--------
*42599fb8710d8712d74990f3270a9dcb*
`登陆天数: 119天 / 1346天
等级: 132
石头: 3668
呼符: 41
体力: 54.44333333333333 / 138
友情点: 0 / 1097605`
*連続ログイン7日間到達おめでとうございます！
明日は1日目からリスタートされます。*
`獣の足跡 X 1
呼符 X 1
11月交換券(2023) X 1
`*2900万DL突破記念 特別回数ログインボーナス*
*開催期間中、1日1回 最大10回 回数ログインボーナスをプレゼント！*
`叡智の業火 X 10
`_2023-11-20 19:36:17_
--------
*e90ade675e1a9ebd16e00fa43d110e6c*
`登陆天数: 88天 / 1309天
等级: 134
石头: 3110
呼符: 80
体力: 760.2266666666667 / 139
友情点: 90 / 186150`
*連続ログイン4日目
※ログインが途切れるか、7日到達すると
1日目から再開されます*
`聖晶石 X 1
11月交換券(2023) X 1
`*2900万DL突破記念 特別回数ログインボーナス*
*開催期間中、1日1回 最大10回 回数ログインボーナスをプレゼント！*
`叡智の業火 X 10
`_2023-11-20 19:36:25_
--------
