【登录信息】
*5e4f19f5be6b017c0be348046887fd81*
`登陆天数: 117天 / 1415天
等级: 152
石头: 456
呼符: 43
体力: 48.06666666666666 / 142
友情点: 0 / 9371340`
*連続ログイン5日目
※ログインが途切れるか、7日到達すると
1日目から再開されます*
`叡智の業火 X 2
11月交換券(2023) X 1
`*2900万DL突破記念 特別回数ログインボーナス*
*開催期間中、1日1回 最大10回 回数ログインボーナスをプレゼント！*
`英霊結晶・星のフォウくん X 10
英霊結晶・太陽のフォウくん X 10
`_2023-11-21 19:35:41_
--------
*42599fb8710d8712d74990f3270a9dcb*
`登陆天数: 120天 / 1347天
等级: 132
石头: 3668
呼符: 42
体力: 61.596666666666664 / 138
友情点: 0 / 1097605`
*連続ログイン1日目
※ログインが途切れるか、7日到達すると
1日目から再開されます*
`フレンドポイント X 2000
11月交換券(2023) X 1
`*2900万DL突破記念 特別回数ログインボーナス*
*開催期間中、1日1回 最大10回 回数ログインボーナスをプレゼント！*
`英霊結晶・星のフォウくん X 10
英霊結晶・太陽のフォウくん X 10
`_2023-11-21 19:35:50_
--------
*e90ade675e1a9ebd16e00fa43d110e6c*
`登陆天数: 89天 / 1310天
等级: 134
石头: 3110
呼符: 80
体力: 1048.1399999999999 / 139
友情点: 60 / 186210`
*連続ログイン5日目
※ログインが途切れるか、7日到達すると
1日目から再開されます*
`叡智の業火 X 2
11月交換券(2023) X 1
`*2900万DL突破記念 特別回数ログインボーナス*
*開催期間中、1日1回 最大10回 回数ログインボーナスをプレゼント！*
`英霊結晶・星のフォウくん X 10
英霊結晶・太陽のフォウくん X 10
`_2023-11-21 19:35:59_
--------
