【登录信息】
*5e4f19f5be6b017c0be348046887fd81*
`登陆天数: 118天 / 1416天
等级: 152
石头: 498
呼符: 43
体力: 39.58 / 142
友情点: 175 / 9372040`
*連続ログイン6日目
※ログインが途切れるか、7日到達すると
1日目から再開されます*
`聖晶石 X 2
11月交換券(2023) X 1
`*日替りログインボーナス*
*開催期間中、1日1回 2週間日替りでログインボーナスをプレゼント！*
`巡霊の葉 X 30
`_2023-11-22 19:35:47_
--------
*42599fb8710d8712d74990f3270a9dcb*
`登陆天数: 121天 / 1348天
等级: 132
石头: 3684
呼符: 42
体力: 35.263333333333335 / 138
友情点: 0 / 1097930`
*連続ログイン2日目
※ログインが途切れるか、7日到達すると
1日目から再開されます*
`聖晶石 X 1
11月交換券(2023) X 1
`*日替りログインボーナス*
*開催期間中、1日1回 2週間日替りでログインボーナスをプレゼント！*
`巡霊の葉 X 30
`_2023-11-22 19:35:57_
--------
*e90ade675e1a9ebd16e00fa43d110e6c*
`登陆天数: 90天 / 1311天
等级: 134
石头: 3110
呼符: 80
体力: 1336.16 / 139
友情点: 110 / 186370`
*連続ログイン6日目
※ログインが途切れるか、7日到達すると
1日目から再開されます*
`聖晶石 X 2
11月交換券(2023) X 1
`*日替りログインボーナス*
*開催期間中、1日1回 2週間日替りでログインボーナスをプレゼント！*
`巡霊の葉 X 30
`_2023-11-22 19:36:05_
--------
