【登录信息】
*5e4f19f5be6b017c0be348046887fd81*
`登陆天数: 119天 / 1417天
等级: 152
石头: 500
呼符: 43
体力: 66.91333333333333 / 142
友情点: 0 / 9372240`
*連続ログイン7日間到達おめでとうございます！
明日は1日目からリスタートされます。*
`獣の足跡 X 1
呼符 X 1
11月交換券(2023) X 1
`*日替りログインボーナス*
*開催期間中、1日1回 2週間日替りでログインボーナスをプレゼント！*
`巡霊の葉 X 30
`_2023-11-23 19:35:53_
--------
*42599fb8710d8712d74990f3270a9dcb*
`登陆天数: 122天 / 1349天
等级: 132
石头: 3688
呼符: 42
体力: 62.623333333333335 / 138
友情点: 0 / 1097930`
*連続ログイン3日目
※ログインが途切れるか、7日到達すると
1日目から再開されます*
`叡智の業火 X 1
11月交換券(2023) X 1
`*日替りログインボーナス*
*開催期間中、1日1回 2週間日替りでログインボーナスをプレゼント！*
`巡霊の葉 X 30
`_2023-11-23 19:36:03_
--------
*e90ade675e1a9ebd16e00fa43d110e6c*
`登陆天数: 91天 / 1312天
等级: 134
石头: 3129
呼符: 80
体力: 157.26333333333332 / 139
友情点: 10 / 182915`
*連続ログイン7日間到達おめでとうございます！
明日は1日目からリスタートされます。*
`獣の足跡 X 1
呼符 X 1
11月交換券(2023) X 1
`*日替りログインボーナス*
*開催期間中、1日1回 2週間日替りでログインボーナスをプレゼント！*
`巡霊の葉 X 30
`_2023-11-23 19:36:12_
--------
