【登录信息】
*5e4f19f5be6b017c0be348046887fd81*
`登陆天数: 120天 / 1418天
等级: 152
石头: 504
呼符: 43
体力: 176.19666666666666 / 142
友情点: 300 / 9372690`
*連続ログイン1日目
※ログインが途切れるか、7日到達すると
1日目から再開されます*
`フレンドポイント X 2000
11月交換券(2023) X 1
`*日替りログインボーナス*
*開催期間中、1日1回 2週間日替りでログインボーナスをプレゼント！*
`聖晶石 X 2
巡霊の葉 X 100
`_2023-11-24 19:35:37_
--------
*42599fb8710d8712d74990f3270a9dcb*
`登陆天数: 123天 / 1350天
等级: 132
石头: 3692
呼符: 42
体力: 48.55 / 138
友情点: 0 / 1098230`
*連続ログイン4日目
※ログインが途切れるか、7日到達すると
1日目から再開されます*
`聖晶石 X 1
11月交換券(2023) X 1
`*日替りログインボーナス*
*開催期間中、1日1回 2週間日替りでログインボーナスをプレゼント！*
`聖晶石 X 2
巡霊の葉 X 100
`_2023-11-24 19:35:46_
--------
*e90ade675e1a9ebd16e00fa43d110e6c*
`登陆天数: 92天 / 1313天
等级: 134
石头: 3129
呼符: 80
体力: 445.20666666666665 / 139
友情点: 110 / 183035`
*連続ログイン1日目
※ログインが途切れるか、7日到達すると
1日目から再開されます*
`フレンドポイント X 2000
11月交換券(2023) X 1
`*日替りログインボーナス*
*開催期間中、1日1回 2週間日替りでログインボーナスをプレゼント！*
`聖晶石 X 2
巡霊の葉 X 100
`_2023-11-24 19:35:55_
--------
