【登录信息】
*5e4f19f5be6b017c0be348046887fd81*
`登陆天数: 121天 / 1419天
等级: 152
石头: 506
呼符: 44
体力: 71.20666666666666 / 142
友情点: 0 / 9372690`
*連続ログイン2日目
※ログインが途切れるか、7日到達すると
1日目から再開されます*
`聖晶石 X 1
11月交換券(2023) X 1
`*日替りログインボーナス*
*開催期間中、1日1回 2週間日替りでログインボーナスをプレゼント！*
`巡霊の葉 X 30
`_2023-11-25 19:35:54_
--------
*42599fb8710d8712d74990f3270a9dcb*
`登陆天数: 124天 / 1351天
等级: 132
石头: 3725
呼符: 42
体力: 66.83333333333333 / 138
友情点: 0 / 1098230`
*連続ログイン5日目
※ログインが途切れるか、7日到達すると
1日目から再開されます*
`叡智の業火 X 2
11月交換券(2023) X 1
`*日替りログインボーナス*
*開催期間中、1日1回 2週間日替りでログインボーナスをプレゼント！*
`巡霊の葉 X 30
`_2023-11-25 19:36:03_
--------
*e90ade675e1a9ebd16e00fa43d110e6c*
`登陆天数: 93天 / 1314天
等级: 134
石头: 3129
呼符: 80
体力: 733.2633333333333 / 139
友情点: 120 / 184175`
*連続ログイン2日目
※ログインが途切れるか、7日到達すると
1日目から再開されます*
`聖晶石 X 1
11月交換券(2023) X 1
`*日替りログインボーナス*
*開催期間中、1日1回 2週間日替りでログインボーナスをプレゼント！*
`巡霊の葉 X 30
`_2023-11-25 19:36:12_
--------
