【登录信息】
*5e4f19f5be6b017c0be348046887fd81*
`登陆天数: 122天 / 1420天
等级: 152
石头: 506
呼符: 44
体力: 65.31666666666666 / 142
友情点: 0 / 9372940`
*連続ログイン3日目
※ログインが途切れるか、7日到達すると
1日目から再開されます*
`叡智の業火 X 1
11月交換券(2023) X 1
`*日替りログインボーナス*
*開催期間中、1日1回 2週間日替りでログインボーナスをプレゼント！*
`巡霊の葉 X 30
`_2023-11-26 19:35:47_
--------
*42599fb8710d8712d74990f3270a9dcb*
`登陆天数: 125天 / 1352天
等级: 133
石头: 3725
呼符: 42
体力: 44.06333333333333 / 139
友情点: 0 / 1098380`
*連続ログイン6日目
※ログインが途切れるか、7日到達すると
1日目から再開されます*
`聖晶石 X 2
11月交換券(2023) X 1
`*日替りログインボーナス*
*開催期間中、1日1回 2週間日替りでログインボーナスをプレゼント！*
`巡霊の葉 X 30
`_2023-11-26 19:35:56_
--------
*e90ade675e1a9ebd16e00fa43d110e6c*
`登陆天数: 94天 / 1315天
等级: 134
石头: 3129
呼符: 80
体力: 1021.24 / 139
友情点: 180 / 184365`
*連続ログイン3日目
※ログインが途切れるか、7日到達すると
1日目から再開されます*
`叡智の業火 X 1
11月交換券(2023) X 1
`*日替りログインボーナス*
*開催期間中、1日1回 2週間日替りでログインボーナスをプレゼント！*
`巡霊の葉 X 30
`_2023-11-26 19:36:05_
--------
