【登录信息】
*5e4f19f5be6b017c0be348046887fd81*
`登陆天数: 123天 / 1421天
等级: 152
石头: 537
呼符: 44
体力: 74.85 / 142
友情点: 0 / 9373115`
*連続ログイン4日目
※ログインが途切れるか、7日到達すると
1日目から再開されます*
`聖晶石 X 1
11月交換券(2023) X 1
`*日替りログインボーナス*
*開催期間中、1日1回 2週間日替りでログインボーナスをプレゼント！*
`巡霊の葉 X 30
`_2023-11-27 19:35:47_
--------
*42599fb8710d8712d74990f3270a9dcb*
`登陆天数: 126天 / 1353天
等级: 133
石头: 3757
呼符: 42
体力: 59.49333333333334 / 139
友情点: 0 / 1098555`
*連続ログイン7日間到達おめでとうございます！
明日は1日目からリスタートされます。*
`獣の足跡 X 1
呼符 X 1
11月交換券(2023) X 1
`*日替りログインボーナス*
*開催期間中、1日1回 2週間日替りでログインボーナスをプレゼント！*
`巡霊の葉 X 30
`_2023-11-27 19:35:56_
--------
*e90ade675e1a9ebd16e00fa43d110e6c*
`登陆天数: 95天 / 1316天
等级: 134
石头: 3129
呼符: 80
体力: 1309.24 / 139
友情点: 70 / 184435`
*連続ログイン4日目
※ログインが途切れるか、7日到達すると
1日目から再開されます*
`聖晶石 X 1
11月交換券(2023) X 1
`*日替りログインボーナス*
*開催期間中、1日1回 2週間日替りでログインボーナスをプレゼント！*
`巡霊の葉 X 30
`_2023-11-27 19:36:04_
--------
