【登录信息】
*5e4f19f5be6b017c0be348046887fd81*
`登陆天数: 124天 / 1422天
等级: 152
石头: 541
呼符: 44
体力: 47.273333333333326 / 142
友情点: 0 / 9373490`
*連続ログイン5日目
※ログインが途切れるか、7日到達すると
1日目から再開されます*
`叡智の業火 X 2
11月交換券(2023) X 1
`*日替りログインボーナス*
*開催期間中、1日1回 2週間日替りでログインボーナスをプレゼント！*
`聖晶石 X 3
巡霊の葉 X 50
`_2023-11-28 19:35:54_
--------
*42599fb8710d8712d74990f3270a9dcb*
`登陆天数: 127天 / 1354天
等级: 133
石头: 3760
呼符: 43
体力: 45.97 / 139
友情点: 0 / 1098705`
*連続ログイン1日目
※ログインが途切れるか、7日到達すると
1日目から再開されます*
`フレンドポイント X 2000
11月交換券(2023) X 1
`*日替りログインボーナス*
*開催期間中、1日1回 2週間日替りでログインボーナスをプレゼント！*
`聖晶石 X 3
巡霊の葉 X 50
`_2023-11-28 19:36:03_
--------
*e90ade675e1a9ebd16e00fa43d110e6c*
`登陆天数: 96天 / 1317天
等级: 134
石头: 3207
呼符: 82
体力: 154.7 / 139
友情点: 40 / 184935`
*連続ログイン5日目
※ログインが途切れるか、7日到達すると
1日目から再開されます*
`叡智の業火 X 2
11月交換券(2023) X 1
`*日替りログインボーナス*
*開催期間中、1日1回 2週間日替りでログインボーナスをプレゼント！*
`聖晶石 X 3
巡霊の葉 X 50
`_2023-11-28 19:36:11_
--------
