【登录信息】
*5e4f19f5be6b017c0be348046887fd81*
`登陆天数: 125天 / 1423天
等级: 152
石头: 546
呼符: 44
体力: 90.23666666666666 / 142
友情点: 25 / 9276240`
*連続ログイン6日目
※ログインが途切れるか、7日到達すると
1日目から再開されます*
`聖晶石 X 2
11月交換券(2023) X 1
`*日替りログインボーナス*
*開催期間中、1日1回 2週間日替りでログインボーナスをプレゼント！*
`巡霊の葉 X 30
`_2023-11-29 19:35:34_
--------
*42599fb8710d8712d74990f3270a9dcb*
`登陆天数: 128天 / 1355天
等级: 133
石头: 3761
呼符: 43
体力: 56.91666666666667 / 139
友情点: 0 / 1099130`
*連続ログイン2日目
※ログインが途切れるか、7日到達すると
1日目から再開されます*
`聖晶石 X 1
11月交換券(2023) X 1
`*日替りログインボーナス*
*開催期間中、1日1回 2週間日替りでログインボーナスをプレゼント！*
`巡霊の葉 X 30
`_2023-11-29 19:35:44_
--------
*e90ade675e1a9ebd16e00fa43d110e6c*
`登陆天数: 97天 / 1318天
等级: 134
石头: 3207
呼符: 82
体力: 442.64 / 139
友情点: 50 / 184985`
*連続ログイン6日目
※ログインが途切れるか、7日到達すると
1日目から再開されます*
`聖晶石 X 2
11月交換券(2023) X 1
`*日替りログインボーナス*
*開催期間中、1日1回 2週間日替りでログインボーナスをプレゼント！*
`巡霊の葉 X 30
`_2023-11-29 19:35:53_
--------
