【登录信息】
*5e4f19f5be6b017c0be348046887fd81*
`登陆天数: 126天 / 1424天
等级: 152
石头: 555
呼符: 44
体力: 66.26333333333334 / 142
友情点: 75 / 5648565`
*連続ログイン7日間到達おめでとうございます！
明日は1日目からリスタートされます。*
`獣の足跡 X 1
呼符 X 1
12月交換券(2023) X 1
`*日替りログインボーナス*
*開催期間中、1日1回 2週間日替りでログインボーナスをプレゼント！*
`巡霊の葉 X 30
`_2023-11-30 19:35:47_
--------
*42599fb8710d8712d74990f3270a9dcb*
`登陆天数: 129天 / 1356天
等级: 133
石头: 3786
呼符: 48
体力: 59.07666666666667 / 139
友情点: 0 / 1009905`
*連続ログイン3日目
※ログインが途切れるか、7日到達すると
1日目から再開されます*
`叡智の業火 X 1
12月交換券(2023) X 1
`*日替りログインボーナス*
*開催期間中、1日1回 2週間日替りでログインボーナスをプレゼント！*
`巡霊の葉 X 30
`_2023-11-30 19:35:57_
--------
*e90ade675e1a9ebd16e00fa43d110e6c*
`登陆天数: 98天 / 1319天
等级: 134
石头: 3207
呼符: 82
体力: 730.68 / 139
友情点: 80 / 185065`
*連続ログイン7日間到達おめでとうございます！
明日は1日目からリスタートされます。*
`獣の足跡 X 1
呼符 X 1
12月交換券(2023) X 1
`*日替りログインボーナス*
*開催期間中、1日1回 2週間日替りでログインボーナスをプレゼント！*
`巡霊の葉 X 30
`_2023-11-30 19:36:05_
--------
