【登录信息】
*5e4f19f5be6b017c0be348046887fd81*
`登陆天数: 127天 / 1425天
等级: 152
石头: 580
呼符: 51
体力: 75.05 / 142
友情点: 75 / 250`
*連続ログイン1日目
※ログインが途切れるか、7日到達すると
1日目から再開されます*
`フレンドポイント X 2000
12月交換券(2023) X 1
`*日替りログインボーナス*
*開催期間中、1日1回 2週間日替りでログインボーナスをプレゼント！*
`聖晶石 X 2
巡霊の葉 X 100
`_2023-12-01 19:35:54_
--------
*42599fb8710d8712d74990f3270a9dcb*
`登陆天数: 130天 / 1357天
等级: 133
石头: 3794
呼符: 49
体力: 58.44666666666667 / 139
友情点: 0 / 1010040`
*連続ログイン4日目
※ログインが途切れるか、7日到達すると
1日目から再開されます*
`聖晶石 X 1
12月交換券(2023) X 1
`*日替りログインボーナス*
*開催期間中、1日1回 2週間日替りでログインボーナスをプレゼント！*
`聖晶石 X 2
巡霊の葉 X 100
`_2023-12-01 19:36:03_
--------
*e90ade675e1a9ebd16e00fa43d110e6c*
`登陆天数: 99天 / 1320天
等级: 134
石头: 3207
呼符: 82
体力: 1018.7 / 139
友情点: 20 / 185085`
*連続ログイン1日目
※ログインが途切れるか、7日到達すると
1日目から再開されます*
`フレンドポイント X 2000
12月交換券(2023) X 1
`*日替りログインボーナス*
*開催期間中、1日1回 2週間日替りでログインボーナスをプレゼント！*
`聖晶石 X 2
巡霊の葉 X 100
`_2023-12-01 19:36:11_
--------
