【登录信息】
*5e4f19f5be6b017c0be348046887fd81*
`登陆天数: 128天 / 1426天
等级: 152
石头: 583
呼符: 52
体力: 42.86666666666666 / 142
友情点: 50 / 845`
*連続ログイン2日目
※ログインが途切れるか、7日到達すると
1日目から再開されます*
`聖晶石 X 1
12月交換券(2023) X 1
`*日替りログインボーナス*
*開催期間中、1日1回 2週間日替りでログインボーナスをプレゼント！*
`巡霊の葉 X 30
`_2023-12-02 19:35:33_
--------
*42599fb8710d8712d74990f3270a9dcb*
`登陆天数: 131天 / 1358天
等级: 133
石头: 3798
呼符: 50
体力: 37.30666666666667 / 139
友情点: 0 / 1010210`
*連続ログイン5日目
※ログインが途切れるか、7日到達すると
1日目から再開されます*
`叡智の業火 X 2
12月交換券(2023) X 1
`*日替りログインボーナス*
*開催期間中、1日1回 2週間日替りでログインボーナスをプレゼント！*
`巡霊の葉 X 30
`_2023-12-02 19:35:43_
--------
*e90ade675e1a9ebd16e00fa43d110e6c*
`登陆天数: 100天 / 1321天
等级: 134
石头: 3207
呼符: 82
体力: 1306.6366666666668 / 139
友情点: 0 / 185095`
*連続ログイン2日目
※ログインが途切れるか、7日到達すると
1日目から再開されます*
`聖晶石 X 1
12月交換券(2023) X 1
`*日替りログインボーナス*
*開催期間中、1日1回 2週間日替りでログインボーナスをプレゼント！*
`巡霊の葉 X 30
`_2023-12-02 19:35:52_
--------
