【登录信息】
*5e4f19f5be6b017c0be348046887fd81*
`登陆天数: 129天 / 1427天
等级: 152
石头: 586
呼符: 52
体力: 28.823333333333338 / 142
友情点: 0 / 2045`
*連続ログイン3日目
※ログインが途切れるか、7日到達すると
1日目から再開されます*
`叡智の業火 X 1
12月交換券(2023) X 1
`*日替りログインボーナス*
*開催期間中、1日1回 2週間日替りでログインボーナスをプレゼント！*
`巡霊の葉 X 30
`_2023-12-03 19:35:44_
--------
*42599fb8710d8712d74990f3270a9dcb*
`登陆天数: 132天 / 1359天
等级: 133
石头: 3800
呼符: 50
体力: 32.44 / 139
友情点: 0 / 1011355`
*連続ログイン6日目
※ログインが途切れるか、7日到達すると
1日目から再開されます*
`聖晶石 X 2
12月交換券(2023) X 1
`*日替りログインボーナス*
*開催期間中、1日1回 2週間日替りでログインボーナスをプレゼント！*
`巡霊の葉 X 30
`_2023-12-03 19:35:53_
--------
*e90ade675e1a9ebd16e00fa43d110e6c*
`登陆天数: 101天 / 1322天
等级: 134
石头: 3207
呼符: 82
体力: 1594.6666666666667 / 139
友情点: 0 / 185095`
*連続ログイン3日目
※ログインが途切れるか、7日到達すると
1日目から再開されます*
`叡智の業火 X 1
12月交換券(2023) X 1
`*日替りログインボーナス*
*開催期間中、1日1回 2週間日替りでログインボーナスをプレゼント！*
`巡霊の葉 X 30
`_2023-12-03 19:36:01_
--------
