【登录信息】
*5e4f19f5be6b017c0be348046887fd81*
`登陆天数: 130天 / 1428天
等级: 152
石头: 586
呼符: 53
体力: 74.83333333333333 / 142
友情点: 75 / 2320`
*連続ログイン4日目
※ログインが途切れるか、7日到達すると
1日目から再開されます*
`聖晶石 X 1
12月交換券(2023) X 1
`*日替りログインボーナス*
*開催期間中、1日1回 2週間日替りでログインボーナスをプレゼント！*
`巡霊の葉 X 30
`_2023-12-04 19:35:57_
--------
*42599fb8710d8712d74990f3270a9dcb*
`登陆天数: 133天 / 1360天
等级: 133
石头: 3802
呼符: 51
体力: 69.32333333333334 / 139
友情点: 0 / 1011490`
*連続ログイン7日間到達おめでとうございます！
明日は1日目からリスタートされます。*
`獣の足跡 X 1
呼符 X 1
12月交換券(2023) X 1
`*日替りログインボーナス*
*開催期間中、1日1回 2週間日替りでログインボーナスをプレゼント！*
`巡霊の葉 X 30
`_2023-12-04 19:36:07_
--------
*e90ade675e1a9ebd16e00fa43d110e6c*
`登陆天数: 102天 / 1323天
等级: 134
石头: 3207
呼符: 82
体力: 1882.7133333333334 / 139
友情点: 30 / 185185`
*連続ログイン4日目
※ログインが途切れるか、7日到達すると
1日目から再開されます*
`聖晶石 X 1
12月交換券(2023) X 1
`*日替りログインボーナス*
*開催期間中、1日1回 2週間日替りでログインボーナスをプレゼント！*
`巡霊の葉 X 30
`_2023-12-04 19:36:15_
--------
