【登录信息】
*5e4f19f5be6b017c0be348046887fd81*
`登陆天数: 131天 / 1429天
等级: 152
石头: 586
呼符: 53
体力: 68.56333333333333 / 142
友情点: 75 / 2595`
*連続ログイン5日目
※ログインが途切れるか、7日到達すると
1日目から再開されます*
`叡智の業火 X 2
12月交換券(2023) X 1
`*日替りログインボーナス*
*開催期間中、1日1回 2週間日替りでログインボーナスをプレゼント！*
`聖晶石 X 3
巡霊の葉 X 50
`_2023-12-05 19:35:49_
--------
*42599fb8710d8712d74990f3270a9dcb*
`登陆天数: 134天 / 1361天
等级: 133
石头: 3802
呼符: 52
体力: 63.760000000000005 / 139
友情点: 0 / 1011625`
*連続ログイン1日目
※ログインが途切れるか、7日到達すると
1日目から再開されます*
`フレンドポイント X 2000
12月交換券(2023) X 1
`*日替りログインボーナス*
*開催期間中、1日1回 2週間日替りでログインボーナスをプレゼント！*
`聖晶石 X 3
巡霊の葉 X 50
`_2023-12-05 19:35:58_
--------
*e90ade675e1a9ebd16e00fa43d110e6c*
`登陆天数: 103天 / 1324天
等级: 134
石头: 3207
呼符: 82
体力: 2170.6833333333334 / 139
友情点: 10 / 185235`
*連続ログイン5日目
※ログインが途切れるか、7日到達すると
1日目から再開されます*
`叡智の業火 X 2
12月交換券(2023) X 1
`*日替りログインボーナス*
*開催期間中、1日1回 2週間日替りでログインボーナスをプレゼント！*
`聖晶石 X 3
巡霊の葉 X 50
`_2023-12-05 19:36:06_
--------
