【登录信息】
*5e4f19f5be6b017c0be348046887fd81*
`登陆天数: 132天 / 1430天
等级: 152
石头: 590
呼符: 53
体力: 30.75333333333333 / 142
友情点: 0 / 3805`
*連続ログイン6日目
※ログインが途切れるか、7日到達すると
1日目から再開されます*
`聖晶石 X 2
12月交換券(2023) X 1
`*激走！川中島24時 ぐだぐだ超五稜郭 殺しのサインはM51
開幕記念 ログインボーナス*
*開催期間中、1日1回 最大21回ログインボーナスをプレゼント！*
`白銀の果実 X 1
`_2023-12-06 19:35:49_
--------
*42599fb8710d8712d74990f3270a9dcb*
`登陆天数: 135天 / 1362天
等级: 133
石头: 3805
呼符: 52
体力: 42.29333333333334 / 139
友情点: 0 / 1014530`
*連続ログイン2日目
※ログインが途切れるか、7日到達すると
1日目から再開されます*
`聖晶石 X 1
12月交換券(2023) X 1
`*激走！川中島24時 ぐだぐだ超五稜郭 殺しのサインはM51
開幕記念 ログインボーナス*
*開催期間中、1日1回 最大21回ログインボーナスをプレゼント！*
`白銀の果実 X 1
`_2023-12-06 19:35:59_
--------
*e90ade675e1a9ebd16e00fa43d110e6c*
`登陆天数: 104天 / 1325天
等级: 135
石头: 3079
呼符: 91
体力: 43.849999999999994 / 139
友情点: 50 / 133275`
*連続ログイン6日目
※ログインが途切れるか、7日到達すると
1日目から再開されます*
`聖晶石 X 2
12月交換券(2023) X 1
`*激走！川中島24時 ぐだぐだ超五稜郭 殺しのサインはM51
開幕記念 ログインボーナス*
*開催期間中、1日1回 最大21回ログインボーナスをプレゼント！*
`黄金の果実 X 1
`_2023-12-06 19:36:08_
--------
