【登录信息】
*5e4f19f5be6b017c0be348046887fd81*
`登陆天数: 133天 / 1431天
等级: 152
石头: 593
呼符: 53
体力: 41.129999999999995 / 142
友情点: 0 / 4605`
*連続ログイン7日間到達おめでとうございます！
明日は1日目からリスタートされます。*
`獣の足跡 X 1
呼符 X 1
12月交換券(2023) X 1
`*激走！川中島24時 ぐだぐだ超五稜郭 殺しのサインはM51
開幕記念 ログインボーナス*
*開催期間中、1日1回 最大21回ログインボーナスをプレゼント！*
`白銀の果実 X 1
`_2023-12-07 19:35:50_
--------
*42599fb8710d8712d74990f3270a9dcb*
`登陆天数: 136天 / 1363天
等级: 133
石头: 3807
呼符: 52
体力: 33.44 / 139
友情点: 0 / 1015005`
*連続ログイン3日目
※ログインが途切れるか、7日到達すると
1日目から再開されます*
`叡智の業火 X 1
12月交換券(2023) X 1
`*激走！川中島24時 ぐだぐだ超五稜郭 殺しのサインはM51
開幕記念 ログインボーナス*
*開催期間中、1日1回 最大21回ログインボーナスをプレゼント！*
`白銀の果実 X 1
`_2023-12-07 19:35:59_
--------
*e90ade675e1a9ebd16e00fa43d110e6c*
`登陆天数: 105天 / 1326天
等级: 135
石头: 3079
呼符: 91
体力: 331.8466666666667 / 139
友情点: 460 / 133735`
*連続ログイン7日間到達おめでとうございます！
明日は1日目からリスタートされます。*
`獣の足跡 X 1
呼符 X 1
12月交換券(2023) X 1
`*激走！川中島24時 ぐだぐだ超五稜郭 殺しのサインはM51
開幕記念 ログインボーナス*
*開催期間中、1日1回 最大21回ログインボーナスをプレゼント！*
`白銀の果実 X 1
`_2023-12-07 19:36:07_
--------
