【登录信息】
*5e4f19f5be6b017c0be348046887fd81*
`登陆天数: 134天 / 1432天
等级: 152
石头: 595
呼符: 54
体力: 66.33 / 142
友情点: 0 / 4755`
*連続ログイン1日目
※ログインが途切れるか、7日到達すると
1日目から再開されます*
`フレンドポイント X 2000
12月交換券(2023) X 1
`*激走！川中島24時 ぐだぐだ超五稜郭 殺しのサインはM51
開幕記念 ログインボーナス*
*開催期間中、1日1回 最大21回ログインボーナスをプレゼント！*
`白銀の果実 X 1
`_2023-12-08 19:35:42_
--------
*42599fb8710d8712d74990f3270a9dcb*
`登陆天数: 137天 / 1364天
等级: 133
石头: 3808
呼符: 52
体力: 61.55333333333333 / 139
友情点: 0 / 1015155`
*連続ログイン4日目
※ログインが途切れるか、7日到達すると
1日目から再開されます*
`聖晶石 X 1
12月交換券(2023) X 1
`*激走！川中島24時 ぐだぐだ超五稜郭 殺しのサインはM51
開幕記念 ログインボーナス*
*開催期間中、1日1回 最大21回ログインボーナスをプレゼント！*
`白銀の果実 X 1
`_2023-12-08 19:35:51_
--------
*e90ade675e1a9ebd16e00fa43d110e6c*
`登陆天数: 106天 / 1327天
等级: 135
石头: 3079
呼符: 91
体力: 619.8233333333333 / 139
友情点: 160 / 133965`
*連続ログイン1日目
※ログインが途切れるか、7日到達すると
1日目から再開されます*
`フレンドポイント X 2000
12月交換券(2023) X 1
`*激走！川中島24時 ぐだぐだ超五稜郭 殺しのサインはM51
開幕記念 ログインボーナス*
*開催期間中、1日1回 最大21回ログインボーナスをプレゼント！*
`白銀の果実 X 1
`_2023-12-08 19:36:00_
--------
