【登录信息】
*5e4f19f5be6b017c0be348046887fd81*
`登陆天数: 135天 / 1433天
等级: 152
石头: 595
呼符: 54
体力: 62.53666666666666 / 142
友情点: 0 / 4905`
*連続ログイン2日目
※ログインが途切れるか、7日到達すると
1日目から再開されます*
`聖晶石 X 1
12月交換券(2023) X 1
`*激走！川中島24時 ぐだぐだ超五稜郭 殺しのサインはM51
開幕記念 ログインボーナス*
*開催期間中、1日1回 最大21回ログインボーナスをプレゼント！*
`白銀の果実 X 1
`_2023-12-09 19:35:41_
--------
*42599fb8710d8712d74990f3270a9dcb*
`登陆天数: 138天 / 1365天
等级: 133
石头: 3808
呼符: 52
体力: 57.29333333333334 / 139
友情点: 0 / 1015305`
*連続ログイン5日目
※ログインが途切れるか、7日到達すると
1日目から再開されます*
`叡智の業火 X 2
12月交換券(2023) X 1
`*激走！川中島24時 ぐだぐだ超五稜郭 殺しのサインはM51
開幕記念 ログインボーナス*
*開催期間中、1日1回 最大21回ログインボーナスをプレゼント！*
`白銀の果実 X 1
`_2023-12-09 19:35:51_
--------
*e90ade675e1a9ebd16e00fa43d110e6c*
`登陆天数: 107天 / 1328天
等级: 135
石头: 3079
呼符: 91
体力: 907.82 / 139
友情点: 240 / 134205`
*連続ログイン2日目
※ログインが途切れるか、7日到達すると
1日目から再開されます*
`聖晶石 X 1
12月交換券(2023) X 1
`*激走！川中島24時 ぐだぐだ超五稜郭 殺しのサインはM51
開幕記念 ログインボーナス*
*開催期間中、1日1回 最大21回ログインボーナスをプレゼント！*
`白銀の果実 X 1
`_2023-12-09 19:35:59_
--------
