【登录信息】
*5e4f19f5be6b017c0be348046887fd81*
`登陆天数: 136天 / 1434天
等级: 152
石头: 595
呼符: 54
体力: 60.82666666666667 / 142
友情点: 0 / 5055`
*連続ログイン3日目
※ログインが途切れるか、7日到達すると
1日目から再開されます*
`叡智の業火 X 1
12月交換券(2023) X 1
`*激走！川中島24時 ぐだぐだ超五稜郭 殺しのサインはM51
開幕記念 ログインボーナス*
*開催期間中、1日1回 最大21回ログインボーナスをプレゼント！*
`白銀の果実 X 1
`_2023-12-10 19:35:43_
--------
*42599fb8710d8712d74990f3270a9dcb*
`登陆天数: 139天 / 1366天
等级: 133
石头: 3809
呼符: 52
体力: 55.92 / 139
友情点: 0 / 1015455`
*連続ログイン6日目
※ログインが途切れるか、7日到達すると
1日目から再開されます*
`聖晶石 X 2
12月交換券(2023) X 1
`*激走！川中島24時 ぐだぐだ超五稜郭 殺しのサインはM51
開幕記念 ログインボーナス*
*開催期間中、1日1回 最大21回ログインボーナスをプレゼント！*
`白銀の果実 X 1
`_2023-12-10 19:35:52_
--------
*e90ade675e1a9ebd16e00fa43d110e6c*
`登陆天数: 108天 / 1329天
等级: 135
石头: 3079
呼符: 91
体力: 1195.8233333333333 / 139
友情点: 150 / 134355`
*連続ログイン3日目
※ログインが途切れるか、7日到達すると
1日目から再開されます*
`叡智の業火 X 1
12月交換券(2023) X 1
`*激走！川中島24時 ぐだぐだ超五稜郭 殺しのサインはM51
開幕記念 ログインボーナス*
*開催期間中、1日1回 最大21回ログインボーナスをプレゼント！*
`白銀の果実 X 1
`_2023-12-10 19:36:00_
--------
