【登录信息】
*5e4f19f5be6b017c0be348046887fd81*
`登陆天数: 137天 / 1435天
等级: 152
石头: 596
呼符: 54
体力: 59.709999999999994 / 142
友情点: 0 / 5205`
*連続ログイン4日目
※ログインが途切れるか、7日到達すると
1日目から再開されます*
`聖晶石 X 1
12月交換券(2023) X 1
`*激走！川中島24時 ぐだぐだ超五稜郭 殺しのサインはM51
開幕記念 ログインボーナス*
*開催期間中、1日1回 最大21回ログインボーナスをプレゼント！*
`白銀の果実 X 1
`_2023-12-11 19:36:04_
--------
*42599fb8710d8712d74990f3270a9dcb*
`登陆天数: 140天 / 1367天
等级: 133
石头: 3811
呼符: 52
体力: 55.05666666666667 / 139
友情点: 0 / 1015605`
*連続ログイン7日間到達おめでとうございます！
明日は1日目からリスタートされます。*
`獣の足跡 X 1
呼符 X 1
12月交換券(2023) X 1
`*激走！川中島24時 ぐだぐだ超五稜郭 殺しのサインはM51
開幕記念 ログインボーナス*
*開催期間中、1日1回 最大21回ログインボーナスをプレゼント！*
`白銀の果実 X 1
`_2023-12-11 19:36:13_
--------
*e90ade675e1a9ebd16e00fa43d110e6c*
`登陆天数: 109天 / 1330天
等级: 135
石头: 3085
呼符: 92
体力: 40.58666666666667 / 139
友情点: 60 / 134970`
*連続ログイン4日目
※ログインが途切れるか、7日到達すると
1日目から再開されます*
`聖晶石 X 1
12月交換券(2023) X 1
`*激走！川中島24時 ぐだぐだ超五稜郭 殺しのサインはM51
開幕記念 ログインボーナス*
*開催期間中、1日1回 最大21回ログインボーナスをプレゼント！*
`白銀の果実 X 1
`_2023-12-11 19:36:22_
--------
