【登录信息】
*5e4f19f5be6b017c0be348046887fd81*
`登陆天数: 138天 / 1436天
等级: 152
石头: 597
呼符: 54
体力: 74.75666666666666 / 142
友情点: 0 / 5355`
*連続ログイン5日目
※ログインが途切れるか、7日到達すると
1日目から再開されます*
`叡智の業火 X 2
12月交換券(2023) X 1
`*激走！川中島24時 ぐだぐだ超五稜郭 殺しのサインはM51
開幕記念 ログインボーナス*
*開催期間中、1日1回 最大21回ログインボーナスをプレゼント！*
`黄金の果実 X 1
`_2023-12-12 19:35:54_
--------
*42599fb8710d8712d74990f3270a9dcb*
`登陆天数: 141天 / 1368天
等级: 133
石头: 3811
呼符: 53
体力: 69.09333333333333 / 139
友情点: 0 / 1015755`
*連続ログイン1日目
※ログインが途切れるか、7日到達すると
1日目から再開されます*
`フレンドポイント X 2000
12月交換券(2023) X 1
`*激走！川中島24時 ぐだぐだ超五稜郭 殺しのサインはM51
開幕記念 ログインボーナス*
*開催期間中、1日1回 最大21回ログインボーナスをプレゼント！*
`黄金の果実 X 1
`_2023-12-12 19:36:02_
--------
*e90ade675e1a9ebd16e00fa43d110e6c*
`登陆天数: 110天 / 1331天
等级: 135
石头: 3085
呼符: 92
体力: 328.55 / 139
友情点: 320 / 135320`
*連続ログイン5日目
※ログインが途切れるか、7日到達すると
1日目から再開されます*
`叡智の業火 X 2
12月交換券(2023) X 1
`*激走！川中島24時 ぐだぐだ超五稜郭 殺しのサインはM51
開幕記念 ログインボーナス*
*開催期間中、1日1回 最大21回ログインボーナスをプレゼント！*
`白銀の果実 X 1
`_2023-12-12 19:36:11_
--------
