【登录信息】
*5e4f19f5be6b017c0be348046887fd81*
`登陆天数: 139天 / 1437天
等级: 152
石头: 597
呼符: 54
体力: 71.05 / 142
友情点: 0 / 11505`
*連続ログイン6日目
※ログインが途切れるか、7日到達すると
1日目から再開されます*
`聖晶石 X 2
12月交換券(2023) X 1
`*激走！川中島24時 ぐだぐだ超五稜郭 殺しのサインはM51
開幕記念 ログインボーナス*
*開催期間中、1日1回 最大21回ログインボーナスをプレゼント！*
`白銀の果実 X 1
`_2023-12-13 19:36:04_
--------
*42599fb8710d8712d74990f3270a9dcb*
`登陆天数: 142天 / 1369天
等级: 133
石头: 3811
呼符: 53
体力: 65.88666666666667 / 139
友情点: 0 / 1017905`
*連続ログイン2日目
※ログインが途切れるか、7日到達すると
1日目から再開されます*
`聖晶石 X 1
12月交換券(2023) X 1
`*激走！川中島24時 ぐだぐだ超五稜郭 殺しのサインはM51
開幕記念 ログインボーナス*
*開催期間中、1日1回 最大21回ログインボーナスをプレゼント！*
`白銀の果実 X 1
`_2023-12-13 19:36:13_
--------
*e90ade675e1a9ebd16e00fa43d110e6c*
`登陆天数: 111天 / 1332天
等级: 135
石头: 2810
呼符: 92
体力: 36.71333333333334 / 139
友情点: 10 / 143575`
*連続ログイン6日目
※ログインが途切れるか、7日到達すると
1日目から再開されます*
`聖晶石 X 2
12月交換券(2023) X 1
`*激走！川中島24時 ぐだぐだ超五稜郭 殺しのサインはM51
開幕記念 ログインボーナス*
*開催期間中、1日1回 最大21回ログインボーナスをプレゼント！*
`黄金の果実 X 1
`_2023-12-13 19:36:22_
--------
