【登录信息】
*5e4f19f5be6b017c0be348046887fd81*
`登陆天数: 141天 / 1439天
等级: 153
石头: 599
呼符: 55
体力: 60.459999999999994 / 143
友情点: 0 / 11580`
*連続ログイン1日目
※ログインが途切れるか、7日到達すると
1日目から再開されます*
`フレンドポイント X 2000
12月交換券(2023) X 1
`*激走！川中島24時 ぐだぐだ超五稜郭 殺しのサインはM51
開幕記念 ログインボーナス*
*開催期間中、1日1回 最大21回ログインボーナスをプレゼント！*
`白銀の果実 X 1
`_2023-12-15 19:35:44_
--------
*42599fb8710d8712d74990f3270a9dcb*
`登陆天数: 144天 / 1371天
等级: 133
石头: 3812
呼符: 53
体力: 56.849999999999994 / 139
友情点: 0 / 1018205`
*連続ログイン4日目
※ログインが途切れるか、7日到達すると
1日目から再開されます*
`聖晶石 X 1
12月交換券(2023) X 1
`*激走！川中島24時 ぐだぐだ超五稜郭 殺しのサインはM51
開幕記念 ログインボーナス*
*開催期間中、1日1回 最大21回ログインボーナスをプレゼント！*
`白銀の果実 X 1
`_2023-12-15 19:35:53_
--------
*e90ade675e1a9ebd16e00fa43d110e6c*
`登陆天数: 113天 / 1334天
等级: 135
石头: 2810
呼符: 92
体力: 473.3433333333333 / 139
友情点: 190 / 143985`
*連続ログイン1日目
※ログインが途切れるか、7日到達すると
1日目から再開されます*
`フレンドポイント X 2000
12月交換券(2023) X 1
`*激走！川中島24時 ぐだぐだ超五稜郭 殺しのサインはM51
開幕記念 ログインボーナス*
*開催期間中、1日1回 最大21回ログインボーナスをプレゼント！*
`白銀の果実 X 1
`_2023-12-15 19:36:01_
--------
