【登录信息】
*5e4f19f5be6b017c0be348046887fd81*
`登陆天数: 142天 / 1440天
等级: 153
石头: 599
呼符: 55
体力: 57.873333333333335 / 143
友情点: 100 / 11765`
*連続ログイン2日目
※ログインが途切れるか、7日到達すると
1日目から再開されます*
`聖晶石 X 1
12月交換券(2023) X 1
`*激走！川中島24時 ぐだぐだ超五稜郭 殺しのサインはM51
開幕記念 ログインボーナス*
*開催期間中、1日1回 最大21回ログインボーナスをプレゼント！*
`白銀の果実 X 1
`_2023-12-16 19:35:38_
--------
*42599fb8710d8712d74990f3270a9dcb*
`登陆天数: 145天 / 1372天
等级: 133
石头: 3818
呼符: 53
体力: 52.14666666666666 / 139
友情点: 0 / 1018355`
*連続ログイン5日目
※ログインが途切れるか、7日到達すると
1日目から再開されます*
`叡智の業火 X 2
12月交換券(2023) X 1
`*激走！川中島24時 ぐだぐだ超五稜郭 殺しのサインはM51
開幕記念 ログインボーナス*
*開催期間中、1日1回 最大21回ログインボーナスをプレゼント！*
`白銀の果実 X 1
`_2023-12-16 19:35:48_
--------
*e90ade675e1a9ebd16e00fa43d110e6c*
`登陆天数: 114天 / 1335天
等级: 135
石头: 2810
呼符: 92
体力: 761.3233333333334 / 139
友情点: 300 / 144305`
*連続ログイン2日目
※ログインが途切れるか、7日到達すると
1日目から再開されます*
`聖晶石 X 1
12月交換券(2023) X 1
`*激走！川中島24時 ぐだぐだ超五稜郭 殺しのサインはM51
開幕記念 ログインボーナス*
*開催期間中、1日1回 最大21回ログインボーナスをプレゼント！*
`白銀の果実 X 1
`_2023-12-16 19:35:56_
--------
