【登录信息】
*5e4f19f5be6b017c0be348046887fd81*
`登陆天数: 143天 / 1441天
等级: 153
石头: 603
呼符: 55
体力: 60.876666666666665 / 143
友情点: 260 / 12545`
*連続ログイン3日目
※ログインが途切れるか、7日到達すると
1日目から再開されます*
`叡智の業火 X 1
12月交換券(2023) X 1
`*激走！川中島24時 ぐだぐだ超五稜郭 殺しのサインはM51
開幕記念 ログインボーナス*
*開催期間中、1日1回 最大21回ログインボーナスをプレゼント！*
`白銀の果実 X 1
`_2023-12-17 19:35:40_
--------
*42599fb8710d8712d74990f3270a9dcb*
`登陆天数: 146天 / 1373天
等级: 133
石头: 3818
呼符: 53
体力: 54.736666666666665 / 139
友情点: 0 / 1018505`
*連続ログイン6日目
※ログインが途切れるか、7日到達すると
1日目から再開されます*
`聖晶石 X 2
12月交換券(2023) X 1
`*激走！川中島24時 ぐだぐだ超五稜郭 殺しのサインはM51
開幕記念 ログインボーナス*
*開催期間中、1日1回 最大21回ログインボーナスをプレゼント！*
`白銀の果実 X 1
`_2023-12-17 19:35:50_
--------
*e90ade675e1a9ebd16e00fa43d110e6c*
`登陆天数: 115天 / 1336天
等级: 135
石头: 2810
呼符: 92
体力: 1049.3333333333335 / 139
友情点: 320 / 150865`
*連続ログイン3日目
※ログインが途切れるか、7日到達すると
1日目から再開されます*
`叡智の業火 X 1
12月交換券(2023) X 1
`*激走！川中島24時 ぐだぐだ超五稜郭 殺しのサインはM51
開幕記念 ログインボーナス*
*開催期間中、1日1回 最大21回ログインボーナスをプレゼント！*
`白銀の果実 X 1
`_2023-12-17 19:35:59_
--------
