【登录信息】
*5e4f19f5be6b017c0be348046887fd81*
`登陆天数: 145天 / 1443天
等级: 153
石头: 603
呼符: 55
体力: 73.10666666666667 / 143
友情点: 40 / 13770`
*連続ログイン5日目
※ログインが途切れるか、7日到達すると
1日目から再開されます*
`叡智の業火 X 2
12月交換券(2023) X 1
`_2023-12-19 19:36:00_
--------
*42599fb8710d8712d74990f3270a9dcb*
`登陆天数: 148天 / 1375天
等级: 133
石头: 3820
呼符: 53
体力: 59.67666666666666 / 139
友情点: 0 / 1014655`
*連続ログイン1日目
※ログインが途切れるか、7日到達すると
1日目から再開されます*
`フレンドポイント X 2000
12月交換券(2023) X 1
`_2023-12-19 19:36:08_
--------
*e90ade675e1a9ebd16e00fa43d110e6c*
`登陆天数: 117天 / 1338天
等级: 135
石头: 2810
呼符: 92
体力: 1625.39 / 139
友情点: 40 / 151125`
*連続ログイン5日目
※ログインが途切れるか、7日到達すると
1日目から再開されます*
`叡智の業火 X 2
12月交換券(2023) X 1
`_2023-12-19 19:36:16_
--------
