【登录信息】
*5e4f19f5be6b017c0be348046887fd81*
`登陆天数: 146天 / 1444天
等级: 153
石头: 609
呼符: 55
体力: 44.24666666666667 / 143
友情点: 50 / 12355`
*連続ログイン6日目
※ログインが途切れるか、7日到達すると
1日目から再開されます*
`聖晶石 X 2
12月交換券(2023) X 1
`*雪原のメリー・クリスマス2023 ～7days / 8years Snow Carol～開幕記念 ログインボーナス*
*開催期間中、1日1回 最大10回ログインボーナスをプレゼント！*
`白銀の果実 X 1
`_2023-12-20 19:35:47_
--------
*42599fb8710d8712d74990f3270a9dcb*
`登陆天数: 149天 / 1376天
等级: 133
石头: 3825
呼符: 54
体力: 42.28333333333333 / 139
友情点: 0 / 939015`
*連続ログイン2日目
※ログインが途切れるか、7日到達すると
1日目から再開されます*
`聖晶石 X 1
12月交換券(2023) X 1
`*雪原のメリー・クリスマス2023 ～7days / 8years Snow Carol～開幕記念 ログインボーナス*
*開催期間中、1日1回 最大10回ログインボーナスをプレゼント！*
`白銀の果実 X 1
`_2023-12-20 19:35:55_
--------
*e90ade675e1a9ebd16e00fa43d110e6c*
`登陆天数: 118天 / 1339天
等级: 136
石头: 2859
呼符: 94
体力: 58.56 / 139
友情点: 220 / 621915`
*連続ログイン6日目
※ログインが途切れるか、7日到達すると
1日目から再開されます*
`聖晶石 X 2
12月交換券(2023) X 1
`*雪原のメリー・クリスマス2023 ～7days / 8years Snow Carol～開幕記念 ログインボーナス*
*開催期間中、1日1回 最大10回ログインボーナスをプレゼント！*
`白銀の果実 X 1
`_2023-12-20 19:36:03_
--------
