【登录信息】
*5e4f19f5be6b017c0be348046887fd81*
`登陆天数: 147天 / 1445天
等级: 153
石头: 614
呼符: 56
体力: 53.726666666666674 / 143
友情点: 105 / 604275`
*連続ログイン7日間到達おめでとうございます！
明日は1日目からリスタートされます。*
`獣の足跡 X 1
呼符 X 1
12月交換券(2023) X 1
`*雪原のメリー・クリスマス2023 ～7days / 8years Snow Carol～開幕記念 ログインボーナス*
*開催期間中、1日1回 最大10回ログインボーナスをプレゼント！*
`白銀の果実 X 1
`_2023-12-21 19:35:46_
--------
*42599fb8710d8712d74990f3270a9dcb*
`登陆天数: 150天 / 1377天
等级: 133
石头: 3826
呼符: 54
体力: 56.81999999999999 / 139
友情点: 0 / 939165`
*連続ログイン3日目
※ログインが途切れるか、7日到達すると
1日目から再開されます*
`叡智の業火 X 1
12月交換券(2023) X 1
`*雪原のメリー・クリスマス2023 ～7days / 8years Snow Carol～開幕記念 ログインボーナス*
*開催期間中、1日1回 最大10回ログインボーナスをプレゼント！*
`白銀の果実 X 1
`_2023-12-21 19:35:54_
--------
*e90ade675e1a9ebd16e00fa43d110e6c*
`登陆天数: 119天 / 1340天
等级: 136
石头: 2859
呼符: 94
体力: 346.55333333333334 / 139
友情点: 375 / 622300`
*連続ログイン7日間到達おめでとうございます！
明日は1日目からリスタートされます。*
`獣の足跡 X 1
呼符 X 1
12月交換券(2023) X 1
`*雪原のメリー・クリスマス2023 ～7days / 8years Snow Carol～開幕記念 ログインボーナス*
*開催期間中、1日1回 最大10回ログインボーナスをプレゼント！*
`白銀の果実 X 1
`_2023-12-21 19:36:01_
--------
