【登录信息】
*5e4f19f5be6b017c0be348046887fd81*
`登陆天数: 148天 / 1446天
等级: 154
石头: 619
呼符: 56
体力: 33.763333333333335 / 143
友情点: 4230 / 619725`
*連続ログイン1日目
※ログインが途切れるか、7日到達すると
1日目から再開されます*
`フレンドポイント X 2000
12月交換券(2023) X 1
`*雪原のメリー・クリスマス2023 ～7days / 8years Snow Carol～開幕記念 ログインボーナス*
*開催期間中、1日1回 最大10回ログインボーナスをプレゼント！*
`白銀の果実 X 1
`_2023-12-22 19:35:25_
--------
*42599fb8710d8712d74990f3270a9dcb*
`登陆天数: 151天 / 1378天
等级: 134
石头: 3833
呼符: 54
体力: 35.25666666666666 / 139
友情点: 0 / 944365`
*連続ログイン4日目
※ログインが途切れるか、7日到達すると
1日目から再開されます*
`聖晶石 X 1
12月交換券(2023) X 1
`*雪原のメリー・クリスマス2023 ～7days / 8years Snow Carol～開幕記念 ログインボーナス*
*開催期間中、1日1回 最大10回ログインボーナスをプレゼント！*
`白銀の果実 X 1
`_2023-12-22 19:35:33_
--------
*e90ade675e1a9ebd16e00fa43d110e6c*
`登陆天数: 120天 / 1341天
等级: 136
石头: 2860
呼符: 94
体力: 156.93666666666667 / 139
友情点: 30 / 622670`
*連続ログイン1日目
※ログインが途切れるか、7日到達すると
1日目から再開されます*
`フレンドポイント X 2000
12月交換券(2023) X 1
`*雪原のメリー・クリスマス2023 ～7days / 8years Snow Carol～開幕記念 ログインボーナス*
*開催期間中、1日1回 最大10回ログインボーナスをプレゼント！*
`白銀の果実 X 1
`_2023-12-22 19:35:41_
--------
