【登录信息】
*5e4f19f5be6b017c0be348046887fd81*
`登陆天数: 149天 / 1447天
等级: 155
石头: 653
呼符: 57
体力: 43.209999999999994 / 143
友情点: 570 / 641710`
*連続ログイン2日目
※ログインが途切れるか、7日到達すると
1日目から再開されます*
`聖晶石 X 1
12月交換券(2023) X 1
`*雪原のメリー・クリスマス2023 ～7days / 8years Snow Carol～開幕記念 ログインボーナス*
*開催期間中、1日1回 最大10回ログインボーナスをプレゼント！*
`白銀の果実 X 1
`_2023-12-23 19:35:44_
--------
*42599fb8710d8712d74990f3270a9dcb*
`登陆天数: 152天 / 1379天
等级: 137
石头: 3859
呼符: 55
体力: 36.16666666666667 / 140
友情点: 0 / 1802950`
*連続ログイン5日目
※ログインが途切れるか、7日到達すると
1日目から再開されます*
`叡智の業火 X 2
12月交換券(2023) X 1
`*雪原のメリー・クリスマス2023 ～7days / 8years Snow Carol～開幕記念 ログインボーナス*
*開催期間中、1日1回 最大10回ログインボーナスをプレゼント！*
`白銀の果実 X 1
`_2023-12-23 19:35:52_
--------
*e90ade675e1a9ebd16e00fa43d110e6c*
`登陆天数: 121天 / 1342天
等级: 136
石头: 2861
呼符: 94
体力: 191.45 / 139
友情点: 20 / 622815`
*連続ログイン2日目
※ログインが途切れるか、7日到達すると
1日目から再開されます*
`聖晶石 X 1
12月交換券(2023) X 1
`*雪原のメリー・クリスマス2023 ～7days / 8years Snow Carol～開幕記念 ログインボーナス*
*開催期間中、1日1回 最大10回ログインボーナスをプレゼント！*
`白銀の果実 X 1
`_2023-12-23 19:36:00_
--------
