【登录信息】
*5e4f19f5be6b017c0be348046887fd81*
`登陆天数: 150天 / 1448天
等级: 155
石头: 655
呼符: 57
体力: 57.129999999999995 / 143
友情点: 235 / 647520`
*連続ログイン3日目
※ログインが途切れるか、7日到達すると
1日目から再開されます*
`叡智の業火 X 1
12月交換券(2023) X 1
`*ネモ〔サンタ〕からのクリスマスプレゼント*
*開催期間中、初回ログインで「聖晶石×10」をプレゼント！*
`聖晶石 X 10
`_2023-12-24 19:35:41_
--------
*42599fb8710d8712d74990f3270a9dcb*
`登陆天数: 153天 / 1380天
等级: 137
石头: 3863
呼符: 55
体力: 35.28333333333333 / 140
友情点: 0 / 1808325`
*連続ログイン6日目
※ログインが途切れるか、7日到達すると
1日目から再開されます*
`聖晶石 X 2
12月交換券(2023) X 1
`*ネモ〔サンタ〕からのクリスマスプレゼント*
*開催期間中、初回ログインで「聖晶石×10」をプレゼント！*
`聖晶石 X 10
`_2023-12-24 19:35:49_
--------
*e90ade675e1a9ebd16e00fa43d110e6c*
`登陆天数: 122天 / 1343天
等级: 136
石头: 2862
呼符: 94
体力: 158.54666666666668 / 139
友情点: 45 / 623005`
*連続ログイン3日目
※ログインが途切れるか、7日到達すると
1日目から再開されます*
`叡智の業火 X 1
12月交換券(2023) X 1
`*ネモ〔サンタ〕からのクリスマスプレゼント*
*開催期間中、初回ログインで「聖晶石×10」をプレゼント！*
`聖晶石 X 10
`_2023-12-24 19:35:57_
--------
