【登录信息】
*5e4f19f5be6b017c0be348046887fd81*
`登陆天数: 151天 / 1449天
等级: 155
石头: 656
呼符: 57
体力: 59.7 / 143
友情点: 150 / 648250`
*連続ログイン4日目
※ログインが途切れるか、7日到達すると
1日目から再開されます*
`聖晶石 X 1
12月交換券(2023) X 1
`*雪原のメリー・クリスマス2023 ～7days / 8years Snow Carol～開幕記念 ログインボーナス*
*開催期間中、1日1回 最大10回ログインボーナスをプレゼント！*
`白銀の果実 X 1
`_2023-12-25 19:35:30_
--------
*42599fb8710d8712d74990f3270a9dcb*
`登陆天数: 154天 / 1381天
等级: 137
石头: 3876
呼符: 55
体力: 54.31 / 140
友情点: 0 / 1808700`
*連続ログイン7日間到達おめでとうございます！
明日は1日目からリスタートされます。*
`獣の足跡 X 1
呼符 X 1
12月交換券(2023) X 1
`*雪原のメリー・クリスマス2023 ～7days / 8years Snow Carol～開幕記念 ログインボーナス*
*開催期間中、1日1回 最大10回ログインボーナスをプレゼント！*
`白銀の果実 X 1
`_2023-12-25 19:35:38_
--------
*e90ade675e1a9ebd16e00fa43d110e6c*
`登陆天数: 123天 / 1344天
等级: 136
石头: 2862
呼符: 94
体力: 446.5133333333333 / 139
友情点: 60 / 623065`
*連続ログイン4日目
※ログインが途切れるか、7日到達すると
1日目から再開されます*
`聖晶石 X 1
12月交換券(2023) X 1
`*雪原のメリー・クリスマス2023 ～7days / 8years Snow Carol～開幕記念 ログインボーナス*
*開催期間中、1日1回 最大10回ログインボーナスをプレゼント！*
`白銀の果実 X 1
`_2023-12-25 19:35:46_
--------
