【登录信息】
*5e4f19f5be6b017c0be348046887fd81*
`登陆天数: 152天 / 1450天
等级: 155
石头: 668
呼符: 57
体力: 34.906666666666666 / 143
友情点: 3320 / 659455`
*連続ログイン5日目
※ログインが途切れるか、7日到達すると
1日目から再開されます*
`叡智の業火 X 2
12月交換券(2023) X 1
`*「FGO カルデア・サテライトステーション 2023-2024」京都会場開催直前 ログインボーナス*
*開催期間中、1日1回 最大3回 ログインボーナスをプレゼント！*
`サテライトステーション23-24 X 1
黄金の果実 X 1
`_2023-12-26 19:35:41_
--------
*42599fb8710d8712d74990f3270a9dcb*
`登陆天数: 155天 / 1382天
等级: 139
石头: 3907
呼符: 56
体力: 35.66 / 140
友情点: 0 / 1818325`
_2023-12-26 19:35:50_
--------
*e90ade675e1a9ebd16e00fa43d110e6c*
`登陆天数: 124天 / 1345天
等级: 136
石头: 2879
呼符: 95
体力: 121.24 / 139
友情点: 0 / 625505`
*連続ログイン5日目
※ログインが途切れるか、7日到達すると
1日目から再開されます*
`叡智の業火 X 2
12月交換券(2023) X 1
`*「FGO カルデア・サテライトステーション 2023-2024」京都会場開催直前 ログインボーナス*
*開催期間中、1日1回 最大3回 ログインボーナスをプレゼント！*
`サテライトステーション23-24 X 1
黄金の果実 X 1
`_2023-12-26 19:35:58_
--------
