【登录信息】
*5e4f19f5be6b017c0be348046887fd81*
`登陆天数: 153天 / 1451天
等级: 157
石头: 848
呼符: 57
体力: 14.916666666666657 / 144
友情点: 0 / 693125`
_2023-12-27 19:35:53_
--------
*42599fb8710d8712d74990f3270a9dcb*
`登陆天数: 156天 / 1383天
等级: 141
石头: 4065
呼符: 56
体力: 23.689999999999998 / 140
友情点: 0 / 2424150`
*連続ログイン2日目
※ログインが途切れるか、7日到達すると
1日目から再開されます*
`聖晶石 X 1
12月交換券(2023) X 1
`*「FGO カルデア・サテライトステーション 2023-2024」京都会場開催直前 ログインボーナス*
*開催期間中、1日1回 最大3回 ログインボーナスをプレゼント！*
`黄金の果実 X 1
`_2023-12-27 19:36:01_
--------
*e90ade675e1a9ebd16e00fa43d110e6c*
`登陆天数: 125天 / 1346天
等级: 136
石头: 2879
呼符: 95
体力: 409.2733333333333 / 139
友情点: 120 / 625665`
*連続ログイン6日目
※ログインが途切れるか、7日到達すると
1日目から再開されます*
`聖晶石 X 2
12月交換券(2023) X 1
`*「FGO カルデア・サテライトステーション 2023-2024」京都会場開催直前 ログインボーナス*
*開催期間中、1日1回 最大3回 ログインボーナスをプレゼント！*
`黄金の果実 X 1
`_2023-12-27 19:36:08_
--------
