【登录信息】
*5e4f19f5be6b017c0be348046887fd81*
`登陆天数: 154天 / 1452天
等级: 157
石头: 914
呼符: 57
体力: 49.846666666666664 / 144
友情点: 0 / 7209325`
_2023-12-28 19:35:32_
--------
*42599fb8710d8712d74990f3270a9dcb*
`登陆天数: 157天 / 1384天
等级: 141
石头: 4207
呼符: 56
体力: 21.620000000000005 / 140
友情点: 825 / 9661900`
*連続ログイン3日目
※ログインが途切れるか、7日到達すると
1日目から再開されます*
`叡智の業火 X 1
12月交換券(2023) X 1
`*「FGO カルデア・サテライトステーション 2023-2024」京都会場開催直前 ログインボーナス*
*開催期間中、1日1回 最大3回 ログインボーナスをプレゼント！*
`黄金の果実 X 1
`_2023-12-28 19:35:40_
--------
*e90ade675e1a9ebd16e00fa43d110e6c*
`登陆天数: 126天 / 1347天
等级: 136
石头: 2879
呼符: 95
体力: 697.2033333333334 / 139
友情点: 225 / 625940`
*連続ログイン7日間到達おめでとうございます！
明日は1日目からリスタートされます。*
`獣の足跡 X 1
呼符 X 1
12月交換券(2023) X 1
`*「FGO カルデア・サテライトステーション 2023-2024」京都会場開催直前 ログインボーナス*
*開催期間中、1日1回 最大3回 ログインボーナスをプレゼント！*
`黄金の果実 X 1
`_2023-12-28 19:35:48_
--------
