【登录信息】
*5e4f19f5be6b017c0be348046887fd81*
`登陆天数: 155天 / 1453天
等级: 158
石头: 977
呼符: 58
体力: 57.32666666666667 / 144
友情点: 60 / 7223105`
*連続ログイン1日目
※ログインが途切れるか、7日到達すると
1日目から再開されます*
`フレンドポイント X 2000
12月交換券(2023) X 1
`*「FGO カルデア・サテライトステーション 2023-2024」京都会場開催記念 3万リポスト達成プレゼント*
*開催期間中、初回ログインで「聖晶石×6」をプレゼント！*
`聖晶石 X 6
`_2023-12-29 19:35:41_
--------
*42599fb8710d8712d74990f3270a9dcb*
`登陆天数: 158天 / 1385天
等级: 141
石头: 4209
呼符: 56
体力: 49.653333333333336 / 140
友情点: 0 / 9676000`
*連続ログイン4日目
※ログインが途切れるか、7日到達すると
1日目から再開されます*
`聖晶石 X 1
12月交換券(2023) X 1
`*「FGO カルデア・サテライトステーション 2023-2024」京都会場開催記念 3万リポスト達成プレゼント*
*開催期間中、初回ログインで「聖晶石×6」をプレゼント！*
`聖晶石 X 6
`_2023-12-29 19:35:49_
--------
*e90ade675e1a9ebd16e00fa43d110e6c*
`登陆天数: 127天 / 1348天
等级: 136
石头: 2879
呼符: 95
体力: 985.2366666666667 / 139
友情点: 1705 / 627655`
*連続ログイン1日目
※ログインが途切れるか、7日到達すると
1日目から再開されます*
`フレンドポイント X 2000
12月交換券(2023) X 1
`*「FGO カルデア・サテライトステーション 2023-2024」京都会場開催記念 3万リポスト達成プレゼント*
*開催期間中、初回ログインで「聖晶石×6」をプレゼント！*
`聖晶石 X 6
`_2023-12-29 19:35:57_
--------
