【登录信息】
*5e4f19f5be6b017c0be348046887fd81*
`登陆天数: 156天 / 1454天
等级: 158
石头: 1023
呼符: 58
体力: 48.39 / 144
友情点: 520 / 7440480`
*連続ログイン2日目
※ログインが途切れるか、7日到達すると
1日目から再開されます*
`聖晶石 X 1
12月交換券(2023) X 1
`*Fate Project 大晦日TVスペシャル2023 放送カウントダウンログインボーナス*
*開催期間中、1日1回 3日間日替りでログインボーナスをプレゼント！*
`黄金の果実 X 1
呼符 X 1
`_2023-12-30 19:35:24_
--------
*42599fb8710d8712d74990f3270a9dcb*
`登陆天数: 159天 / 1386天
等级: 141
石头: 4209
呼符: 56
体力: 33.71333333333334 / 140
友情点: 0 / 9872235`
*連続ログイン5日目
※ログインが途切れるか、7日到達すると
1日目から再開されます*
`叡智の業火 X 2
12月交換券(2023) X 1
`*Fate Project 大晦日TVスペシャル2023 放送カウントダウンログインボーナス*
*開催期間中、1日1回 3日間日替りでログインボーナスをプレゼント！*
`黄金の果実 X 1
呼符 X 1
`_2023-12-30 19:35:33_
--------
*e90ade675e1a9ebd16e00fa43d110e6c*
`登陆天数: 128天 / 1349天
等级: 136
石头: 2879
呼符: 95
体力: 1273.1833333333334 / 139
友情点: 880 / 628535`
*連続ログイン2日目
※ログインが途切れるか、7日到達すると
1日目から再開されます*
`聖晶石 X 1
12月交換券(2023) X 1
`*Fate Project 大晦日TVスペシャル2023 放送カウントダウンログインボーナス*
*開催期間中、1日1回 3日間日替りでログインボーナスをプレゼント！*
`黄金の果実 X 1
呼符 X 1
`_2023-12-30 19:35:41_
--------
