【登录信息】
*5e4f19f5be6b017c0be348046887fd81*
`登陆天数: 65天 / 1363天
等级: 151
石头: 148
呼符: 9
体力: 15.123333333333335 / 142
友情点: 0 / 9549010`
*連続ログイン2日目
※ログインが途切れるか、7日到達すると
1日目から再開されます*
`聖晶石 X 1
10月交換券(2023) X 1
`*ワンジナ・ワールドツアー！ ～大精霊と巡る世界一周～開幕記念 ログインボーナス*
*開催期間中、1日1回 最大21回ログインボーナスをプレゼント！*
`白銀の果実 X 1
`_2023-09-30 19:38:06_
--------
*f95e90c9764a4fcca8fa3648dbcdbe1b*
`登陆天数: 68天 / 1295天
等级: 130
石头: 3397
呼符: 8
体力: 22.33 / 138
友情点: 0 / 1200930`
*連続ログイン5日目
※ログインが途切れるか、7日到達すると
1日目から再開されます*
`叡智の業火 X 2
10月交換券(2023) X 1
`*ワンジナ・ワールドツアー！ ～大精霊と巡る世界一周～開幕記念 ログインボーナス*
*開催期間中、1日1回 最大21回ログインボーナスをプレゼント！*
`白銀の果実 X 1
`_2023-09-30 19:38:15_
--------
*e90ade675e1a9ebd16e00fa43d110e6c*
`登陆天数: 37天 / 1258天
等级: 133
石头: 2882
呼符: 48
体力: 139.82333333333332 / 139
友情点: 70 / 157520`
*連続ログイン2日目
※ログインが途切れるか、7日到達すると
1日目から再開されます*
`聖晶石 X 1
10月交換券(2023) X 1
`*ワンジナ・ワールドツアー！ ～大精霊と巡る世界一周～開幕記念 ログインボーナス*
*開催期間中、1日1回 最大21回ログインボーナスをプレゼント！*
`白銀の果実 X 1
`_2023-09-30 19:38:23_
--------
