【登录信息】
*5e4f19f5be6b017c0be348046887fd81*
`登陆天数: 66天 / 1364天
等级: 151
石头: 148
呼符: 15
体力: 64.22 / 142
友情点: 25 / 9549035`
*連続ログイン3日目
※ログインが途切れるか、7日到達すると
1日目から再開されます*
`叡智の業火 X 1
10月交換券(2023) X 1
`*ワンジナ・ワールドツアー！ ～大精霊と巡る世界一周～開幕記念 ログインボーナス*
*開催期間中、1日1回 最大21回ログインボーナスをプレゼント！*
`白銀の果実 X 1
`_2023-10-01 19:37:58_
--------
*f95e90c9764a4fcca8fa3648dbcdbe1b*
`登陆天数: 69天 / 1296天
等级: 130
石头: 3397
呼符: 8
体力: 58.8 / 138
友情点: 0 / 1200930`
*連続ログイン6日目
※ログインが途切れるか、7日到達すると
1日目から再開されます*
`聖晶石 X 2
10月交換券(2023) X 1
`*ワンジナ・ワールドツアー！ ～大精霊と巡る世界一周～開幕記念 ログインボーナス*
*開催期間中、1日1回 最大21回ログインボーナスをプレゼント！*
`白銀の果実 X 1
`_2023-10-01 19:38:08_
--------
*e90ade675e1a9ebd16e00fa43d110e6c*
`登陆天数: 38天 / 1259天
等级: 133
石头: 2882
呼符: 48
体力: 427.80333333333334 / 139
友情点: 0 / 164270`
*連続ログイン3日目
※ログインが途切れるか、7日到達すると
1日目から再開されます*
`叡智の業火 X 1
10月交換券(2023) X 1
`*ワンジナ・ワールドツアー！ ～大精霊と巡る世界一周～開幕記念 ログインボーナス*
*開催期間中、1日1回 最大21回ログインボーナスをプレゼント！*
`白銀の果実 X 1
`_2023-10-01 19:38:17_
--------
