【登录信息】
*5e4f19f5be6b017c0be348046887fd81*
`登陆天数: 67天 / 1365天
等级: 151
石头: 162
呼符: 15
体力: 39.656666666666666 / 142
友情点: 450 / 9549685`
*連続ログイン4日目
※ログインが途切れるか、7日到達すると
1日目から再開されます*
`聖晶石 X 1
10月交換券(2023) X 1
`*ワンジナ・ワールドツアー！ ～大精霊と巡る世界一周～開幕記念 ログインボーナス*
*開催期間中、1日1回 最大21回ログインボーナスをプレゼント！*
`白銀の果実 X 1
`_2023-10-02 19:38:16_
--------
*f95e90c9764a4fcca8fa3648dbcdbe1b*
`登陆天数: 70天 / 1297天
等级: 130
石头: 3401
呼符: 13
体力: 30.019999999999996 / 138
友情点: 0 / 1201380`
*連続ログイン7日間到達おめでとうございます！
明日は1日目からリスタートされます。*
`獣の足跡 X 1
呼符 X 1
10月交換券(2023) X 1
`*ワンジナ・ワールドツアー！ ～大精霊と巡る世界一周～開幕記念 ログインボーナス*
*開催期間中、1日1回 最大21回ログインボーナスをプレゼント！*
`白銀の果実 X 1
`_2023-10-02 19:38:25_
--------
*e90ade675e1a9ebd16e00fa43d110e6c*
`登陆天数: 39天 / 1260天
等级: 133
石头: 2882
呼符: 48
体力: 715.8566666666667 / 139
友情点: 0 / 164270`
*連続ログイン4日目
※ログインが途切れるか、7日到達すると
1日目から再開されます*
`聖晶石 X 1
10月交換券(2023) X 1
`*ワンジナ・ワールドツアー！ ～大精霊と巡る世界一周～開幕記念 ログインボーナス*
*開催期間中、1日1回 最大21回ログインボーナスをプレゼント！*
`白銀の果実 X 1
`_2023-10-02 19:38:33_
--------
