【登录信息】
*5e4f19f5be6b017c0be348046887fd81*
`登陆天数: 68天 / 1366天
等级: 151
石头: 162
呼符: 15
体力: 42.86333333333333 / 142
友情点: 0 / 9549885`
*連続ログイン5日目
※ログインが途切れるか、7日到達すると
1日目から再開されます*
`叡智の業火 X 2
10月交換券(2023) X 1
`*ワンジナ・ワールドツアー！ ～大精霊と巡る世界一周～開幕記念 ログインボーナス*
*開催期間中、1日1回 最大21回ログインボーナスをプレゼント！*
`黄金の果実 X 1
`_2023-10-03 19:38:21_
--------
*f95e90c9764a4fcca8fa3648dbcdbe1b*
`登陆天数: 71天 / 1298天
等级: 130
石头: 3406
呼符: 14
体力: 138.03666666666666 / 138
友情点: 0 / 1201505`
*連続ログイン1日目
※ログインが途切れるか、7日到達すると
1日目から再開されます*
`フレンドポイント X 2000
10月交換券(2023) X 1
`*ワンジナ・ワールドツアー！ ～大精霊と巡る世界一周～開幕記念 ログインボーナス*
*開催期間中、1日1回 最大21回ログインボーナスをプレゼント！*
`黄金の果実 X 1
`_2023-10-03 19:38:30_
--------
*e90ade675e1a9ebd16e00fa43d110e6c*
`登陆天数: 40天 / 1261天
等级: 133
石头: 2886
呼符: 48
体力: 135.82 / 139
友情点: 130 / 164995`
*連続ログイン5日目
※ログインが途切れるか、7日到達すると
1日目から再開されます*
`叡智の業火 X 2
10月交換券(2023) X 1
`*ワンジナ・ワールドツアー！ ～大精霊と巡る世界一周～開幕記念 ログインボーナス*
*開催期間中、1日1回 最大21回ログインボーナスをプレゼント！*
`黄金の果実 X 1
`_2023-10-03 19:38:38_
--------
