【登录信息】
*5e4f19f5be6b017c0be348046887fd81*
`登陆天数: 69天 / 1367天
等级: 151
石头: 162
呼符: 15
体力: 69.14666666666666 / 142
友情点: 25 / 9549910`
*連続ログイン6日目
※ログインが途切れるか、7日到達すると
1日目から再開されます*
`聖晶石 X 2
10月交換券(2023) X 1
`*ワンジナ・ワールドツアー！ ～大精霊と巡る世界一周～開幕記念 ログインボーナス*
*開催期間中、1日1回 最大21回ログインボーナスをプレゼント！*
`白銀の果実 X 1
`_2023-10-04 19:38:28_
--------
*f95e90c9764a4fcca8fa3648dbcdbe1b*
`登陆天数: 72天 / 1299天
等级: 130
石头: 3406
呼符: 14
体力: 64.31666666666666 / 138
友情点: 0 / 1201505`
*連続ログイン2日目
※ログインが途切れるか、7日到達すると
1日目から再開されます*
`聖晶石 X 1
10月交換券(2023) X 1
`*ワンジナ・ワールドツアー！ ～大精霊と巡る世界一周～開幕記念 ログインボーナス*
*開催期間中、1日1回 最大21回ログインボーナスをプレゼント！*
`白銀の果実 X 1
`_2023-10-04 19:38:37_
--------
*e90ade675e1a9ebd16e00fa43d110e6c*
`登陆天数: 41天 / 1262天
等级: 133
石头: 2886
呼符: 48
体力: 423.8466666666667 / 139
友情点: 70 / 165105`
*連続ログイン6日目
※ログインが途切れるか、7日到達すると
1日目から再開されます*
`聖晶石 X 2
10月交換券(2023) X 1
`*ワンジナ・ワールドツアー！ ～大精霊と巡る世界一周～開幕記念 ログインボーナス*
*開催期間中、1日1回 最大21回ログインボーナスをプレゼント！*
`白銀の果実 X 1
`_2023-10-04 19:38:46_
--------
