【登录信息】
*5e4f19f5be6b017c0be348046887fd81*
`登陆天数: 70天 / 1368天
等级: 151
石头: 162
呼符: 15
体力: 73.70333333333333 / 142
友情点: 25 / 9549935`
*連続ログイン7日間到達おめでとうございます！
明日は1日目からリスタートされます。*
`獣の足跡 X 1
呼符 X 1
10月交換券(2023) X 1
`*ワンジナ・ワールドツアー！ ～大精霊と巡る世界一周～開幕記念 ログインボーナス*
*開催期間中、1日1回 最大21回ログインボーナスをプレゼント！*
`白銀の果実 X 1
`_2023-10-05 19:38:12_
--------
*f95e90c9764a4fcca8fa3648dbcdbe1b*
`登陆天数: 73天 / 1300天
等级: 130
石头: 3407
呼符: 14
体力: 59.20333333333333 / 138
友情点: 0 / 1201530`
*連続ログイン3日目
※ログインが途切れるか、7日到達すると
1日目から再開されます*
`叡智の業火 X 1
10月交換券(2023) X 1
`*ワンジナ・ワールドツアー！ ～大精霊と巡る世界一周～開幕記念 ログインボーナス*
*開催期間中、1日1回 最大21回ログインボーナスをプレゼント！*
`白銀の果実 X 1
`_2023-10-05 19:38:21_
--------
*e90ade675e1a9ebd16e00fa43d110e6c*
`登陆天数: 42天 / 1263天
等级: 133
石头: 2886
呼符: 48
体力: 711.79 / 139
友情点: 90 / 165295`
*連続ログイン7日間到達おめでとうございます！
明日は1日目からリスタートされます。*
`獣の足跡 X 1
呼符 X 1
10月交換券(2023) X 1
`*ワンジナ・ワールドツアー！ ～大精霊と巡る世界一周～開幕記念 ログインボーナス*
*開催期間中、1日1回 最大21回ログインボーナスをプレゼント！*
`白銀の果実 X 1
`_2023-10-05 19:38:29_
--------
