【登录信息】
*5e4f19f5be6b017c0be348046887fd81*
`登陆天数: 71天 / 1369天
等级: 152
石头: 179
呼符: 15
体力: 63.019999999999996 / 142
友情点: 0 / 9550890`
*連続ログイン1日目
※ログインが途切れるか、7日到達すると
1日目から再開されます*
`フレンドポイント X 2000
10月交換券(2023) X 1
`*ワンジナ・ワールドツアー！ ～大精霊と巡る世界一周～開幕記念 ログインボーナス*
*開催期間中、1日1回 最大21回ログインボーナスをプレゼント！*
`白銀の果実 X 1
`_2023-10-06 19:38:16_
--------
*f95e90c9764a4fcca8fa3648dbcdbe1b*
`登陆天数: 74天 / 1301天
等级: 130
石头: 3412
呼符: 14
体力: 58.55333333333333 / 138
友情点: 0 / 1201755`
*連続ログイン4日目
※ログインが途切れるか、7日到達すると
1日目から再開されます*
`聖晶石 X 1
10月交換券(2023) X 1
`*ワンジナ・ワールドツアー！ ～大精霊と巡る世界一周～開幕記念 ログインボーナス*
*開催期間中、1日1回 最大21回ログインボーナスをプレゼント！*
`白銀の果実 X 1
`_2023-10-06 19:38:25_
--------
*e90ade675e1a9ebd16e00fa43d110e6c*
`登陆天数: 43天 / 1264天
等级: 133
石头: 2892
呼符: 53
体力: 213.98333333333335 / 139
友情点: 0 / 165925`
*連続ログイン1日目
※ログインが途切れるか、7日到達すると
1日目から再開されます*
`フレンドポイント X 2000
10月交換券(2023) X 1
`*ワンジナ・ワールドツアー！ ～大精霊と巡る世界一周～開幕記念 ログインボーナス*
*開催期間中、1日1回 最大21回ログインボーナスをプレゼント！*
`白銀の果実 X 1
`_2023-10-06 19:38:33_
--------
