【登录信息】
*5e4f19f5be6b017c0be348046887fd81*
`登陆天数: 72天 / 1370天
等级: 152
石头: 179
呼符: 15
体力: 79.45666666666666 / 142
友情点: 0 / 9550890`
*連続ログイン2日目
※ログインが途切れるか、7日到達すると
1日目から再開されます*
`聖晶石 X 1
10月交換券(2023) X 1
`*ワンジナ・ワールドツアー！ ～大精霊と巡る世界一周～開幕記念 ログインボーナス*
*開催期間中、1日1回 最大21回ログインボーナスをプレゼント！*
`白銀の果実 X 1
`_2023-10-07 19:38:13_
--------
*f95e90c9764a4fcca8fa3648dbcdbe1b*
`登陆天数: 75天 / 1302天
等级: 130
石头: 3412
呼符: 14
体力: 75.07 / 138
友情点: 0 / 1201755`
*連続ログイン5日目
※ログインが途切れるか、7日到達すると
1日目から再開されます*
`叡智の業火 X 2
10月交換券(2023) X 1
`*ワンジナ・ワールドツアー！ ～大精霊と巡る世界一周～開幕記念 ログインボーナス*
*開催期間中、1日1回 最大21回ログインボーナスをプレゼント！*
`白銀の果実 X 1
`_2023-10-07 19:38:22_
--------
*e90ade675e1a9ebd16e00fa43d110e6c*
`登陆天数: 44天 / 1265天
等级: 133
石头: 2892
呼符: 53
体力: 501.97333333333336 / 139
友情点: 0 / 165935`
*連続ログイン2日目
※ログインが途切れるか、7日到達すると
1日目から再開されます*
`聖晶石 X 1
10月交換券(2023) X 1
`*ワンジナ・ワールドツアー！ ～大精霊と巡る世界一周～開幕記念 ログインボーナス*
*開催期間中、1日1回 最大21回ログインボーナスをプレゼント！*
`白銀の果実 X 1
`_2023-10-07 19:38:30_
--------
