【登录信息】
*5e4f19f5be6b017c0be348046887fd81*
`登陆天数: 74天 / 1372天
等级: 152
石头: 182
呼符: 15
体力: 69.28666666666666 / 142
友情点: 225 / 9551340`
*連続ログイン4日目
※ログインが途切れるか、7日到達すると
1日目から再開されます*
`聖晶石 X 1
10月交換券(2023) X 1
`*ワンジナ・ワールドツアー！ ～大精霊と巡る世界一周～開幕記念 ログインボーナス*
*開催期間中、1日1回 最大21回ログインボーナスをプレゼント！*
`白銀の果実 X 1
`_2023-10-09 19:37:56_
--------
*f95e90c9764a4fcca8fa3648dbcdbe1b*
`登陆天数: 77天 / 1304天
等级: 130
石头: 3446
呼符: 14
体力: 60.97333333333333 / 138
友情点: 0 / 1201980`
*連続ログイン7日間到達おめでとうございます！
明日は1日目からリスタートされます。*
`獣の足跡 X 1
呼符 X 1
10月交換券(2023) X 1
`*ワンジナ・ワールドツアー！ ～大精霊と巡る世界一周～開幕記念 ログインボーナス*
*開催期間中、1日1回 最大21回ログインボーナスをプレゼント！*
`白銀の果実 X 1
`_2023-10-09 19:38:06_
--------
*e90ade675e1a9ebd16e00fa43d110e6c*
`登陆天数: 46天 / 1267天
等级: 133
石头: 2892
呼符: 53
体力: 1077.92 / 139
友情点: 20 / 171445`
*連続ログイン4日目
※ログインが途切れるか、7日到達すると
1日目から再開されます*
`聖晶石 X 1
10月交換券(2023) X 1
`*ワンジナ・ワールドツアー！ ～大精霊と巡る世界一周～開幕記念 ログインボーナス*
*開催期間中、1日1回 最大21回ログインボーナスをプレゼント！*
`白銀の果実 X 1
`_2023-10-09 19:38:14_
--------
