【登录信息】
*5e4f19f5be6b017c0be348046887fd81*
`登陆天数: 75天 / 1373天
等级: 152
石头: 182
呼符: 15
体力: 89.97 / 142
友情点: 0 / 9551600`
*連続ログイン5日目
※ログインが途切れるか、7日到達すると
1日目から再開されます*
`叡智の業火 X 2
10月交換券(2023) X 1
`_2023-10-10 19:37:57_
--------
*f95e90c9764a4fcca8fa3648dbcdbe1b*
`登陆天数: 78天 / 1305天
等级: 130
石头: 3446
呼符: 15
体力: 71.34666666666666 / 138
友情点: 0 / 1201980`
*連続ログイン1日目
※ログインが途切れるか、7日到達すると
1日目から再開されます*
`フレンドポイント X 2000
10月交換券(2023) X 1
`_2023-10-10 19:38:07_
--------
*e90ade675e1a9ebd16e00fa43d110e6c*
`登陆天数: 47天 / 1268天
等级: 133
石头: 2892
呼符: 53
体力: 1365.9266666666667 / 139
友情点: 0 / 171445`
*連続ログイン5日目
※ログインが途切れるか、7日到達すると
1日目から再開されます*
`叡智の業火 X 2
10月交換券(2023) X 1
`_2023-10-10 19:38:15_
--------
