【登录信息】
*5e4f19f5be6b017c0be348046887fd81*
`登陆天数: 76天 / 1374天
等级: 152
石头: 192
呼符: 15
体力: 44.75666666666666 / 142
友情点: 25 / 9551775`
*連続ログイン6日目
※ログインが途切れるか、7日到達すると
1日目から再開されます*
`聖晶石 X 2
10月交換券(2023) X 1
`*日替りログインボーナス*
*開催期間中、1日1回 2週間日替りでログインボーナスをプレゼント！*
`巡霊の葉 X 30
`_2023-10-11 19:38:10_
--------
*f95e90c9764a4fcca8fa3648dbcdbe1b*
`登陆天数: 79天 / 1306天
等级: 130
石头: 3446
呼符: 15
体力: 28.513333333333335 / 138
友情点: 0 / 1202005`
*連続ログイン2日目
※ログインが途切れるか、7日到達すると
1日目から再開されます*
`聖晶石 X 1
10月交換券(2023) X 1
`*日替りログインボーナス*
*開催期間中、1日1回 2週間日替りでログインボーナスをプレゼント！*
`巡霊の葉 X 30
`_2023-10-11 19:38:20_
--------
*e90ade675e1a9ebd16e00fa43d110e6c*
`登陆天数: 48天 / 1269天
等级: 133
石头: 2892
呼符: 53
体力: 1653.97 / 139
友情点: 120 / 171615`
*連続ログイン6日目
※ログインが途切れるか、7日到達すると
1日目から再開されます*
`聖晶石 X 2
10月交換券(2023) X 1
`*日替りログインボーナス*
*開催期間中、1日1回 2週間日替りでログインボーナスをプレゼント！*
`巡霊の葉 X 30
`_2023-10-11 19:38:29_
--------
