【登录信息】
*5e4f19f5be6b017c0be348046887fd81*
`登陆天数: 77天 / 1375天
等级: 152
石头: 223
呼符: 17
体力: 79.37666666666667 / 142
友情点: 0 / 9553475`
*連続ログイン7日間到達おめでとうございます！
明日は1日目からリスタートされます。*
`獣の足跡 X 1
呼符 X 1
10月交換券(2023) X 1
`*日替りログインボーナス*
*開催期間中、1日1回 2週間日替りでログインボーナスをプレゼント！*
`巡霊の葉 X 30
`_2023-10-12 19:37:53_
--------
*f95e90c9764a4fcca8fa3648dbcdbe1b*
`登陆天数: 80天 / 1307天
等级: 130
石头: 3478
呼符: 16
体力: 105.29333333333334 / 138
友情点: 0 / 1202805`
*連続ログイン3日目
※ログインが途切れるか、7日到達すると
1日目から再開されます*
`叡智の業火 X 1
10月交換券(2023) X 1
`*日替りログインボーナス*
*開催期間中、1日1回 2週間日替りでログインボーナスをプレゼント！*
`巡霊の葉 X 30
`_2023-10-12 19:38:02_
--------
*e90ade675e1a9ebd16e00fa43d110e6c*
`登陆天数: 49天 / 1270天
等级: 133
石头: 2941
呼符: 55
体力: 100.02333333333334 / 139
友情点: 40 / 172510`
*連続ログイン7日間到達おめでとうございます！
明日は1日目からリスタートされます。*
`獣の足跡 X 1
呼符 X 1
10月交換券(2023) X 1
`*日替りログインボーナス*
*開催期間中、1日1回 2週間日替りでログインボーナスをプレゼント！*
`巡霊の葉 X 30
`_2023-10-12 19:38:10_
--------
