【登录信息】
*5e4f19f5be6b017c0be348046887fd81*
`登陆天数: 79天 / 1377天
等级: 152
石头: 235
呼符: 18
体力: 76.48 / 142
友情点: 0 / 9553550`
*連続ログイン2日目
※ログインが途切れるか、7日到達すると
1日目から再開されます*
`聖晶石 X 1
10月交換券(2023) X 1
`*日替りログインボーナス*
*開催期間中、1日1回 2週間日替りでログインボーナスをプレゼント！*
`巡霊の葉 X 30
`_2023-10-14 19:38:10_
--------
*f95e90c9764a4fcca8fa3648dbcdbe1b*
`登陆天数: 82天 / 1309天
等级: 130
石头: 3491
呼符: 16
体力: 72.10666666666667 / 138
友情点: 0 / 1202805`
*連続ログイン5日目
※ログインが途切れるか、7日到達すると
1日目から再開されます*
`叡智の業火 X 2
10月交換券(2023) X 1
`*日替りログインボーナス*
*開催期間中、1日1回 2週間日替りでログインボーナスをプレゼント！*
`巡霊の葉 X 30
`_2023-10-14 19:38:19_
--------
*e90ade675e1a9ebd16e00fa43d110e6c*
`登陆天数: 51天 / 1272天
等级: 133
石头: 2941
呼符: 56
体力: 383.3233333333333 / 139
友情点: 140 / 172700`
*連続ログイン2日目
※ログインが途切れるか、7日到達すると
1日目から再開されます*
`聖晶石 X 1
10月交換券(2023) X 1
`*リリース3000日突破キャンペーン 初回ログインボーナス*
*開催期間中、初回ログインで「聖晶石×10」をプレゼント！*
`聖晶石 X 10
`_2023-10-14 19:38:27_
--------
