【登录信息】
*5e4f19f5be6b017c0be348046887fd81*
`登陆天数: 80天 / 1378天
等级: 152
石头: 272
呼符: 18
体力: 40.483333333333334 / 142
友情点: 175 / 9555900`
*連続ログイン3日目
※ログインが途切れるか、7日到達すると
1日目から再開されます*
`叡智の業火 X 1
10月交換券(2023) X 1
`*日替りログインボーナス*
*開催期間中、1日1回 2週間日替りでログインボーナスをプレゼント！*
`巡霊の葉 X 30
`_2023-10-15 19:38:20_
--------
*f95e90c9764a4fcca8fa3648dbcdbe1b*
`登陆天数: 83天 / 1310天
等级: 130
石头: 3528
呼符: 16
体力: 31.053333333333327 / 138
友情点: 0 / 1202980`
*連続ログイン6日目
※ログインが途切れるか、7日到達すると
1日目から再開されます*
`聖晶石 X 2
10月交換券(2023) X 1
`*日替りログインボーナス*
*開催期間中、1日1回 2週間日替りでログインボーナスをプレゼント！*
`巡霊の葉 X 30
`_2023-10-15 19:38:28_
--------
*e90ade675e1a9ebd16e00fa43d110e6c*
`登陆天数: 52天 / 1273天
等级: 133
石头: 2941
呼符: 56
体力: 671.3533333333334 / 139
友情点: 0 / 172730`
*連続ログイン3日目
※ログインが途切れるか、7日到達すると
1日目から再開されます*
`叡智の業火 X 1
10月交換券(2023) X 1
`*日替りログインボーナス*
*開催期間中、1日1回 2週間日替りでログインボーナスをプレゼント！*
`巡霊の葉 X 30
`_2023-10-15 19:38:36_
--------
