【登录信息】
*5e4f19f5be6b017c0be348046887fd81*
`登陆天数: 81天 / 1379天
等级: 152
石头: 278
呼符: 18
体力: 41.81999999999999 / 142
友情点: 25 / 9556500`
*連続ログイン4日目
※ログインが途切れるか、7日到達すると
1日目から再開されます*
`聖晶石 X 1
10月交換券(2023) X 1
`*日替りログインボーナス*
*開催期間中、1日1回 2週間日替りでログインボーナスをプレゼント！*
`巡霊の葉 X 30
`_2023-10-16 19:38:10_
--------
*42599fb8710d8712d74990f3270a9dcb*
`登陆天数: 84天 / 1311天
等级: 131
石头: 3541
呼符: 16
体力: 34.19666666666667 / 138
友情点: 0 / 1203155`
*連続ログイン7日間到達おめでとうございます！
明日は1日目からリスタートされます。*
`獣の足跡 X 1
呼符 X 1
10月交換券(2023) X 1
`*日替りログインボーナス*
*開催期間中、1日1回 2週間日替りでログインボーナスをプレゼント！*
`巡霊の葉 X 30
`_2023-10-16 19:38:19_
--------
*e90ade675e1a9ebd16e00fa43d110e6c*
`登陆天数: 53天 / 1274天
等级: 133
石头: 2998
呼符: 56
体力: 124.13666666666667 / 139
友情点: 120 / 173210`
*連続ログイン4日目
※ログインが途切れるか、7日到達すると
1日目から再開されます*
`聖晶石 X 1
10月交換券(2023) X 1
`*日替りログインボーナス*
*開催期間中、1日1回 2週間日替りでログインボーナスをプレゼント！*
`巡霊の葉 X 30
`_2023-10-16 19:38:28_
--------
