【登录信息】
*5e4f19f5be6b017c0be348046887fd81*
`登陆天数: 82天 / 1380天
等级: 152
石头: 279
呼符: 18
体力: 59.95 / 142
友情点: 0 / 9556500`
*連続ログイン5日目
※ログインが途切れるか、7日到達すると
1日目から再開されます*
`叡智の業火 X 2
10月交換券(2023) X 1
`*日替りログインボーナス*
*開催期間中、1日1回 2週間日替りでログインボーナスをプレゼント！*
`聖晶石 X 3
巡霊の葉 X 50
`_2023-10-17 19:38:11_
--------
*42599fb8710d8712d74990f3270a9dcb*
`登陆天数: 85天 / 1312天
等级: 131
石头: 3541
呼符: 17
体力: 55.52666666666667 / 138
友情点: 0 / 1203155`
*連続ログイン1日目
※ログインが途切れるか、7日到達すると
1日目から再開されます*
`フレンドポイント X 2000
10月交換券(2023) X 1
`*日替りログインボーナス*
*開催期間中、1日1回 2週間日替りでログインボーナスをプレゼント！*
`聖晶石 X 3
巡霊の葉 X 50
`_2023-10-17 19:38:20_
--------
*e90ade675e1a9ebd16e00fa43d110e6c*
`登陆天数: 54天 / 1275天
等级: 133
石头: 2998
呼符: 56
体力: 412.14 / 139
友情点: 10 / 173220`
*連続ログイン5日目
※ログインが途切れるか、7日到達すると
1日目から再開されます*
`叡智の業火 X 2
10月交換券(2023) X 1
`*日替りログインボーナス*
*開催期間中、1日1回 2週間日替りでログインボーナスをプレゼント！*
`聖晶石 X 3
巡霊の葉 X 50
`_2023-10-17 19:38:29_
--------
