【登录信息】
*5e4f19f5be6b017c0be348046887fd81*
`登陆天数: 83天 / 1381天
等级: 152
石头: 292
呼符: 18
体力: 65.54333333333334 / 142
友情点: 0 / 9556950`
*連続ログイン6日目
※ログインが途切れるか、7日到達すると
1日目から再開されます*
`聖晶石 X 2
10月交換券(2023) X 1
`*日替りログインボーナス*
*開催期間中、1日1回 2週間日替りでログインボーナスをプレゼント！*
`巡霊の葉 X 30
`_2023-10-18 19:38:10_
--------
*42599fb8710d8712d74990f3270a9dcb*
`登陆天数: 86天 / 1313天
等级: 131
石头: 3554
呼符: 17
体力: 60.94666666666667 / 138
友情点: 0 / 1203380`
*連続ログイン2日目
※ログインが途切れるか、7日到達すると
1日目から再開されます*
`聖晶石 X 1
10月交換券(2023) X 1
`*日替りログインボーナス*
*開催期間中、1日1回 2週間日替りでログインボーナスをプレゼント！*
`巡霊の葉 X 30
`_2023-10-18 19:38:19_
--------
*e90ade675e1a9ebd16e00fa43d110e6c*
`登陆天数: 55天 / 1276天
等级: 133
石头: 3009
呼符: 56
体力: 61.05333333333333 / 139
友情点: 160 / 173720`
*連続ログイン6日目
※ログインが途切れるか、7日到達すると
1日目から再開されます*
`聖晶石 X 2
10月交換券(2023) X 1
`*日替りログインボーナス*
*開催期間中、1日1回 2週間日替りでログインボーナスをプレゼント！*
`巡霊の葉 X 30
`_2023-10-18 19:38:28_
--------
