【登录信息】
*5e4f19f5be6b017c0be348046887fd81*
`登陆天数: 84天 / 1382天
等级: 152
石头: 294
呼符: 18
体力: 71.66666666666667 / 142
友情点: 0 / 9556950`
*連続ログイン7日間到達おめでとうございます！
明日は1日目からリスタートされます。*
`獣の足跡 X 1
呼符 X 1
10月交換券(2023) X 1
`*日替りログインボーナス*
*開催期間中、1日1回 2週間日替りでログインボーナスをプレゼント！*
`巡霊の葉 X 30
`_2023-10-19 19:38:15_
--------
*42599fb8710d8712d74990f3270a9dcb*
`登陆天数: 87天 / 1314天
等级: 131
石头: 3555
呼符: 17
体力: 67.37 / 138
友情点: 0 / 1203380`
*連続ログイン3日目
※ログインが途切れるか、7日到達すると
1日目から再開されます*
`叡智の業火 X 1
10月交換券(2023) X 1
`*日替りログインボーナス*
*開催期間中、1日1回 2週間日替りでログインボーナスをプレゼント！*
`巡霊の葉 X 30
`_2023-10-19 19:38:25_
--------
*e90ade675e1a9ebd16e00fa43d110e6c*
`登陆天数: 56天 / 1277天
等级: 133
石头: 3009
呼符: 56
体力: 349.0733333333333 / 139
友情点: 90 / 173810`
*連続ログイン7日間到達おめでとうございます！
明日は1日目からリスタートされます。*
`獣の足跡 X 1
呼符 X 1
10月交換券(2023) X 1
`*日替りログインボーナス*
*開催期間中、1日1回 2週間日替りでログインボーナスをプレゼント！*
`巡霊の葉 X 30
`_2023-10-19 19:38:34_
--------
