【登录信息】
*5e4f19f5be6b017c0be348046887fd81*
`登陆天数: 85天 / 1383天
等级: 152
石头: 294
呼符: 19
体力: 72.18333333333334 / 142
友情点: 0 / 9556950`
*連続ログイン1日目
※ログインが途切れるか、7日到達すると
1日目から再開されます*
`フレンドポイント X 2000
10月交換券(2023) X 1
`*日替りログインボーナス*
*開催期間中、1日1回 2週間日替りでログインボーナスをプレゼント！*
`聖晶石 X 2
巡霊の葉 X 100
`_2023-10-20 19:38:10_
--------
*42599fb8710d8712d74990f3270a9dcb*
`登陆天数: 88天 / 1315天
等级: 131
石头: 3555
呼符: 17
体力: 67.09666666666666 / 138
友情点: 0 / 1203380`
*連続ログイン4日目
※ログインが途切れるか、7日到達すると
1日目から再開されます*
`聖晶石 X 1
10月交換券(2023) X 1
`*日替りログインボーナス*
*開催期間中、1日1回 2週間日替りでログインボーナスをプレゼント！*
`聖晶石 X 2
巡霊の葉 X 100
`_2023-10-20 19:38:19_
--------
*e90ade675e1a9ebd16e00fa43d110e6c*
`登陆天数: 57天 / 1278天
等级: 133
石头: 3009
呼符: 56
体力: 637.05 / 139
友情点: 190 / 174000`
*連続ログイン1日目
※ログインが途切れるか、7日到達すると
1日目から再開されます*
`フレンドポイント X 2000
10月交換券(2023) X 1
`*日替りログインボーナス*
*開催期間中、1日1回 2週間日替りでログインボーナスをプレゼント！*
`聖晶石 X 2
巡霊の葉 X 100
`_2023-10-20 19:38:27_
--------
