【登录信息】
*5e4f19f5be6b017c0be348046887fd81*
`登陆天数: 86天 / 1384天
等级: 152
石头: 304
呼符: 20
体力: 80.91666666666666 / 142
友情点: 0 / 9557475`
*連続ログイン2日目
※ログインが途切れるか、7日到達すると
1日目から再開されます*
`聖晶石 X 1
10月交換券(2023) X 1
`*日替りログインボーナス*
*開催期間中、1日1回 2週間日替りでログインボーナスをプレゼント！*
`巡霊の葉 X 30
`_2023-10-21 19:38:20_
--------
*42599fb8710d8712d74990f3270a9dcb*
`登陆天数: 89天 / 1316天
等级: 131
石头: 3561
呼符: 18
体力: 73.49333333333334 / 138
友情点: 0 / 1203530`
*連続ログイン5日目
※ログインが途切れるか、7日到達すると
1日目から再開されます*
`叡智の業火 X 2
10月交換券(2023) X 1
`*日替りログインボーナス*
*開催期間中、1日1回 2週間日替りでログインボーナスをプレゼント！*
`巡霊の葉 X 30
`_2023-10-21 19:38:30_
--------
*e90ade675e1a9ebd16e00fa43d110e6c*
`登陆天数: 58天 / 1279天
等级: 133
石头: 3019
呼符: 57
体力: 191.93 / 139
友情点: 50 / 176715`
*連続ログイン2日目
※ログインが途切れるか、7日到達すると
1日目から再開されます*
`聖晶石 X 1
10月交換券(2023) X 1
`*【リリース3000日突破記念特別】
ログインボーナス*
*開催期間中、1日1回 最大7回 回数ログインボーナスをプレゼント！*
`呼符 X 1
`_2023-10-21 19:38:39_
--------
