【登录信息】
*5e4f19f5be6b017c0be348046887fd81*
`登陆天数: 87天 / 1385天
等级: 152
石头: 305
呼符: 20
体力: 74.70333333333333 / 142
友情点: 150 / 9557625`
*連続ログイン3日目
※ログインが途切れるか、7日到達すると
1日目から再開されます*
`叡智の業火 X 1
10月交換券(2023) X 1
`*日替りログインボーナス*
*開催期間中、1日1回 2週間日替りでログインボーナスをプレゼント！*
`巡霊の葉 X 30
`_2023-10-22 19:38:01_
--------
*42599fb8710d8712d74990f3270a9dcb*
`登陆天数: 90天 / 1317天
等级: 131
石头: 3561
呼符: 18
体力: 70.37333333333333 / 138
友情点: 0 / 1203530`
*連続ログイン6日目
※ログインが途切れるか、7日到達すると
1日目から再開されます*
`聖晶石 X 2
10月交換券(2023) X 1
`*日替りログインボーナス*
*開催期間中、1日1回 2週間日替りでログインボーナスをプレゼント！*
`巡霊の葉 X 30
`_2023-10-22 19:38:11_
--------
*e90ade675e1a9ebd16e00fa43d110e6c*
`登陆天数: 59天 / 1280天
等级: 133
石头: 3019
呼符: 57
体力: 479.86333333333334 / 139
友情点: 0 / 176715`
*連続ログイン3日目
※ログインが途切れるか、7日到達すると
1日目から再開されます*
`叡智の業火 X 1
10月交換券(2023) X 1
`*日替りログインボーナス*
*開催期間中、1日1回 2週間日替りでログインボーナスをプレゼント！*
`巡霊の葉 X 30
`_2023-10-22 19:38:19_
--------
