【登录信息】
*5e4f19f5be6b017c0be348046887fd81*
`登陆天数: 88天 / 1386天
等级: 152
石头: 305
呼符: 20
体力: 76.88 / 142
友情点: 0 / 9557700`
*連続ログイン4日目
※ログインが途切れるか、7日到達すると
1日目から再開されます*
`聖晶石 X 1
10月交換券(2023) X 1
`*日替りログインボーナス*
*開催期間中、1日1回 2週間日替りでログインボーナスをプレゼント！*
`巡霊の葉 X 30
`_2023-10-23 19:38:14_
--------
*42599fb8710d8712d74990f3270a9dcb*
`登陆天数: 91天 / 1318天
等级: 131
石头: 3563
呼符: 18
体力: 72.59333333333333 / 138
友情点: 0 / 1203530`
*連続ログイン7日間到達おめでとうございます！
明日は1日目からリスタートされます。*
`獣の足跡 X 1
呼符 X 1
10月交換券(2023) X 1
`*日替りログインボーナス*
*開催期間中、1日1回 2週間日替りでログインボーナスをプレゼント！*
`巡霊の葉 X 30
`_2023-10-23 19:38:23_
--------
*e90ade675e1a9ebd16e00fa43d110e6c*
`登陆天数: 60天 / 1281天
等级: 133
石头: 3019
呼符: 57
体力: 767.9033333333333 / 139
友情点: 30 / 176805`
*連続ログイン4日目
※ログインが途切れるか、7日到達すると
1日目から再開されます*
`聖晶石 X 1
10月交換券(2023) X 1
`*日替りログインボーナス*
*開催期間中、1日1回 2週間日替りでログインボーナスをプレゼント！*
`巡霊の葉 X 30
`_2023-10-23 19:38:31_
--------
