【登录信息】
*5e4f19f5be6b017c0be348046887fd81*
`登陆天数: 89天 / 1387天
等级: 152
石头: 305
呼符: 20
体力: 84.67666666666668 / 142
友情点: 0 / 9557825`
*連続ログイン5日目
※ログインが途切れるか、7日到達すると
1日目から再開されます*
`叡智の業火 X 2
10月交換券(2023) X 1
`*日替りログインボーナス*
*開催期間中、1日1回 2週間日替りでログインボーナスをプレゼント！*
`聖晶石 X 3
巡霊の葉 X 50
`_2023-10-24 19:38:19_
--------
*42599fb8710d8712d74990f3270a9dcb*
`登陆天数: 92天 / 1319天
等级: 131
石头: 3563
呼符: 18
体力: 80.45333333333333 / 138
友情点: 0 / 1203530`
*連続ログイン1日目
※ログインが途切れるか、7日到達すると
1日目から再開されます*
`フレンドポイント X 2000
10月交換券(2023) X 1
`*日替りログインボーナス*
*開催期間中、1日1回 2週間日替りでログインボーナスをプレゼント！*
`聖晶石 X 3
巡霊の葉 X 50
`_2023-10-24 19:38:28_
--------
*e90ade675e1a9ebd16e00fa43d110e6c*
`登陆天数: 61天 / 1282天
等级: 133
石头: 3023
呼符: 58
体力: 154.27666666666667 / 139
友情点: 50 / 177355`
*連続ログイン5日目
※ログインが途切れるか、7日到達すると
1日目から再開されます*
`叡智の業火 X 2
10月交換券(2023) X 1
`*日替りログインボーナス*
*開催期間中、1日1回 2週間日替りでログインボーナスをプレゼント！*
`聖晶石 X 3
巡霊の葉 X 50
`_2023-10-24 19:38:36_
--------
