【登录信息】
*5e4f19f5be6b017c0be348046887fd81*
`登陆天数: 90天 / 1388天
等级: 152
石头: 317
呼符: 23
体力: 56.06666666666666 / 142
友情点: 0 / 9364200`
*連続ログイン6日目
※ログインが途切れるか、7日到達すると
1日目から再開されます*
`聖晶石 X 2
10月交換券(2023) X 1
`*FGO カルデア放送局 ライト版 聖杯戦線 ～白天の城、黒夜の城～放送記念 初回ログインボーナス*
*開催期間中、初回ログインで「聖晶石×14」をプレゼント！*
`聖晶石 X 14
`_2023-10-25 19:38:21_
--------
*42599fb8710d8712d74990f3270a9dcb*
`登陆天数: 93天 / 1320天
等级: 131
石头: 3568
呼符: 21
体力: 83.93666666666667 / 138
友情点: 0 / 1095805`
*連続ログイン2日目
※ログインが途切れるか、7日到達すると
1日目から再開されます*
`聖晶石 X 1
10月交換券(2023) X 1
`*FGO カルデア放送局 ライト版 聖杯戦線 ～白天の城、黒夜の城～放送記念 初回ログインボーナス*
*開催期間中、初回ログインで「聖晶石×14」をプレゼント！*
`聖晶石 X 14
`_2023-10-25 19:38:30_
--------
*e90ade675e1a9ebd16e00fa43d110e6c*
`登陆天数: 62天 / 1283天
等级: 133
石头: 3023
呼符: 58
体力: 442.2866666666667 / 139
友情点: 90 / 178515`
*連続ログイン6日目
※ログインが途切れるか、7日到達すると
1日目から再開されます*
`聖晶石 X 2
10月交換券(2023) X 1
`*FGO カルデア放送局 ライト版 聖杯戦線 ～白天の城、黒夜の城～放送記念 初回ログインボーナス*
*開催期間中、初回ログインで「聖晶石×14」をプレゼント！*
`聖晶石 X 14
`_2023-10-25 19:38:39_
--------
