【登录信息】
*5e4f19f5be6b017c0be348046887fd81*
`登陆天数: 91天 / 1389天
等级: 152
石头: 319
呼符: 23
体力: 56.040000000000006 / 142
友情点: 0 / 9364325`
*連続ログイン7日間到達おめでとうございます！
明日は1日目からリスタートされます。*
`獣の足跡 X 1
呼符 X 1
10月交換券(2023) X 1
`*聖杯戦線 ～白天の城、黒夜の城～開幕記念 ログインボーナス*
*開催期間中、1日1回 最大21回ログインボーナスをプレゼント！*
`白銀の果実 X 1
`_2023-10-26 19:38:18_
--------
*42599fb8710d8712d74990f3270a9dcb*
`登陆天数: 94天 / 1321天
等级: 131
石头: 3598
呼符: 24
体力: 41.38333333333334 / 138
友情点: 0 / 1097855`
*連続ログイン3日目
※ログインが途切れるか、7日到達すると
1日目から再開されます*
`叡智の業火 X 1
10月交換券(2023) X 1
`*聖杯戦線 ～白天の城、黒夜の城～開幕記念 ログインボーナス*
*開催期間中、1日1回 最大21回ログインボーナスをプレゼント！*
`白銀の果実 X 1
`_2023-10-26 19:38:28_
--------
*e90ade675e1a9ebd16e00fa43d110e6c*
`登陆天数: 63天 / 1284天
等级: 133
石头: 3023
呼符: 58
体力: 730.2766666666666 / 139
友情点: 90 / 178655`
*連続ログイン7日間到達おめでとうございます！
明日は1日目からリスタートされます。*
`獣の足跡 X 1
呼符 X 1
10月交換券(2023) X 1
`*聖杯戦線 ～白天の城、黒夜の城～開幕記念 ログインボーナス*
*開催期間中、1日1回 最大21回ログインボーナスをプレゼント！*
`白銀の果実 X 1
`_2023-10-26 19:38:36_
--------
