【登录信息】
*5e4f19f5be6b017c0be348046887fd81*
`登陆天数: 92天 / 1390天
等级: 152
石头: 323
呼符: 25
体力: 72.02666666666667 / 142
友情点: 50 / 9364450`
*連続ログイン1日目
※ログインが途切れるか、7日到達すると
1日目から再開されます*
`フレンドポイント X 2000
10月交換券(2023) X 1
`*聖杯戦線 ～白天の城、黒夜の城～開幕記念 ログインボーナス*
*開催期間中、1日1回 最大21回ログインボーナスをプレゼント！*
`白銀の果実 X 1
`_2023-10-27 19:38:00_
--------
*42599fb8710d8712d74990f3270a9dcb*
`登陆天数: 95天 / 1322天
等级: 131
石头: 3600
呼符: 24
体力: 79.36 / 138
友情点: 0 / 1097905`
*連続ログイン4日目
※ログインが途切れるか、7日到達すると
1日目から再開されます*
`聖晶石 X 1
10月交換券(2023) X 1
`*聖杯戦線 ～白天の城、黒夜の城～開幕記念 ログインボーナス*
*開催期間中、1日1回 最大21回ログインボーナスをプレゼント！*
`白銀の果実 X 1
`_2023-10-27 19:38:09_
--------
*e90ade675e1a9ebd16e00fa43d110e6c*
`登陆天数: 64天 / 1285天
等级: 133
石头: 3023
呼符: 58
体力: 1018.21 / 139
友情点: 80 / 178735`
*連続ログイン1日目
※ログインが途切れるか、7日到達すると
1日目から再開されます*
`フレンドポイント X 2000
10月交換券(2023) X 1
`*聖杯戦線 ～白天の城、黒夜の城～開幕記念 ログインボーナス*
*開催期間中、1日1回 最大21回ログインボーナスをプレゼント！*
`白銀の果実 X 1
`_2023-10-27 19:38:17_
--------
