【登录信息】
*5e4f19f5be6b017c0be348046887fd81*
`登陆天数: 93天 / 1391天
等级: 152
石头: 323
呼符: 25
体力: 59.43333333333334 / 142
友情点: 0 / 9364650`
*連続ログイン2日目
※ログインが途切れるか、7日到達すると
1日目から再開されます*
`聖晶石 X 1
10月交換券(2023) X 1
`*聖杯戦線 ～白天の城、黒夜の城～開幕記念 ログインボーナス*
*開催期間中、1日1回 最大21回ログインボーナスをプレゼント！*
`白銀の果実 X 1
`_2023-10-28 19:38:19_
--------
*42599fb8710d8712d74990f3270a9dcb*
`登陆天数: 96天 / 1323天
等级: 131
石头: 3606
呼符: 26
体力: 57.25666666666666 / 138
友情点: 0 / 1097930`
*連続ログイン5日目
※ログインが途切れるか、7日到達すると
1日目から再開されます*
`叡智の業火 X 2
10月交換券(2023) X 1
`*聖杯戦線 ～白天の城、黒夜の城～開幕記念 ログインボーナス*
*開催期間中、1日1回 最大21回ログインボーナスをプレゼント！*
`白銀の果実 X 1
`_2023-10-28 19:38:28_
--------
*e90ade675e1a9ebd16e00fa43d110e6c*
`登陆天数: 65天 / 1286天
等级: 133
石头: 3064
呼符: 66
体力: 103.8 / 139
友情点: 20 / 177465`
*連続ログイン2日目
※ログインが途切れるか、7日到達すると
1日目から再開されます*
`聖晶石 X 1
10月交換券(2023) X 1
`*聖杯戦線 ～白天の城、黒夜の城～開幕記念 ログインボーナス*
*開催期間中、1日1回 最大21回ログインボーナスをプレゼント！*
`白銀の果実 X 1
`_2023-10-28 19:38:36_
--------
