【登录信息】
*5e4f19f5be6b017c0be348046887fd81*
`登陆天数: 94天 / 1392天
等级: 152
石头: 323
呼符: 25
体力: 62.39666666666666 / 142
友情点: 25 / 9364775`
*連続ログイン3日目
※ログインが途切れるか、7日到達すると
1日目から再開されます*
`叡智の業火 X 1
10月交換券(2023) X 1
`*初回ログインボーナス*
*開催期間中、初回ログインボーナスをプレゼント！*
`聖晶石 X 10
`_2023-10-29 19:38:07_
--------
*42599fb8710d8712d74990f3270a9dcb*
`登陆天数: 97天 / 1324天
等级: 131
石头: 3606
呼符: 26
体力: 57.89333333333333 / 138
友情点: 0 / 1097930`
*連続ログイン6日目
※ログインが途切れるか、7日到達すると
1日目から再開されます*
`聖晶石 X 2
10月交換券(2023) X 1
`*初回ログインボーナス*
*開催期間中、初回ログインボーナスをプレゼント！*
`聖晶石 X 10
`_2023-10-29 19:38:16_
--------
*e90ade675e1a9ebd16e00fa43d110e6c*
`登陆天数: 66天 / 1287天
等级: 133
石头: 3064
呼符: 66
体力: 391.76 / 139
友情点: 250 / 177715`
*連続ログイン3日目
※ログインが途切れるか、7日到達すると
1日目から再開されます*
`叡智の業火 X 1
10月交換券(2023) X 1
`*初回ログインボーナス*
*開催期間中、初回ログインボーナスをプレゼント！*
`聖晶石 X 10
`_2023-10-29 19:38:24_
--------
