【登录信息】
*5e4f19f5be6b017c0be348046887fd81*
`登陆天数: 95天 / 1393天
等级: 152
石头: 329
呼符: 28
体力: 32.80666666666667 / 142
友情点: 0 / 9365100`
*連続ログイン4日目
※ログインが途切れるか、7日到達すると
1日目から再開されます*
`聖晶石 X 1
10月交換券(2023) X 1
`*聖杯戦線 ～白天の城、黒夜の城～開幕記念 ログインボーナス*
*開催期間中、1日1回 最大21回ログインボーナスをプレゼント！*
`白銀の果実 X 1
`_2023-10-30 19:37:56_
--------
*42599fb8710d8712d74990f3270a9dcb*
`登陆天数: 98天 / 1325天
等级: 131
石头: 3623
呼符: 28
体力: 89.38333333333333 / 138
友情点: 0 / 1098230`
*連続ログイン7日間到達おめでとうございます！
明日は1日目からリスタートされます。*
`獣の足跡 X 1
呼符 X 1
10月交換券(2023) X 1
`*聖杯戦線 ～白天の城、黒夜の城～開幕記念 ログインボーナス*
*開催期間中、1日1回 最大21回ログインボーナスをプレゼント！*
`白銀の果実 X 1
`_2023-10-30 19:38:05_
--------
*e90ade675e1a9ebd16e00fa43d110e6c*
`登陆天数: 67天 / 1288天
等级: 133
石头: 3064
呼符: 66
体力: 679.7233333333334 / 139
友情点: 210 / 177925`
*連続ログイン4日目
※ログインが途切れるか、7日到達すると
1日目から再開されます*
`聖晶石 X 1
10月交換券(2023) X 1
`*聖杯戦線 ～白天の城、黒夜の城～開幕記念 ログインボーナス*
*開催期間中、1日1回 最大21回ログインボーナスをプレゼント！*
`白銀の果実 X 1
`_2023-10-30 19:38:13_
--------
