【登录信息】
*5e4f19f5be6b017c0be348046887fd81*
`登陆天数: 87天 / 1789天
等级: 163
石头: 212
呼符: 18
体力: 352.74 / 145
友情点: 0 / 3623705`
*連続ログイン3日目
※ログインが途切れるか、7日到達すると
1日目から再開されます*
`叡智の業火 X 1
12月交換券(2024) X 1
`_2024-11-30 19:30:39_
--------
*42599fb8710d8712d74990f3270a9dcb*
`登陆天数: 37天 / 1719天
等级: 146
石头: 5042
呼符: 261
体力: 353.74 / 141
友情点: 110 / 6717395`
*連続ログイン2日目
※ログインが途切れるか、7日到達すると
1日目から再開されます*
`聖晶石 X 1
12月交換券(2024) X 1
`_2024-11-30 19:30:48_
--------
*e90ade675e1a9ebd16e00fa43d110e6c*
`登陆天数: 37天 / 1676天
等级: 141
石头: 3110
呼符: 297
体力: 353.7833333333333 / 140
友情点: 0 / 527750`
*連続ログイン2日目
※ログインが途切れるか、7日到達すると
1日目から再開されます*
`聖晶石 X 1
12月交換券(2024) X 1
`_2024-11-30 19:30:56_
--------
