【登录信息】
*5e4f19f5be6b017c0be348046887fd81*
`登陆天数: 88天 / 1790天
等级: 163
石头: 215
呼符: 18
体力: 99.24333333333334 / 145
友情点: 0 / 3623705`
*連続ログイン4日目
※ログインが途切れるか、7日到達すると
1日目から再開されます*
`聖晶石 X 1
12月交換券(2024) X 1
`_2024-12-01 19:30:45_
--------
*42599fb8710d8712d74990f3270a9dcb*
`登陆天数: 38天 / 1720天
等级: 146
石头: 5042
呼符: 261
体力: 641.7633333333333 / 141
友情点: 0 / 6717395`
*連続ログイン3日目
※ログインが途切れるか、7日到達すると
1日目から再開されます*
`叡智の業火 X 1
12月交換券(2024) X 1
`_2024-12-01 19:30:54_
--------
*e90ade675e1a9ebd16e00fa43d110e6c*
`登陆天数: 38天 / 1677天
等级: 141
石头: 3110
呼符: 297
体力: 641.81 / 140
友情点: 0 / 527750`
*連続ログイン3日目
※ログインが途切れるか、7日到達すると
1日目から再開されます*
`叡智の業火 X 1
12月交換券(2024) X 1
`_2024-12-01 19:31:03_
--------
