【登录信息】
*5e4f19f5be6b017c0be348046887fd81*
`登陆天数: 90天 / 1792天
等级: 163
石头: 220
呼符: 23
体力: 361.4566666666667 / 145
友情点: 0 / 3623910`
*連続ログイン6日目
※ログインが途切れるか、7日到達すると
1日目から再開されます*
`聖晶石 X 2
12月交換券(2024) X 1
`_2024-12-03 19:30:43_
--------
*42599fb8710d8712d74990f3270a9dcb*
`登陆天数: 40天 / 1722天
等级: 146
石头: 5046
呼符: 266
体力: 357.41666666666663 / 141
友情点: 0 / 6717855`
*連続ログイン5日目
※ログインが途切れるか、7日到達すると
1日目から再開されます*
`叡智の業火 X 2
12月交換券(2024) X 1
`_2024-12-03 19:30:53_
--------
*e90ade675e1a9ebd16e00fa43d110e6c*
`登陆天数: 40天 / 1679天
等级: 141
石头: 3113
呼符: 302
体力: 356.49 / 140
友情点: 0 / 527885`
*連続ログイン5日目
※ログインが途切れるか、7日到達すると
1日目から再開されます*
`叡智の業火 X 2
12月交換券(2024) X 1
`_2024-12-03 19:31:02_
--------
