【登录信息】
*5e4f19f5be6b017c0be348046887fd81*
`登陆天数: 91天 / 1793天
等级: 163
石头: 220
呼符: 23
体力: 649.4766666666667 / 145
友情点: 0 / 3623910`
*連続ログイン7日間到達おめでとうございます！
明日は1日目からリスタートされます。*
`獣の足跡 X 1
呼符 X 1
12月交換券(2024) X 1
`_2024-12-04 19:30:51_
--------
*42599fb8710d8712d74990f3270a9dcb*
`登陆天数: 41天 / 1723天
等级: 146
石头: 5046
呼符: 266
体力: 645.4366666666667 / 141
友情点: 60 / 6717915`
*連続ログイン6日目
※ログインが途切れるか、7日到達すると
1日目から再開されます*
`聖晶石 X 2
12月交換券(2024) X 1
`_2024-12-04 19:30:59_
--------
*e90ade675e1a9ebd16e00fa43d110e6c*
`登陆天数: 41天 / 1680天
等级: 141
石头: 3113
呼符: 302
体力: 644.5066666666667 / 140
友情点: 0 / 527885`
*連続ログイン6日目
※ログインが途切れるか、7日到達すると
1日目から再開されます*
`聖晶石 X 2
12月交換券(2024) X 1
`_2024-12-04 19:31:08_
--------
