【登录信息】
*5e4f19f5be6b017c0be348046887fd81*
`登陆天数: 42天 / 1340天
等级: 151
石头: 9
呼符: 5
体力: 114.64666666666668 / 142
友情点: 75 / 9535680`
*連続ログイン7日間到達おめでとうございます！
明日は1日目からリスタートされます。*
`獣の足跡 X 1
呼符 X 1
9月交換券(2023) X 1
`_2023-09-08 02:38:12_
--------
*9beb084111c5dc4edcd4e751a9eb6944*
`登陆天数: 45天 / 1272天
等级: 127
石头: 3216
呼符: 5
体力: 128.77 / 137
友情点: 0 / 1192060`
*連続ログイン3日目
※ログインが途切れるか、7日到達すると
1日目から再開されます*
`叡智の業火 X 1
9月交換券(2023) X 1
`*ハンティングクエスト 第13弾
特別ログインボーナス*
*開催期間中、1日1回 最大7回ログインボーナスをプレゼント！*
`黄金の果実 X 1
`_2023-09-08 02:38:21_
--------
*e90ade675e1a9ebd16e00fa43d110e6c*
`登陆天数: 14天 / 1235天
等级: 132
石头: 4162
呼符: 44
体力: 1117.7433333333333 / 138
友情点: 170 / 143285`
*連続ログイン7日間到達おめでとうございます！
明日は1日目からリスタートされます。*
`獣の足跡 X 1
呼符 X 1
9月交換券(2023) X 1
`_2023-09-08 02:38:29_
--------
