【登录信息】
*5e4f19f5be6b017c0be348046887fd81*
`登陆天数: 43天 / 1341天
等级: 151
石头: 15
呼符: 7
体力: 65.48 / 142
友情点: 240 / 9536305`
*連続ログイン1日目
※ログインが途切れるか、7日到達すると
1日目から再開されます*
`フレンドポイント X 2000
9月交換券(2023) X 1
`_2023-09-08 19:38:01_
--------
*9beb084111c5dc4edcd4e751a9eb6944*
`登陆天数: 46天 / 1273天
等级: 127
石头: 3220
呼符: 5
体力: 35.42666666666666 / 137
友情点: 0 / 1192310`
*連続ログイン4日目
※ログインが途切れるか、7日到達すると
1日目から再開されます*
`聖晶石 X 1
9月交換券(2023) X 1
`_2023-09-08 19:38:10_
--------
*e90ade675e1a9ebd16e00fa43d110e6c*
`登陆天数: 15天 / 1236天
等级: 132
石头: 3986
呼符: 44
体力: 47.68000000000001 / 138
友情点: 50 / 143470`
*連続ログイン1日目
※ログインが途切れるか、7日到達すると
1日目から再開されます*
`フレンドポイント X 2000
9月交換券(2023) X 1
`_2023-09-08 19:38:18_
--------
