【登录信息】
*5e4f19f5be6b017c0be348046887fd81*
`登陆天数: 44天 / 1342天
等级: 151
石头: 21
呼符: 7
体力: 65.20666666666666 / 142
友情点: 120 / 9537585`
*連続ログイン2日目
※ログインが途切れるか、7日到達すると
1日目から再開されます*
`聖晶石 X 1
9月交換券(2023) X 1
`_2023-09-09 19:38:23_
--------
*9beb084111c5dc4edcd4e751a9eb6944*
`登陆天数: 47天 / 1274天
等级: 128
石头: 3224
呼符: 5
体力: 49.096666666666664 / 137
友情点: 0 / 1192585`
*連続ログイン5日目
※ログインが途切れるか、7日到達すると
1日目から再開されます*
`叡智の業火 X 2
9月交換券(2023) X 1
`_2023-09-09 19:38:33_
--------
*e90ade675e1a9ebd16e00fa43d110e6c*
`登陆天数: 16天 / 1237天
等级: 132
石头: 3998
呼符: 45
体力: 151.90666666666667 / 138
友情点: 100 / 144280`
*連続ログイン2日目
※ログインが途切れるか、7日到達すると
1日目から再開されます*
`聖晶石 X 1
9月交換券(2023) X 1
`_2023-09-09 19:38:41_
--------
