【登录信息】
*5e4f19f5be6b017c0be348046887fd81*
`登陆天数: 45天 / 1343天
等级: 151
石头: 23
呼符: 7
体力: 70.89666666666666 / 142
友情点: 10 / 9537910`
*連続ログイン3日目
※ログインが途切れるか、7日到達すると
1日目から再開されます*
`叡智の業火 X 1
9月交換券(2023) X 1
`_2023-09-10 19:38:23_
--------
*9beb084111c5dc4edcd4e751a9eb6944*
`登陆天数: 48天 / 1275天
等级: 128
石头: 3235
呼符: 5
体力: 49.69666666666667 / 137
友情点: 0 / 1192660`
*連続ログイン6日目
※ログインが途切れるか、7日到達すると
1日目から再開されます*
`聖晶石 X 2
9月交換券(2023) X 1
`_2023-09-10 19:38:33_
--------
*e90ade675e1a9ebd16e00fa43d110e6c*
`登陆天数: 17天 / 1238天
等级: 132
石头: 4000
呼符: 45
体力: 46.29333333333334 / 138
友情点: 60 / 144450`
*連続ログイン3日目
※ログインが途切れるか、7日到達すると
1日目から再開されます*
`叡智の業火 X 1
9月交換券(2023) X 1
`_2023-09-10 19:38:41_
--------
