【登录信息】
*5e4f19f5be6b017c0be348046887fd81*
`登陆天数: 46天 / 1344天
等级: 151
石头: 24
呼符: 7
体力: 51.513333333333335 / 142
友情点: 75 / 9538085`
*連続ログイン4日目
※ログインが途切れるか、7日到達すると
1日目から再開されます*
`聖晶石 X 1
9月交換券(2023) X 1
`_2023-09-11 19:38:26_
--------
*9beb084111c5dc4edcd4e751a9eb6944*
`登陆天数: 49天 / 1276天
等级: 128
石头: 3235
呼符: 5
体力: 46.06333333333333 / 137
友情点: 0 / 1192735`
*連続ログイン7日間到達おめでとうございます！
明日は1日目からリスタートされます。*
`獣の足跡 X 1
呼符 X 1
9月交換券(2023) X 1
`_2023-09-11 19:38:35_
--------
*e90ade675e1a9ebd16e00fa43d110e6c*
`登陆天数: 18天 / 1239天
等级: 132
石头: 4000
呼符: 45
体力: 334.30333333333334 / 138
友情点: 130 / 144580`
*連続ログイン4日目
※ログインが途切れるか、7日到達すると
1日目から再開されます*
`聖晶石 X 1
9月交換券(2023) X 1
`_2023-09-11 19:38:43_
--------
