【登录信息】
*5e4f19f5be6b017c0be348046887fd81*
`登陆天数: 47天 / 1345天
等级: 151
石头: 24
呼符: 7
体力: 87.78 / 142
友情点: 175 / 9538730`
*連続ログイン5日目
※ログインが途切れるか、7日到達すると
1日目から再開されます*
`叡智の業火 X 2
9月交換券(2023) X 1
`_2023-09-12 19:38:03_
--------
*9beb084111c5dc4edcd4e751a9eb6944*
`登陆天数: 50天 / 1277天
等级: 128
石头: 3246
呼符: 6
体力: 52.72 / 137
友情点: 0 / 1192935`
*連続ログイン1日目
※ログインが途切れるか、7日到達すると
1日目から再開されます*
`フレンドポイント X 2000
9月交換券(2023) X 1
`_2023-09-12 19:38:12_
--------
*e90ade675e1a9ebd16e00fa43d110e6c*
`登陆天数: 19天 / 1240天
等级: 132
石头: 4001
呼符: 45
体力: 180.48333333333335 / 138
友情点: 110 / 145040`
*連続ログイン5日目
※ログインが途切れるか、7日到達すると
1日目から再開されます*
`叡智の業火 X 2
9月交換券(2023) X 1
`_2023-09-12 19:38:21_
--------
