【登录信息】
*5e4f19f5be6b017c0be348046887fd81*
`登陆天数: 48天 / 1346天
等级: 151
石头: 35
呼符: 7
体力: 49.959999999999994 / 142
友情点: 450 / 9539730`
*連続ログイン6日目
※ログインが途切れるか、7日到達すると
1日目から再開されます*
`聖晶石 X 2
9月交換券(2023) X 1
`*日替りログインボーナス*
*開催期間中、1日1回 2週間日替りでログインボーナスをプレゼント！*
`巡霊の葉 X 30
`_2023-09-13 19:37:59_
--------
*9beb084111c5dc4edcd4e751a9eb6944*
`登陆天数: 51天 / 1278天
等级: 128
石头: 3284
呼符: 6
体力: 61.44333333333333 / 137
友情点: 0 / 1193235`
*連続ログイン2日目
※ログインが途切れるか、7日到達すると
1日目から再開されます*
`聖晶石 X 1
9月交換券(2023) X 1
`*日替りログインボーナス*
*開催期間中、1日1回 2週間日替りでログインボーナスをプレゼント！*
`巡霊の葉 X 30
`_2023-09-13 19:38:08_
--------
*e90ade675e1a9ebd16e00fa43d110e6c*
`登陆天数: 20天 / 1241天
等级: 132
石头: 4011
呼符: 45
体力: 36.57333333333334 / 138
友情点: 70 / 145930`
*連続ログイン6日目
※ログインが途切れるか、7日到達すると
1日目から再開されます*
`聖晶石 X 2
9月交換券(2023) X 1
`*日替りログインボーナス*
*開催期間中、1日1回 2週間日替りでログインボーナスをプレゼント！*
`巡霊の葉 X 30
`_2023-09-13 19:38:16_
--------
