【登录信息】
*5e4f19f5be6b017c0be348046887fd81*
`登陆天数: 49天 / 1347天
等级: 151
石头: 39
呼符: 7
体力: 54.873333333333335 / 142
友情点: 175 / 9540615`
*連続ログイン7日間到達おめでとうございます！
明日は1日目からリスタートされます。*
`獣の足跡 X 1
呼符 X 1
9月交換券(2023) X 1
`*日替りログインボーナス*
*開催期間中、1日1回 2週間日替りでログインボーナスをプレゼント！*
`巡霊の葉 X 30
`_2023-09-14 19:38:21_
--------
*9beb084111c5dc4edcd4e751a9eb6944*
`登陆天数: 52天 / 1279天
等级: 128
石头: 3293
呼符: 6
体力: 47.08333333333333 / 137
友情点: 0 / 1193635`
*連続ログイン3日目
※ログインが途切れるか、7日到達すると
1日目から再開されます*
`叡智の業火 X 1
9月交換券(2023) X 1
`*日替りログインボーナス*
*開催期間中、1日1回 2週間日替りでログインボーナスをプレゼント！*
`巡霊の葉 X 30
`_2023-09-14 19:38:31_
--------
*e90ade675e1a9ebd16e00fa43d110e6c*
`登陆天数: 21天 / 1242天
等级: 132
石头: 4015
呼符: 45
体力: 161.81666666666666 / 138
友情点: 160 / 146480`
*連続ログイン7日間到達おめでとうございます！
明日は1日目からリスタートされます。*
`獣の足跡 X 1
呼符 X 1
9月交換券(2023) X 1
`*日替りログインボーナス*
*開催期間中、1日1回 2週間日替りでログインボーナスをプレゼント！*
`巡霊の葉 X 30
`_2023-09-14 19:38:39_
--------
