【登录信息】
*5e4f19f5be6b017c0be348046887fd81*
`登陆天数: 50天 / 1348天
等级: 151
石头: 39
呼符: 7
体力: 48.08333333333333 / 142
友情点: 400 / 9541585`
*連続ログイン1日目
※ログインが途切れるか、7日到達すると
1日目から再開されます*
`フレンドポイント X 2000
9月交換券(2023) X 1
`*日替りログインボーナス*
*開催期間中、1日1回 2週間日替りでログインボーナスをプレゼント！*
`聖晶石 X 2
巡霊の葉 X 100
`_2023-09-15 19:38:04_
--------
*f95e90c9764a4fcca8fa3648dbcdbe1b*
`登陆天数: 53天 / 1280天
等级: 128
石头: 3302
呼符: 6
体力: 41.150000000000006 / 137
友情点: 0 / 1193945`
*連続ログイン4日目
※ログインが途切れるか、7日到達すると
1日目から再開されます*
`聖晶石 X 1
9月交換券(2023) X 1
`*日替りログインボーナス*
*開催期間中、1日1回 2週間日替りでログインボーナスをプレゼント！*
`聖晶石 X 2
巡霊の葉 X 100
`_2023-09-15 19:38:13_
--------
*e90ade675e1a9ebd16e00fa43d110e6c*
`登陆天数: 22天 / 1243天
等级: 132
石头: 4015
呼符: 45
体力: 162.52666666666667 / 138
友情点: 40 / 147780`
*連続ログイン1日目
※ログインが途切れるか、7日到達すると
1日目から再開されます*
`フレンドポイント X 2000
9月交換券(2023) X 1
`*日替りログインボーナス*
*開催期間中、1日1回 2週間日替りでログインボーナスをプレゼント！*
`聖晶石 X 2
巡霊の葉 X 100
`_2023-09-15 19:38:20_
--------
