【登录信息】
*5e4f19f5be6b017c0be348046887fd81*
`登陆天数: 51天 / 1349天
等级: 151
石头: 39
呼符: 7
体力: 58.83333333333333 / 142
友情点: 225 / 9542425`
*連続ログイン2日目
※ログインが途切れるか、7日到達すると
1日目から再開されます*
`聖晶石 X 1
9月交換券(2023) X 1
`*日替りログインボーナス*
*開催期間中、1日1回 2週間日替りでログインボーナスをプレゼント！*
`巡霊の葉 X 30
`_2023-09-16 19:38:23_
--------
*f95e90c9764a4fcca8fa3648dbcdbe1b*
`登陆天数: 54天 / 1281天
等级: 128
石头: 3305
呼符: 6
体力: 32.739999999999995 / 137
友情点: 0 / 1194270`
*連続ログイン5日目
※ログインが途切れるか、7日到達すると
1日目から再開されます*
`叡智の業火 X 2
9月交換券(2023) X 1
`*日替りログインボーナス*
*開催期間中、1日1回 2週間日替りでログインボーナスをプレゼント！*
`巡霊の葉 X 30
`_2023-09-16 19:38:32_
--------
*e90ade675e1a9ebd16e00fa43d110e6c*
`登陆天数: 23天 / 1244天
等级: 132
石头: 3135
呼符: 46
体力: 146.93333333333334 / 138
友情点: 80 / 148235`
*連続ログイン2日目
※ログインが途切れるか、7日到達すると
1日目から再開されます*
`聖晶石 X 1
9月交換券(2023) X 1
`*日替りログインボーナス*
*開催期間中、1日1回 2週間日替りでログインボーナスをプレゼント！*
`巡霊の葉 X 30
`_2023-09-16 19:38:40_
--------
