【登录信息】
*5e4f19f5be6b017c0be348046887fd81*
`登陆天数: 52天 / 1350天
等级: 151
石头: 39
呼符: 7
体力: 72.83666666666667 / 142
友情点: 175 / 9542875`
*連続ログイン3日目
※ログインが途切れるか、7日到達すると
1日目から再開されます*
`叡智の業火 X 1
9月交換券(2023) X 1
`*日替りログインボーナス*
*開催期間中、1日1回 2週間日替りでログインボーナスをプレゼント！*
`巡霊の葉 X 30
`_2023-09-17 19:37:53_
--------
*f95e90c9764a4fcca8fa3648dbcdbe1b*
`登陆天数: 55天 / 1282天
等级: 128
石头: 3317
呼符: 6
体力: 46.46666666666667 / 137
友情点: 0 / 1190595`
*連続ログイン6日目
※ログインが途切れるか、7日到達すると
1日目から再開されます*
`聖晶石 X 2
9月交換券(2023) X 1
`*日替りログインボーナス*
*開催期間中、1日1回 2週間日替りでログインボーナスをプレゼント！*
`巡霊の葉 X 30
`_2023-09-17 19:38:02_
--------
*e90ade675e1a9ebd16e00fa43d110e6c*
`登陆天数: 24天 / 1245天
等级: 132
石头: 3135
呼符: 46
体力: 434.8333333333333 / 138
友情点: 70 / 148325`
*連続ログイン3日目
※ログインが途切れるか、7日到達すると
1日目から再開されます*
`叡智の業火 X 1
9月交換券(2023) X 1
`*日替りログインボーナス*
*開催期間中、1日1回 2週間日替りでログインボーナスをプレゼント！*
`巡霊の葉 X 30
`_2023-09-17 19:38:11_
--------
