【登录信息】
*5e4f19f5be6b017c0be348046887fd81*
`登陆天数: 53天 / 1351天
等级: 151
石头: 39
呼符: 7
体力: 72.39333333333333 / 142
友情点: 150 / 9543590`
*連続ログイン4日目
※ログインが途切れるか、7日到達すると
1日目から再開されます*
`聖晶石 X 1
9月交換券(2023) X 1
`*日替りログインボーナス*
*開催期間中、1日1回 2週間日替りでログインボーナスをプレゼント！*
`巡霊の葉 X 30
`_2023-09-18 19:37:58_
--------
*f95e90c9764a4fcca8fa3648dbcdbe1b*
`登陆天数: 56天 / 1283天
等级: 128
石头: 3323
呼符: 6
体力: 46.29333333333334 / 137
友情点: 0 / 1190920`
*連続ログイン7日間到達おめでとうございます！
明日は1日目からリスタートされます。*
`獣の足跡 X 1
呼符 X 1
9月交換券(2023) X 1
`*日替りログインボーナス*
*開催期間中、1日1回 2週間日替りでログインボーナスをプレゼント！*
`巡霊の葉 X 30
`_2023-09-18 19:38:07_
--------
*e90ade675e1a9ebd16e00fa43d110e6c*
`登陆天数: 25天 / 1246天
等级: 132
石头: 3135
呼符: 46
体力: 160.69666666666666 / 138
友情点: 120 / 148880`
*連続ログイン4日目
※ログインが途切れるか、7日到達すると
1日目から再開されます*
`聖晶石 X 1
9月交換券(2023) X 1
`*日替りログインボーナス*
*開催期間中、1日1回 2週間日替りでログインボーナスをプレゼント！*
`巡霊の葉 X 30
`_2023-09-18 19:38:16_
--------
