【登录信息】
*5e4f19f5be6b017c0be348046887fd81*
`登陆天数: 54天 / 1352天
等级: 151
石头: 86
呼符: 8
体力: 77.71 / 142
友情点: 125 / 9543940`
*連続ログイン5日目
※ログインが途切れるか、7日到達すると
1日目から再開されます*
`叡智の業火 X 2
9月交換券(2023) X 1
`*日替りログインボーナス*
*開催期間中、1日1回 2週間日替りでログインボーナスをプレゼント！*
`聖晶石 X 3
巡霊の葉 X 50
`_2023-09-19 19:38:05_
--------
*f95e90c9764a4fcca8fa3648dbcdbe1b*
`登陆天数: 57天 / 1284天
等级: 128
石头: 3335
呼符: 7
体力: 64.19333333333333 / 137
友情点: 0 / 1191220`
*連続ログイン1日目
※ログインが途切れるか、7日到達すると
1日目から再開されます*
`フレンドポイント X 2000
9月交換券(2023) X 1
`*日替りログインボーナス*
*開催期間中、1日1回 2週間日替りでログインボーナスをプレゼント！*
`聖晶石 X 3
巡霊の葉 X 50
`_2023-09-19 19:38:14_
--------
*e90ade675e1a9ebd16e00fa43d110e6c*
`登陆天数: 26天 / 1247天
等级: 132
石头: 3135
呼符: 46
体力: 448.72 / 138
友情点: 120 / 149000`
*連続ログイン5日目
※ログインが途切れるか、7日到達すると
1日目から再開されます*
`叡智の業火 X 2
9月交換券(2023) X 1
`*日替りログインボーナス*
*開催期間中、1日1回 2週間日替りでログインボーナスをプレゼント！*
`聖晶石 X 3
巡霊の葉 X 50
`_2023-09-19 19:38:23_
--------
