【登录信息】
*5e4f19f5be6b017c0be348046887fd81*
`登陆天数: 55天 / 1353天
等级: 151
石头: 87
呼符: 8
体力: 61.20666666666666 / 142
友情点: 100 / 9540990`
*連続ログイン6日目
※ログインが途切れるか、7日到達すると
1日目から再開されます*
`聖晶石 X 2
9月交換券(2023) X 1
`*日替りログインボーナス*
*開催期間中、1日1回 2週間日替りでログインボーナスをプレゼント！*
`巡霊の葉 X 30
`_2023-09-20 19:38:27_
--------
*f95e90c9764a4fcca8fa3648dbcdbe1b*
`登陆天数: 58天 / 1285天
等级: 128
石头: 3336
呼符: 7
体力: 48.54666666666667 / 137
友情点: 0 / 1192045`
*連続ログイン2日目
※ログインが途切れるか、7日到達すると
1日目から再開されます*
`聖晶石 X 1
9月交換券(2023) X 1
`*日替りログインボーナス*
*開催期間中、1日1回 2週間日替りでログインボーナスをプレゼント！*
`巡霊の葉 X 30
`_2023-09-20 19:38:36_
--------
*e90ade675e1a9ebd16e00fa43d110e6c*
`登陆天数: 27天 / 1248天
等级: 132
石头: 2782
呼符: 46
体力: 126.23 / 138
友情点: 0 / 145385`
*連続ログイン6日目
※ログインが途切れるか、7日到達すると
1日目から再開されます*
`聖晶石 X 2
9月交換券(2023) X 1
`*日替りログインボーナス*
*開催期間中、1日1回 2週間日替りでログインボーナスをプレゼント！*
`巡霊の葉 X 30
`_2023-09-20 19:38:44_
--------
