【登录信息】
*5e4f19f5be6b017c0be348046887fd81*
`登陆天数: 56天 / 1354天
等级: 151
石头: 99
呼符: 8
体力: 55.959999999999994 / 142
友情点: 150 / 9541440`
*連続ログイン7日間到達おめでとうございます！
明日は1日目からリスタートされます。*
`獣の足跡 X 1
呼符 X 1
9月交換券(2023) X 1
`*日替りログインボーナス*
*開催期間中、1日1回 2週間日替りでログインボーナスをプレゼント！*
`巡霊の葉 X 30
`_2023-09-21 19:38:00_
--------
*f95e90c9764a4fcca8fa3648dbcdbe1b*
`登陆天数: 59天 / 1286天
等级: 128
石头: 3337
呼符: 7
体力: 44.32333333333334 / 137
友情点: 0 / 1192470`
*連続ログイン3日目
※ログインが途切れるか、7日到達すると
1日目から再開されます*
`叡智の業火 X 1
9月交換券(2023) X 1
`*日替りログインボーナス*
*開催期間中、1日1回 2週間日替りでログインボーナスをプレゼント！*
`巡霊の葉 X 30
`_2023-09-21 19:38:09_
--------
*e90ade675e1a9ebd16e00fa43d110e6c*
`登陆天数: 28天 / 1249天
等级: 132
石头: 2783
呼符: 46
体力: 56.96666666666667 / 138
友情点: 45 / 146225`
*連続ログイン7日間到達おめでとうございます！
明日は1日目からリスタートされます。*
`獣の足跡 X 1
呼符 X 1
9月交換券(2023) X 1
`*日替りログインボーナス*
*開催期間中、1日1回 2週間日替りでログインボーナスをプレゼント！*
`巡霊の葉 X 30
`_2023-09-21 19:38:17_
--------
