【登录信息】
*5e4f19f5be6b017c0be348046887fd81*
`登陆天数: 57天 / 1355天
等级: 151
石头: 101
呼符: 8
体力: 65.5 / 142
友情点: 125 / 9542240`
*連続ログイン1日目
※ログインが途切れるか、7日到達すると
1日目から再開されます*
`フレンドポイント X 2000
9月交換券(2023) X 1
`*日替りログインボーナス*
*開催期間中、1日1回 2週間日替りでログインボーナスをプレゼント！*
`聖晶石 X 2
巡霊の葉 X 100
`_2023-09-22 19:38:00_
--------
*f95e90c9764a4fcca8fa3648dbcdbe1b*
`登陆天数: 60天 / 1287天
等级: 128
石头: 3342
呼符: 7
体力: 52.04333333333334 / 137
友情点: 0 / 1193220`
*連続ログイン4日目
※ログインが途切れるか、7日到達すると
1日目から再開されます*
`聖晶石 X 1
9月交換券(2023) X 1
`*日替りログインボーナス*
*開催期間中、1日1回 2週間日替りでログインボーナスをプレゼント！*
`聖晶石 X 2
巡霊の葉 X 100
`_2023-09-22 19:38:09_
--------
*e90ade675e1a9ebd16e00fa43d110e6c*
`登陆天数: 29天 / 1250天
等级: 132
石头: 2789
呼符: 46
体力: 57.16666666666667 / 138
友情点: 70 / 146760`
*連続ログイン1日目
※ログインが途切れるか、7日到達すると
1日目から再開されます*
`フレンドポイント X 2000
9月交換券(2023) X 1
`*日替りログインボーナス*
*開催期間中、1日1回 2週間日替りでログインボーナスをプレゼント！*
`聖晶石 X 2
巡霊の葉 X 100
`_2023-09-22 19:38:17_
--------
