【登录信息】
*5e4f19f5be6b017c0be348046887fd81*
`登陆天数: 58天 / 1356天
等级: 151
石头: 102
呼符: 8
体力: 79.58 / 142
友情点: 0 / 9542840`
*連続ログイン2日目
※ログインが途切れるか、7日到達すると
1日目から再開されます*
`聖晶石 X 1
9月交換券(2023) X 1
`*日替りログインボーナス*
*開催期間中、1日1回 2週間日替りでログインボーナスをプレゼント！*
`巡霊の葉 X 30
`_2023-09-23 19:38:43_
--------
*f95e90c9764a4fcca8fa3648dbcdbe1b*
`登陆天数: 61天 / 1288天
等级: 128
石头: 3343
呼符: 7
体力: 53.85333333333334 / 137
友情点: 0 / 1193645`
*連続ログイン5日目
※ログインが途切れるか、7日到達すると
1日目から再開されます*
`叡智の業火 X 2
9月交換券(2023) X 1
`*日替りログインボーナス*
*開催期間中、1日1回 2週間日替りでログインボーナスをプレゼント！*
`巡霊の葉 X 30
`_2023-09-23 19:38:52_
--------
*e90ade675e1a9ebd16e00fa43d110e6c*
`登陆天数: 30天 / 1251天
等级: 132
石头: 2790
呼符: 46
体力: 58.22333333333333 / 138
友情点: 45 / 147400`
*連続ログイン2日目
※ログインが途切れるか、7日到達すると
1日目から再開されます*
`聖晶石 X 1
9月交換券(2023) X 1
`*日替りログインボーナス*
*開催期間中、1日1回 2週間日替りでログインボーナスをプレゼント！*
`巡霊の葉 X 30
`_2023-09-23 19:39:00_
--------
