【登录信息】
*5e4f19f5be6b017c0be348046887fd81*
`登陆天数: 59天 / 1357天
等级: 151
石头: 103
呼符: 8
体力: 80.96333333333334 / 142
友情点: 0 / 9543265`
*連続ログイン3日目
※ログインが途切れるか、7日到達すると
1日目から再開されます*
`叡智の業火 X 1
9月交換券(2023) X 1
`*日替りログインボーナス*
*開催期間中、1日1回 2週間日替りでログインボーナスをプレゼント！*
`巡霊の葉 X 30
`_2023-09-24 19:38:13_
--------
*f95e90c9764a4fcca8fa3648dbcdbe1b*
`登陆天数: 62天 / 1289天
等级: 128
石头: 3356
呼符: 7
体力: 56.24333333333334 / 137
友情点: 0 / 1194055`
*連続ログイン6日目
※ログインが途切れるか、7日到達すると
1日目から再開されます*
`聖晶石 X 2
9月交換券(2023) X 1
`*日替りログインボーナス*
*開催期間中、1日1回 2週間日替りでログインボーナスをプレゼント！*
`巡霊の葉 X 30
`_2023-09-24 19:38:23_
--------
*e90ade675e1a9ebd16e00fa43d110e6c*
`登陆天数: 31天 / 1252天
等级: 132
石头: 2791
呼符: 46
体力: 60.18666666666667 / 138
友情点: 10 / 147985`
*連続ログイン3日目
※ログインが途切れるか、7日到達すると
1日目から再開されます*
`叡智の業火 X 1
9月交換券(2023) X 1
`*日替りログインボーナス*
*開催期間中、1日1回 2週間日替りでログインボーナスをプレゼント！*
`巡霊の葉 X 30
`_2023-09-24 19:38:31_
--------
