【登录信息】
*5e4f19f5be6b017c0be348046887fd81*
`登陆天数: 60天 / 1358天
等级: 151
石头: 105
呼符: 8
体力: 70.8 / 142
友情点: 0 / 9544115`
*連続ログイン4日目
※ログインが途切れるか、7日到達すると
1日目から再開されます*
`聖晶石 X 1
9月交換券(2023) X 1
`*日替りログインボーナス*
*開催期間中、1日1回 2週間日替りでログインボーナスをプレゼント！*
`巡霊の葉 X 30
`_2023-09-25 19:38:11_
--------
*f95e90c9764a4fcca8fa3648dbcdbe1b*
`登陆天数: 63天 / 1290天
等级: 128
石头: 3358
呼符: 7
体力: 47.61 / 137
友情点: 0 / 1194905`
*連続ログイン7日間到達おめでとうございます！
明日は1日目からリスタートされます。*
`獣の足跡 X 1
呼符 X 1
9月交換券(2023) X 1
`*日替りログインボーナス*
*開催期間中、1日1回 2週間日替りでログインボーナスをプレゼント！*
`巡霊の葉 X 30
`_2023-09-25 19:38:21_
--------
*e90ade675e1a9ebd16e00fa43d110e6c*
`登陆天数: 32天 / 1253天
等级: 132
石头: 2793
呼符: 46
体力: 52.96333333333334 / 138
友情点: 70 / 150465`
*連続ログイン4日目
※ログインが途切れるか、7日到達すると
1日目から再開されます*
`聖晶石 X 1
9月交換券(2023) X 1
`*日替りログインボーナス*
*開催期間中、1日1回 2週間日替りでログインボーナスをプレゼント！*
`巡霊の葉 X 30
`_2023-09-25 19:38:29_
--------
