【登录信息】
*5e4f19f5be6b017c0be348046887fd81*
`登陆天数: 61天 / 1359天
等级: 151
石头: 135
呼符: 8
体力: 60.016666666666666 / 142
友情点: 25 / 9546090`
*連続ログイン5日目
※ログインが途切れるか、7日到達すると
1日目から再開されます*
`叡智の業火 X 2
9月交換券(2023) X 1
`*日替りログインボーナス*
*開催期間中、1日1回 2週間日替りでログインボーナスをプレゼント！*
`聖晶石 X 3
巡霊の葉 X 50
`_2023-09-26 19:38:29_
--------
*f95e90c9764a4fcca8fa3648dbcdbe1b*
`登陆天数: 64天 / 1291天
等级: 129
石头: 3373
呼符: 8
体力: 89.56 / 138
友情点: 0 / 1199080`
*連続ログイン1日目
※ログインが途切れるか、7日到達すると
1日目から再開されます*
`フレンドポイント X 2000
9月交換券(2023) X 1
`*日替りログインボーナス*
*開催期間中、1日1回 2週間日替りでログインボーナスをプレゼント！*
`聖晶石 X 3
巡霊の葉 X 50
`_2023-09-26 19:38:38_
--------
*e90ade675e1a9ebd16e00fa43d110e6c*
`登陆天数: 33天 / 1254天
等级: 132
石头: 2799
呼符: 46
体力: 109.81333333333333 / 138
友情点: 2175 / 154815`
*連続ログイン5日目
※ログインが途切れるか、7日到達すると
1日目から再開されます*
`叡智の業火 X 2
9月交換券(2023) X 1
`*日替りログインボーナス*
*開催期間中、1日1回 2週間日替りでログインボーナスをプレゼント！*
`聖晶石 X 3
巡霊の葉 X 50
`_2023-09-26 19:38:47_
--------
