【登录信息】
*5e4f19f5be6b017c0be348046887fd81*
`登陆天数: 62天 / 1360天
等级: 151
石头: 135
呼符: 8
体力: 66.94666666666667 / 142
友情点: 0 / 9546090`
*連続ログイン6日目
※ログインが途切れるか、7日到達すると
1日目から再開されます*
`聖晶石 X 2
9月交換券(2023) X 1
`*ワンジナ・ワールドツアー！ ～大精霊と巡る世界一周～開幕記念 ログインボーナス*
*開催期間中、1日1回 最大21回ログインボーナスをプレゼント！*
`白銀の果実 X 1
`_2023-09-27 19:37:54_
--------
*f95e90c9764a4fcca8fa3648dbcdbe1b*
`登陆天数: 65天 / 1292天
等级: 129
石头: 3376
呼符: 8
体力: 61.790000000000006 / 138
友情点: 0 / 1199080`
*連続ログイン2日目
※ログインが途切れるか、7日到達すると
1日目から再開されます*
`聖晶石 X 1
9月交換券(2023) X 1
`*ワンジナ・ワールドツアー！ ～大精霊と巡る世界一周～開幕記念 ログインボーナス*
*開催期間中、1日1回 最大21回ログインボーナスをプレゼント！*
`白銀の果実 X 1
`_2023-09-27 19:38:04_
--------
*e90ade675e1a9ebd16e00fa43d110e6c*
`登陆天数: 34天 / 1255天
等级: 132
石头: 2799
呼符: 46
体力: 397.7 / 138
友情点: 20 / 154835`
*連続ログイン6日目
※ログインが途切れるか、7日到達すると
1日目から再開されます*
`聖晶石 X 2
9月交換券(2023) X 1
`*ワンジナ・ワールドツアー！ ～大精霊と巡る世界一周～開幕記念 ログインボーナス*
*開催期間中、1日1回 最大21回ログインボーナスをプレゼント！*
`白銀の果実 X 1
`_2023-09-27 19:38:12_
--------
