【登录信息】
*5e4f19f5be6b017c0be348046887fd81*
`登陆天数: 63天 / 1361天
等级: 151
石头: 144
呼符: 9
体力: 74.15666666666667 / 142
友情点: 50 / 9546140`
*連続ログイン7日間到達おめでとうございます！
明日は1日目からリスタートされます。*
`獣の足跡 X 1
呼符 X 1
9月交換券(2023) X 1
`*ワンジナ・ワールドツアー！ ～大精霊と巡る世界一周～開幕記念 ログインボーナス*
*開催期間中、1日1回 最大21回ログインボーナスをプレゼント！*
`白銀の果実 X 1
`_2023-09-28 19:37:59_
--------
*f95e90c9764a4fcca8fa3648dbcdbe1b*
`登陆天数: 66天 / 1293天
等级: 129
石头: 3377
呼符: 8
体力: 47.96666666666667 / 138
友情点: 0 / 1199130`
*連続ログイン3日目
※ログインが途切れるか、7日到達すると
1日目から再開されます*
`叡智の業火 X 1
9月交換券(2023) X 1
`*ワンジナ・ワールドツアー！ ～大精霊と巡る世界一周～開幕記念 ログインボーナス*
*開催期間中、1日1回 最大21回ログインボーナスをプレゼント！*
`白銀の果実 X 1
`_2023-09-28 19:38:09_
--------
*e90ade675e1a9ebd16e00fa43d110e6c*
`登陆天数: 35天 / 1256天
等级: 132
石头: 2799
呼符: 46
体力: 685.7133333333334 / 138
友情点: 0 / 154835`
*連続ログイン7日間到達おめでとうございます！
明日は1日目からリスタートされます。*
`獣の足跡 X 1
呼符 X 1
9月交換券(2023) X 1
`*「Fate/Samurai Remnant」発売記念 特別ログインボーナス*
*開催期間中、初回ログインで「限定概念礼装」をプレゼント！*
`Samurai Remnant X 1
`_2023-09-28 19:38:17_
--------
