【登录信息】
*5e4f19f5be6b017c0be348046887fd81*
`登陆天数: 64天 / 1362天
等级: 151
石头: 148
呼符: 9
体力: 62.16333333333333 / 142
友情点: 0 / 9549010`
*連続ログイン1日目
※ログインが途切れるか、7日到達すると
1日目から再開されます*
`フレンドポイント X 2000
9月交換券(2023) X 1
`*ワンジナ・ワールドツアー！ ～大精霊と巡る世界一周～開幕記念 ログインボーナス*
*開催期間中、1日1回 最大21回ログインボーナスをプレゼント！*
`白銀の果実 X 1
`_2023-09-29 19:38:18_
--------
*f95e90c9764a4fcca8fa3648dbcdbe1b*
`登陆天数: 67天 / 1294天
等级: 130
石头: 3397
呼符: 8
体力: 64.63333333333334 / 138
友情点: 0 / 1200930`
*連続ログイン4日目
※ログインが途切れるか、7日到達すると
1日目から再開されます*
`聖晶石 X 1
9月交換券(2023) X 1
`*ワンジナ・ワールドツアー！ ～大精霊と巡る世界一周～開幕記念 ログインボーナス*
*開催期間中、1日1回 最大21回ログインボーナスをプレゼント！*
`白銀の果実 X 1
`_2023-09-29 19:38:27_
--------
*e90ade675e1a9ebd16e00fa43d110e6c*
`登陆天数: 36天 / 1257天
等级: 133
石头: 2882
呼符: 48
体力: 158.03 / 139
友情点: 180 / 157350`
*連続ログイン1日目
※ログインが途切れるか、7日到達すると
1日目から再開されます*
`フレンドポイント X 2000
9月交換券(2023) X 1
`*ワンジナ・ワールドツアー！ ～大精霊と巡る世界一周～開幕記念 ログインボーナス*
*開催期間中、1日1回 最大21回ログインボーナスをプレゼント！*
`白銀の果実 X 1
`_2023-09-29 19:38:35_
--------
